This is pdfTeX, Version 3.14159265-2.6-1.40.21 (TeX Live 2020) (preloaded format=pdflatex 2020.9.18)  7 OCT 2022 00:10
entering extended mode
 restricted \write18 enabled.
 %&-line parsing enabled.
**chapter_1.tex
(./chapter_1.tex
LaTeX2e <2020-02-02> patch level 5
L3 programming layer <2020-03-06>
! Undefined control sequence.
l.1 \chapter
            {–ú–µ—Ç–æ–¥—ã —Ñ–æ—Ä–º–∏—Ä–æ–≤–∞–Ω–∏—è —Å—Ç—Ä—É–∫—Ç—É—Ä –∏ –º–æ–...
The control sequence at the end of the top line
of your error message was never \def'ed. If you have
misspelled it (e.g., `\hobx'), type `I' and the correct
spelling (e.g., `I\hbox'). Otherwise just continue,
and I'll forget about whatever was undefined.


! Package inputenc Error: Unicode character –ú (U+041C)
(inputenc)                not set up for use with LaTeX.

See the inputenc package documentation for explanation.
Type  H <return>  for immediate help.
 ...                                              
                                                  
l.1 \chapter{–ú
               –µ—Ç–æ–¥—ã —Ñ–æ—Ä–º–∏—Ä–æ–≤–∞–Ω–∏—è —Å—Ç—Ä—É–∫—Ç—É—Ä –∏ –º–æ–...

You may provide a definition with
\DeclareUnicodeCharacter 


! Package inputenc Error: Unicode character –µ (U+0435)
(inputenc)                not set up for use with LaTeX.

See the inputenc package documentation for explanation.
Type  H <return>  for immediate help.
 ...                                              
                                                  
l.1 \chapter{–ú–µ
                 —Ç–æ–¥—ã —Ñ–æ—Ä–º–∏—Ä–æ–≤–∞–Ω–∏—è —Å—Ç—Ä—É–∫—Ç—É—Ä –∏ –º–æ–...

You may provide a definition with
\DeclareUnicodeCharacter 


! Package inputenc Error: Unicode character —Ç (U+0442)
(inputenc)                not set up for use with LaTeX.

See the inputenc package documentation for explanation.
Type  H <return>  for immediate help.
 ...                                              
                                                  
l.1 \chapter{–ú–µ—Ç
                   –æ–¥—ã —Ñ–æ—Ä–º–∏—Ä–æ–≤–∞–Ω–∏—è —Å—Ç—Ä—É–∫—Ç—É—Ä –∏ –º–æ–...

You may provide a definition with
\DeclareUnicodeCharacter 


! Package inputenc Error: Unicode character –æ (U+043E)
(inputenc)                not set up for use with LaTeX.

See the inputenc package documentation for explanation.
Type  H <return>  for immediate help.
 ...                                              
                                                  
l.1 \chapter{–ú–µ—Ç–æ
                     –¥—ã —Ñ–æ—Ä–º–∏—Ä–æ–≤–∞–Ω–∏—è —Å—Ç—Ä—É–∫—Ç—É—Ä –∏ –º–æ–...

You may provide a definition with
\DeclareUnicodeCharacter 


! Package inputenc Error: Unicode character –¥ (U+0434)
(inputenc)                not set up for use with LaTeX.

See the inputenc package documentation for explanation.
Type  H <return>  for immediate help.
 ...                                              
                                                  
l.1 \chapter{–ú–µ—Ç–æ–¥
                       —ã —Ñ–æ—Ä–º–∏—Ä–æ–≤–∞–Ω–∏—è —Å—Ç—Ä—É–∫—Ç—É—Ä –∏ –º–æ–...

You may provide a definition with
\DeclareUnicodeCharacter 


! Package inputenc Error: Unicode character —ã (U+044B)
(inputenc)                not set up for use with LaTeX.

See the inputenc package documentation for explanation.
Type  H <return>  for immediate help.
 ...                                              
                                                  
l.1 \chapter{–ú–µ—Ç–æ–¥—ã
                          —Ñ–æ—Ä–º–∏—Ä–æ–≤–∞–Ω–∏—è —Å—Ç—Ä—É–∫—Ç—É—Ä –∏ –º–æ–...

You may provide a definition with
\DeclareUnicodeCharacter 


! Package inputenc Error: Unicode character —Ñ (U+0444)
(inputenc)                not set up for use with LaTeX.

See the inputenc package documentation for explanation.
Type  H <return>  for immediate help.
 ...                                              
                                                  
l.1 \chapter{–ú–µ—Ç–æ–¥—ã —Ñ
                            –æ—Ä–º–∏—Ä–æ–≤–∞–Ω–∏—è —Å—Ç—Ä—É–∫—Ç—É—Ä –∏ –º–æ–...

You may provide a definition with
\DeclareUnicodeCharacter 


! Package inputenc Error: Unicode character –æ (U+043E)
(inputenc)                not set up for use with LaTeX.

See the inputenc package documentation for explanation.
Type  H <return>  for immediate help.
 ...                                              
                                                  
l.1 \chapter{–ú–µ—Ç–æ–¥—ã —Ñ–æ
                              —Ä–º–∏—Ä–æ–≤–∞–Ω–∏—è —Å—Ç—Ä—É–∫—Ç—É—Ä –∏ –º–æ–...

You may provide a definition with
\DeclareUnicodeCharacter 


! Package inputenc Error: Unicode character —Ä (U+0440)
(inputenc)                not set up for use with LaTeX.

See the inputenc package documentation for explanation.
Type  H <return>  for immediate help.
 ...                                              
                                                  
l.1 \chapter{–ú–µ—Ç–æ–¥—ã —Ñ–æ—Ä
                                –º–∏—Ä–æ–≤–∞–Ω–∏—è —Å—Ç—Ä—É–∫—Ç—É—Ä –∏ –º–æ–...

You may provide a definition with
\DeclareUnicodeCharacter 


! Package inputenc Error: Unicode character –º (U+043C)
(inputenc)                not set up for use with LaTeX.

See the inputenc package documentation for explanation.
Type  H <return>  for immediate help.
 ...                                              
                                                  
l.1 \chapter{–ú–µ—Ç–æ–¥—ã —Ñ–æ—Ä–º
                                  –∏—Ä–æ–≤–∞–Ω–∏—è —Å—Ç—Ä—É–∫—Ç—É—Ä –∏ –º–æ–...

You may provide a definition with
\DeclareUnicodeCharacter 


! Package inputenc Error: Unicode character –∏ (U+0438)
(inputenc)                not set up for use with LaTeX.

See the inputenc package documentation for explanation.
Type  H <return>  for immediate help.
 ...                                              
                                                  
l.1 \chapter{–ú–µ—Ç–æ–¥—ã —Ñ–æ—Ä–º–∏
                                    —Ä–æ–≤–∞–Ω–∏—è —Å—Ç—Ä—É–∫—Ç—É—Ä –∏ –º–æ–...

You may provide a definition with
\DeclareUnicodeCharacter 


! Package inputenc Error: Unicode character —Ä (U+0440)
(inputenc)                not set up for use with LaTeX.

See the inputenc package documentation for explanation.
Type  H <return>  for immediate help.
 ...                                              
                                                  
l.1 \chapter{–ú–µ—Ç–æ–¥—ã —Ñ–æ—Ä–º–∏—Ä
                                      –æ–≤–∞–Ω–∏—è —Å—Ç—Ä—É–∫—Ç—É—Ä –∏ –º–æ–...

You may provide a definition with
\DeclareUnicodeCharacter 


! Package inputenc Error: Unicode character –æ (U+043E)
(inputenc)                not set up for use with LaTeX.

See the inputenc package documentation for explanation.
Type  H <return>  for immediate help.
 ...                                              
                                                  
l.1 \chapter{–ú–µ—Ç–æ–¥—ã —Ñ–æ—Ä–º–∏—Ä–æ
                                        –≤–∞–Ω–∏—è —Å—Ç—Ä—É–∫—Ç—É—Ä –∏ –º–æ–...

You may provide a definition with
\DeclareUnicodeCharacter 


! Package inputenc Error: Unicode character –≤ (U+0432)
(inputenc)                not set up for use with LaTeX.

See the inputenc package documentation for explanation.
Type  H <return>  for immediate help.
 ...                                              
                                                  
l.1 \chapter{–ú–µ—Ç–æ–¥—ã —Ñ–æ—Ä–º–∏—Ä–æ–≤
                                          –∞–Ω–∏—è —Å—Ç—Ä—É–∫—Ç—É—Ä –∏ –º–æ–...

You may provide a definition with
\DeclareUnicodeCharacter 


! Package inputenc Error: Unicode character –∞ (U+0430)
(inputenc)                not set up for use with LaTeX.

See the inputenc package documentation for explanation.
Type  H <return>  for immediate help.
 ...                                              
                                                  
l.1 \chapter{–ú–µ—Ç–æ–¥—ã —Ñ–æ—Ä–º–∏—Ä–æ–≤–∞
                                            –Ω–∏—è —Å—Ç—Ä—É–∫—Ç—É—Ä –∏ –º–æ–...

You may provide a definition with
\DeclareUnicodeCharacter 


! Package inputenc Error: Unicode character –Ω (U+043D)
(inputenc)                not set up for use with LaTeX.

See the inputenc package documentation for explanation.
Type  H <return>  for immediate help.
 ...                                              
                                                  
l.1 \chapter{–ú–µ—Ç–æ–¥—ã —Ñ–æ—Ä–º–∏—Ä–æ–≤–∞–Ω
                                              –∏—è —Å—Ç—Ä—É–∫—Ç—É—Ä –∏ –º–æ–...

You may provide a definition with
\DeclareUnicodeCharacter 


! Package inputenc Error: Unicode character –∏ (U+0438)
(inputenc)                not set up for use with LaTeX.

See the inputenc package documentation for explanation.
Type  H <return>  for immediate help.
 ...                                              
                                                  
l.1 \chapter{–ú–µ—Ç–æ–¥—ã —Ñ–æ—Ä–º–∏—Ä–æ–≤–∞–Ω–∏
                                                —è —Å—Ç—Ä—É–∫—Ç—É—Ä –∏ –º–æ–...

You may provide a definition with
\DeclareUnicodeCharacter 


! Package inputenc Error: Unicode character —è (U+044F)
(inputenc)                not set up for use with LaTeX.

See the inputenc package documentation for explanation.
Type  H <return>  for immediate help.
 ...                                              
                                                  
l.1 \chapter{–ú–µ—Ç–æ–¥—ã —Ñ–æ—Ä–º–∏—Ä–æ–≤–∞–Ω–∏—è
                                                   —Å—Ç—Ä—É–∫—Ç—É—Ä –∏ –º–æ–...

You may provide a definition with
\DeclareUnicodeCharacter 


! Package inputenc Error: Unicode character —Å (U+0441)
(inputenc)                not set up for use with LaTeX.

See the inputenc package documentation for explanation.
Type  H <return>  for immediate help.
 ...                                              
                                                  
l.1 ...er{–ú–µ—Ç–æ–¥—ã —Ñ–æ—Ä–º–∏—Ä–æ–≤–∞–Ω–∏—è —Å
                                                  —Ç—Ä—É–∫—Ç—É—Ä –∏ –º–æ–¥–µ...

You may provide a definition with
\DeclareUnicodeCharacter 


! Package inputenc Error: Unicode character —Ç (U+0442)
(inputenc)                not set up for use with LaTeX.

See the inputenc package documentation for explanation.
Type  H <return>  for immediate help.
 ...                                              
                                                  
l.1 ...{–ú–µ—Ç–æ–¥—ã —Ñ–æ—Ä–º–∏—Ä–æ–≤–∞–Ω–∏—è —Å—Ç
                                                  —Ä—É–∫—Ç—É—Ä –∏ –º–æ–¥–µ–ª...

You may provide a definition with
\DeclareUnicodeCharacter 


! Package inputenc Error: Unicode character —Ä (U+0440)
(inputenc)                not set up for use with LaTeX.

See the inputenc package documentation for explanation.
Type  H <return>  for immediate help.
 ...                                              
                                                  
l.1 ...ú–µ—Ç–æ–¥—ã —Ñ–æ—Ä–º–∏—Ä–æ–≤–∞–Ω–∏—è —Å—Ç—Ä
                                                  —É–∫—Ç—É—Ä –∏ –º–æ–¥–µ–ª–∏...

You may provide a definition with
\DeclareUnicodeCharacter 


! Package inputenc Error: Unicode character —É (U+0443)
(inputenc)                not set up for use with LaTeX.

See the inputenc package documentation for explanation.
Type  H <return>  for immediate help.
 ...                                              
                                                  
l.1 ...µ—Ç–æ–¥—ã —Ñ–æ—Ä–º–∏—Ä–æ–≤–∞–Ω–∏—è —Å—Ç—Ä—É
                                                  –∫—Ç—É—Ä –∏ –º–æ–¥–µ–ª–∏—Ä...

You may provide a definition with
\DeclareUnicodeCharacter 


! Package inputenc Error: Unicode character –∫ (U+043A)
(inputenc)                not set up for use with LaTeX.

See the inputenc package documentation for explanation.
Type  H <return>  for immediate help.
 ...                                              
                                                  
l.1 ...Ç–æ–¥—ã —Ñ–æ—Ä–º–∏—Ä–æ–≤–∞–Ω–∏—è —Å—Ç—Ä—É–∫
                                                  —Ç—É—Ä –∏ –º–æ–¥–µ–ª–∏—Ä–æ...

You may provide a definition with
\DeclareUnicodeCharacter 


! Package inputenc Error: Unicode character —Ç (U+0442)
(inputenc)                not set up for use with LaTeX.

See the inputenc package documentation for explanation.
Type  H <return>  for immediate help.
 ...                                              
                                                  
l.1 ...æ–¥—ã —Ñ–æ—Ä–º–∏—Ä–æ–≤–∞–Ω–∏—è —Å—Ç—Ä—É–∫—Ç
                                                  —É—Ä –∏ –º–æ–¥–µ–ª–∏—Ä–æ–≤...

You may provide a definition with
\DeclareUnicodeCharacter 


! Package inputenc Error: Unicode character —É (U+0443)
(inputenc)                not set up for use with LaTeX.

See the inputenc package documentation for explanation.
Type  H <return>  for immediate help.
 ...                                              
                                                  
l.1 ...¥—ã —Ñ–æ—Ä–º–∏—Ä–æ–≤–∞–Ω–∏—è —Å—Ç—Ä—É–∫—Ç—É
                                                  —Ä –∏ –º–æ–¥–µ–ª–∏—Ä–æ–≤–∞...

You may provide a definition with
\DeclareUnicodeCharacter 


! Package inputenc Error: Unicode character —Ä (U+0440)
(inputenc)                not set up for use with LaTeX.

See the inputenc package documentation for explanation.
Type  H <return>  for immediate help.
 ...                                              
                                                  
l.1 ...ã —Ñ–æ—Ä–º–∏—Ä–æ–≤–∞–Ω–∏—è —Å—Ç—Ä—É–∫—Ç—É—Ä
                                                   –∏ –º–æ–¥–µ–ª–∏—Ä–æ–≤–∞–Ω...

You may provide a definition with
\DeclareUnicodeCharacter 


! Package inputenc Error: Unicode character –∏ (U+0438)
(inputenc)                not set up for use with LaTeX.

See the inputenc package documentation for explanation.
Type  H <return>  for immediate help.
 ...                                              
                                                  
l.1 ...Ñ–æ—Ä–º–∏—Ä–æ–≤–∞–Ω–∏—è —Å—Ç—Ä—É–∫—Ç—É—Ä –∏
                                                   –º–æ–¥–µ–ª–∏—Ä–æ–≤–∞–Ω–∏—...

You may provide a definition with
\DeclareUnicodeCharacter 


! Package inputenc Error: Unicode character –º (U+043C)
(inputenc)                not set up for use with LaTeX.

See the inputenc package documentation for explanation.
Type  H <return>  for immediate help.
 ...                                              
                                                  
l.1 ...—Ä–º–∏—Ä–æ–≤–∞–Ω–∏—è —Å—Ç—Ä—É–∫—Ç—É—Ä –∏ –º
                                                  –æ–¥–µ–ª–∏—Ä–æ–≤–∞–Ω–∏—è} ...

You may provide a definition with
\DeclareUnicodeCharacter 


! Package inputenc Error: Unicode character –æ (U+043E)
(inputenc)                not set up for use with LaTeX.

See the inputenc package documentation for explanation.
Type  H <return>  for immediate help.
 ...                                              
                                                  
l.1 ...–º–∏—Ä–æ–≤–∞–Ω–∏—è —Å—Ç—Ä—É–∫—Ç—É—Ä –∏ –º–æ
                                                  –¥–µ–ª–∏—Ä–æ–≤–∞–Ω–∏—è} \l...

You may provide a definition with
\DeclareUnicodeCharacter 


! Package inputenc Error: Unicode character –¥ (U+0434)
(inputenc)                not set up for use with LaTeX.

See the inputenc package documentation for explanation.
Type  H <return>  for immediate help.
 ...                                              
                                                  
l.1 ...–∏—Ä–æ–≤–∞–Ω–∏—è —Å—Ç—Ä—É–∫—Ç—É—Ä –∏ –º–æ–¥
                                                  –µ–ª–∏—Ä–æ–≤–∞–Ω–∏—è} \lab...

You may provide a definition with
\DeclareUnicodeCharacter 


! Package inputenc Error: Unicode character –µ (U+0435)
(inputenc)                not set up for use with LaTeX.

See the inputenc package documentation for explanation.
Type  H <return>  for immediate help.
 ...                                              
                                                  
l.1 ...—Ä–æ–≤–∞–Ω–∏—è —Å—Ç—Ä—É–∫—Ç—É—Ä –∏ –º–æ–¥–µ
                                                  –ª–∏—Ä–æ–≤–∞–Ω–∏—è} \label...

You may provide a definition with
\DeclareUnicodeCharacter 


! Package inputenc Error: Unicode character –ª (U+043B)
(inputenc)                not set up for use with LaTeX.

See the inputenc package documentation for explanation.
Type  H <return>  for immediate help.
 ...                                              
                                                  
l.1 ...–æ–≤–∞–Ω–∏—è —Å—Ç—Ä—É–∫—Ç—É—Ä –∏ –º–æ–¥–µ–ª
                                                  –∏—Ä–æ–≤–∞–Ω–∏—è} \label{c...

You may provide a definition with
\DeclareUnicodeCharacter 


! Package inputenc Error: Unicode character –∏ (U+0438)
(inputenc)                not set up for use with LaTeX.

See the inputenc package documentation for explanation.
Type  H <return>  for immediate help.
 ...                                              
                                                  
l.1 ...–≤–∞–Ω–∏—è —Å—Ç—Ä—É–∫—Ç—É—Ä –∏ –º–æ–¥–µ–ª–∏
                                                  —Ä–æ–≤–∞–Ω–∏—è} \label{cha...

You may provide a definition with
\DeclareUnicodeCharacter 


! Package inputenc Error: Unicode character —Ä (U+0440)
(inputenc)                not set up for use with LaTeX.

See the inputenc package documentation for explanation.
Type  H <return>  for immediate help.
 ...                                              
                                                  
l.1 ...–∞–Ω–∏—è —Å—Ç—Ä—É–∫—Ç—É—Ä –∏ –º–æ–¥–µ–ª–∏—Ä
                                                  –æ–≤–∞–Ω–∏—è} \label{chapt...

You may provide a definition with
\DeclareUnicodeCharacter 


! Package inputenc Error: Unicode character –æ (U+043E)
(inputenc)                not set up for use with LaTeX.

See the inputenc package documentation for explanation.
Type  H <return>  for immediate help.
 ...                                              
                                                  
l.1 ...–Ω–∏—è —Å—Ç—Ä—É–∫—Ç—É—Ä –∏ –º–æ–¥–µ–ª–∏—Ä–æ
                                                  –≤–∞–Ω–∏—è} \label{chapter...

You may provide a definition with
\DeclareUnicodeCharacter 


! Package inputenc Error: Unicode character –≤ (U+0432)
(inputenc)                not set up for use with LaTeX.

See the inputenc package documentation for explanation.
Type  H <return>  for immediate help.
 ...                                              
                                                  
l.1 ...–∏—è —Å—Ç—Ä—É–∫—Ç—É—Ä –∏ –º–æ–¥–µ–ª–∏—Ä–æ–≤
                                                  –∞–Ω–∏—è} \label{chapter:m...

You may provide a definition with
\DeclareUnicodeCharacter 


! Package inputenc Error: Unicode character –∞ (U+0430)
(inputenc)                not set up for use with LaTeX.

See the inputenc package documentation for explanation.
Type  H <return>  for immediate help.
 ...                                              
                                                  
l.1 ...—è —Å—Ç—Ä—É–∫—Ç—É—Ä –∏ –º–æ–¥–µ–ª–∏—Ä–æ–≤–∞
                                                  –Ω–∏—è} \label{chapter:met...

You may provide a definition with
\DeclareUnicodeCharacter 


! Package inputenc Error: Unicode character –Ω (U+043D)
(inputenc)                not set up for use with LaTeX.

See the inputenc package documentation for explanation.
Type  H <return>  for immediate help.
 ...                                              
                                                  
l.1 ... —Å—Ç—Ä—É–∫—Ç—É—Ä –∏ –º–æ–¥–µ–ª–∏—Ä–æ–≤–∞–Ω
                                                  –∏—è} \label{chapter:methods}

You may provide a definition with
\DeclareUnicodeCharacter 


! Package inputenc Error: Unicode character –∏ (U+0438)
(inputenc)                not set up for use with LaTeX.

See the inputenc package documentation for explanation.
Type  H <return>  for immediate help.
 ...                                              
                                                  
l.1 ...Å—Ç—Ä—É–∫—Ç—É—Ä –∏ –º–æ–¥–µ–ª–∏—Ä–æ–≤–∞–Ω–∏
                                                  —è} \label{chapter:methods}
You may provide a definition with
\DeclareUnicodeCharacter 


! Package inputenc Error: Unicode character —è (U+044F)
(inputenc)                not set up for use with LaTeX.

See the inputenc package documentation for explanation.
Type  H <return>  for immediate help.
 ...                                              
                                                  
l.1 ...Ç—Ä—É–∫—Ç—É—Ä –∏ –º–æ–¥–µ–ª–∏—Ä–æ–≤–∞–Ω–∏—è
                                                  } \label{chapter:methods}
You may provide a definition with
\DeclareUnicodeCharacter 


! LaTeX Error: File `text/sec_fabr_methods.tex' not found.

Type X to quit or <RETURN> to proceed,
or enter new name. (Default extension: tex)

Enter file name: 
! Emergency stop.
<read *> 
         
l.5 \input{text/sec_fabr_methods}
                                 ^^M
*** (cannot \read from terminal in nonstop modes)

 
Here is how much of TeX's memory you used:
 37 strings out of 480608
 522 string characters out of 5903630
 239610 words of memory out of 5000000
 16028 multiletter control sequences out of 15000+600000
 532338 words of font info for 24 fonts, out of 8000000 for 9000
 1141 hyphenation exceptions out of 8191
 12i,0n,15p,457b,34s stack positions out of 5000i,500n,10000p,200000b,80000s
!  ==> Fatal error occurred, no output PDF file produced!
