This is pdfTeX, Version 3.14159265-2.6-1.40.21 (TeX Live 2020) (preloaded format=pdflatex 2020.9.18)  7 OCT 2022 00:10
entering extended mode
 restricted \write18 enabled.
 %&-line parsing enabled.
**sec_DEBER.tex
(./sec_DEBER.tex
LaTeX2e <2020-02-02> patch level 5
L3 programming layer <2020-03-06>
! Undefined control sequence.
l.1 \section
            {–¢–µ—Ä–º–æ—Å—Ç–∏–º—É–ª–∏—Ä–æ–≤–∞–Ω–Ω–∞—è —ç–ª–µ–∫—Ç—Ä–æ–Ω–Ω–æ-–...
The control sequence at the end of the top line
of your error message was never \def'ed. If you have
misspelled it (e.g., `\hobx'), type `I' and the correct
spelling (e.g., `I\hbox'). Otherwise just continue,
and I'll forget about whatever was undefined.


! Package inputenc Error: Unicode character –¢ (U+0422)
(inputenc)                not set up for use with LaTeX.

See the inputenc package documentation for explanation.
Type  H <return>  for immediate help.
 ...                                              
                                                  
l.1 \section{–¢
               –µ—Ä–º–æ—Å—Ç–∏–º—É–ª–∏—Ä–æ–≤–∞–Ω–Ω–∞—è —ç–ª–µ–∫—Ç—Ä–æ–Ω–Ω–æ-–...

You may provide a definition with
\DeclareUnicodeCharacter 


! Package inputenc Error: Unicode character –µ (U+0435)
(inputenc)                not set up for use with LaTeX.

See the inputenc package documentation for explanation.
Type  H <return>  for immediate help.
 ...                                              
                                                  
l.1 \section{–¢–µ
                 —Ä–º–æ—Å—Ç–∏–º—É–ª–∏—Ä–æ–≤–∞–Ω–Ω–∞—è —ç–ª–µ–∫—Ç—Ä–æ–Ω–Ω–æ-–...

You may provide a definition with
\DeclareUnicodeCharacter 


! Package inputenc Error: Unicode character —Ä (U+0440)
(inputenc)                not set up for use with LaTeX.

See the inputenc package documentation for explanation.
Type  H <return>  for immediate help.
 ...                                              
                                                  
l.1 \section{–¢–µ—Ä
                   –º–æ—Å—Ç–∏–º—É–ª–∏—Ä–æ–≤–∞–Ω–Ω–∞—è —ç–ª–µ–∫—Ç—Ä–æ–Ω–Ω–æ-–...

You may provide a definition with
\DeclareUnicodeCharacter 


! Package inputenc Error: Unicode character –º (U+043C)
(inputenc)                not set up for use with LaTeX.

See the inputenc package documentation for explanation.
Type  H <return>  for immediate help.
 ...                                              
                                                  
l.1 \section{–¢–µ—Ä–º
                     –æ—Å—Ç–∏–º—É–ª–∏—Ä–æ–≤–∞–Ω–Ω–∞—è —ç–ª–µ–∫—Ç—Ä–æ–Ω–Ω–æ-–...

You may provide a definition with
\DeclareUnicodeCharacter 


! Package inputenc Error: Unicode character –æ (U+043E)
(inputenc)                not set up for use with LaTeX.

See the inputenc package documentation for explanation.
Type  H <return>  for immediate help.
 ...                                              
                                                  
l.1 \section{–¢–µ—Ä–º–æ
                       —Å—Ç–∏–º—É–ª–∏—Ä–æ–≤–∞–Ω–Ω–∞—è —ç–ª–µ–∫—Ç—Ä–æ–Ω–Ω–æ-–...

You may provide a definition with
\DeclareUnicodeCharacter 


! Package inputenc Error: Unicode character —Å (U+0441)
(inputenc)                not set up for use with LaTeX.

See the inputenc package documentation for explanation.
Type  H <return>  for immediate help.
 ...                                              
                                                  
l.1 \section{–¢–µ—Ä–º–æ—Å
                         —Ç–∏–º—É–ª–∏—Ä–æ–≤–∞–Ω–Ω–∞—è —ç–ª–µ–∫—Ç—Ä–æ–Ω–Ω–æ-–...

You may provide a definition with
\DeclareUnicodeCharacter 


! Package inputenc Error: Unicode character —Ç (U+0442)
(inputenc)                not set up for use with LaTeX.

See the inputenc package documentation for explanation.
Type  H <return>  for immediate help.
 ...                                              
                                                  
l.1 \section{–¢–µ—Ä–º–æ—Å—Ç
                           –∏–º—É–ª–∏—Ä–æ–≤–∞–Ω–Ω–∞—è —ç–ª–µ–∫—Ç—Ä–æ–Ω–Ω–æ-–...

You may provide a definition with
\DeclareUnicodeCharacter 


! Package inputenc Error: Unicode character –∏ (U+0438)
(inputenc)                not set up for use with LaTeX.

See the inputenc package documentation for explanation.
Type  H <return>  for immediate help.
 ...                                              
                                                  
l.1 \section{–¢–µ—Ä–º–æ—Å—Ç–∏
                             –º—É–ª–∏—Ä–æ–≤–∞–Ω–Ω–∞—è —ç–ª–µ–∫—Ç—Ä–æ–Ω–Ω–æ-–...

You may provide a definition with
\DeclareUnicodeCharacter 


! Package inputenc Error: Unicode character –º (U+043C)
(inputenc)                not set up for use with LaTeX.

See the inputenc package documentation for explanation.
Type  H <return>  for immediate help.
 ...                                              
                                                  
l.1 \section{–¢–µ—Ä–º–æ—Å—Ç–∏–º
                               —É–ª–∏—Ä–æ–≤–∞–Ω–Ω–∞—è —ç–ª–µ–∫—Ç—Ä–æ–Ω–Ω–æ-–...

You may provide a definition with
\DeclareUnicodeCharacter 


! Package inputenc Error: Unicode character —É (U+0443)
(inputenc)                not set up for use with LaTeX.

See the inputenc package documentation for explanation.
Type  H <return>  for immediate help.
 ...                                              
                                                  
l.1 \section{–¢–µ—Ä–º–æ—Å—Ç–∏–º—É
                                 –ª–∏—Ä–æ–≤–∞–Ω–Ω–∞—è —ç–ª–µ–∫—Ç—Ä–æ–Ω–Ω–æ-–...

You may provide a definition with
\DeclareUnicodeCharacter 


! Package inputenc Error: Unicode character –ª (U+043B)
(inputenc)                not set up for use with LaTeX.

See the inputenc package documentation for explanation.
Type  H <return>  for immediate help.
 ...                                              
                                                  
l.1 \section{–¢–µ—Ä–º–æ—Å—Ç–∏–º—É–ª
                                   –∏—Ä–æ–≤–∞–Ω–Ω–∞—è —ç–ª–µ–∫—Ç—Ä–æ–Ω–Ω–æ-–...

You may provide a definition with
\DeclareUnicodeCharacter 


! Package inputenc Error: Unicode character –∏ (U+0438)
(inputenc)                not set up for use with LaTeX.

See the inputenc package documentation for explanation.
Type  H <return>  for immediate help.
 ...                                              
                                                  
l.1 \section{–¢–µ—Ä–º–æ—Å—Ç–∏–º—É–ª–∏
                                     —Ä–æ–≤–∞–Ω–Ω–∞—è —ç–ª–µ–∫—Ç—Ä–æ–Ω–Ω–æ-–...

You may provide a definition with
\DeclareUnicodeCharacter 


! Package inputenc Error: Unicode character —Ä (U+0440)
(inputenc)                not set up for use with LaTeX.

See the inputenc package documentation for explanation.
Type  H <return>  for immediate help.
 ...                                              
                                                  
l.1 \section{–¢–µ—Ä–º–æ—Å—Ç–∏–º—É–ª–∏—Ä
                                       –æ–≤–∞–Ω–Ω–∞—è —ç–ª–µ–∫—Ç—Ä–æ–Ω–Ω–æ-–...

You may provide a definition with
\DeclareUnicodeCharacter 


! Package inputenc Error: Unicode character –æ (U+043E)
(inputenc)                not set up for use with LaTeX.

See the inputenc package documentation for explanation.
Type  H <return>  for immediate help.
 ...                                              
                                                  
l.1 \section{–¢–µ—Ä–º–æ—Å—Ç–∏–º—É–ª–∏—Ä–æ
                                         –≤–∞–Ω–Ω–∞—è —ç–ª–µ–∫—Ç—Ä–æ–Ω–Ω–æ-–...

You may provide a definition with
\DeclareUnicodeCharacter 


! Package inputenc Error: Unicode character –≤ (U+0432)
(inputenc)                not set up for use with LaTeX.

See the inputenc package documentation for explanation.
Type  H <return>  for immediate help.
 ...                                              
                                                  
l.1 \section{–¢–µ—Ä–º–æ—Å—Ç–∏–º—É–ª–∏—Ä–æ–≤
                                           –∞–Ω–Ω–∞—è —ç–ª–µ–∫—Ç—Ä–æ–Ω–Ω–æ-–...

You may provide a definition with
\DeclareUnicodeCharacter 


! Package inputenc Error: Unicode character –∞ (U+0430)
(inputenc)                not set up for use with LaTeX.

See the inputenc package documentation for explanation.
Type  H <return>  for immediate help.
 ...                                              
                                                  
l.1 \section{–¢–µ—Ä–º–æ—Å—Ç–∏–º—É–ª–∏—Ä–æ–≤–∞
                                             –Ω–Ω–∞—è —ç–ª–µ–∫—Ç—Ä–æ–Ω–Ω–æ-–...

You may provide a definition with
\DeclareUnicodeCharacter 


! Package inputenc Error: Unicode character –Ω (U+043D)
(inputenc)                not set up for use with LaTeX.

See the inputenc package documentation for explanation.
Type  H <return>  for immediate help.
 ...                                              
                                                  
l.1 \section{–¢–µ—Ä–º–æ—Å—Ç–∏–º—É–ª–∏—Ä–æ–≤–∞–Ω
                                               –Ω–∞—è —ç–ª–µ–∫—Ç—Ä–æ–Ω–Ω–æ-–...

You may provide a definition with
\DeclareUnicodeCharacter 


! Package inputenc Error: Unicode character –Ω (U+043D)
(inputenc)                not set up for use with LaTeX.

See the inputenc package documentation for explanation.
Type  H <return>  for immediate help.
 ...                                              
                                                  
l.1 \section{–¢–µ—Ä–º–æ—Å—Ç–∏–º—É–ª–∏—Ä–æ–≤–∞–Ω–Ω
                                                 –∞—è —ç–ª–µ–∫—Ç—Ä–æ–Ω–Ω–æ-–...

You may provide a definition with
\DeclareUnicodeCharacter 


! Package inputenc Error: Unicode character –∞ (U+0430)
(inputenc)                not set up for use with LaTeX.

See the inputenc package documentation for explanation.
Type  H <return>  for immediate help.
 ...                                              
                                                  
l.1 ...tion{–¢–µ—Ä–º–æ—Å—Ç–∏–º—É–ª–∏—Ä–æ–≤–∞–Ω–Ω–∞
                                                  —è —ç–ª–µ–∫—Ç—Ä–æ–Ω–Ω–æ-–ª...

You may provide a definition with
\DeclareUnicodeCharacter 


! Package inputenc Error: Unicode character —è (U+044F)
(inputenc)                not set up for use with LaTeX.

See the inputenc package documentation for explanation.
Type  H <return>  for immediate help.
 ...                                              
                                                  
l.1 ...on{–¢–µ—Ä–º–æ—Å—Ç–∏–º—É–ª–∏—Ä–æ–≤–∞–Ω–Ω–∞—è
                                                   —ç–ª–µ–∫—Ç—Ä–æ–Ω–Ω–æ-–ª—É...

You may provide a definition with
\DeclareUnicodeCharacter 


! Package inputenc Error: Unicode character —ç (U+044D)
(inputenc)                not set up for use with LaTeX.

See the inputenc package documentation for explanation.
Type  H <return>  for immediate help.
 ...                                              
                                                  
l.1 ...–¢–µ—Ä–º–æ—Å—Ç–∏–º—É–ª–∏—Ä–æ–≤–∞–Ω–Ω–∞—è —ç
                                                  –ª–µ–∫—Ç—Ä–æ–Ω–Ω–æ-–ª—É—á–...

You may provide a definition with
\DeclareUnicodeCharacter 


! Package inputenc Error: Unicode character –ª (U+043B)
(inputenc)                not set up for use with LaTeX.

See the inputenc package documentation for explanation.
Type  H <return>  for immediate help.
 ...                                              
                                                  
l.1 ...–µ—Ä–º–æ—Å—Ç–∏–º—É–ª–∏—Ä–æ–≤–∞–Ω–Ω–∞—è —ç–ª
                                                  –µ–∫—Ç—Ä–æ–Ω–Ω–æ-–ª—É—á–µ–...

You may provide a definition with
\DeclareUnicodeCharacter 


! Package inputenc Error: Unicode character –µ (U+0435)
(inputenc)                not set up for use with LaTeX.

See the inputenc package documentation for explanation.
Type  H <return>  for immediate help.
 ...                                              
                                                  
l.1 ...—Ä–º–æ—Å—Ç–∏–º—É–ª–∏—Ä–æ–≤–∞–Ω–Ω–∞—è —ç–ª–µ
                                                  –∫—Ç—Ä–æ–Ω–Ω–æ-–ª—É—á–µ–≤–...

You may provide a definition with
\DeclareUnicodeCharacter 


! Package inputenc Error: Unicode character –∫ (U+043A)
(inputenc)                not set up for use with LaTeX.

See the inputenc package documentation for explanation.
Type  H <return>  for immediate help.
 ...                                              
                                                  
l.1 ...–º–æ—Å—Ç–∏–º—É–ª–∏—Ä–æ–≤–∞–Ω–Ω–∞—è —ç–ª–µ–∫
                                                  —Ç—Ä–æ–Ω–Ω–æ-–ª—É—á–µ–≤–∞—...

You may provide a definition with
\DeclareUnicodeCharacter 


! Package inputenc Error: Unicode character —Ç (U+0442)
(inputenc)                not set up for use with LaTeX.

See the inputenc package documentation for explanation.
Type  H <return>  for immediate help.
 ...                                              
                                                  
l.1 ...–æ—Å—Ç–∏–º—É–ª–∏—Ä–æ–≤–∞–Ω–Ω–∞—è —ç–ª–µ–∫—Ç
                                                  —Ä–æ–Ω–Ω–æ-–ª—É—á–µ–≤–∞—è ...

You may provide a definition with
\DeclareUnicodeCharacter 


! Package inputenc Error: Unicode character —Ä (U+0440)
(inputenc)                not set up for use with LaTeX.

See the inputenc package documentation for explanation.
Type  H <return>  for immediate help.
 ...                                              
                                                  
l.1 ...—Å—Ç–∏–º—É–ª–∏—Ä–æ–≤–∞–Ω–Ω–∞—è —ç–ª–µ–∫—Ç—Ä
                                                  –æ–Ω–Ω–æ-–ª—É—á–µ–≤–∞—è –ª...

You may provide a definition with
\DeclareUnicodeCharacter 


! Package inputenc Error: Unicode character –æ (U+043E)
(inputenc)                not set up for use with LaTeX.

See the inputenc package documentation for explanation.
Type  H <return>  for immediate help.
 ...                                              
                                                  
l.1 ...—Ç–∏–º—É–ª–∏—Ä–æ–≤–∞–Ω–Ω–∞—è —ç–ª–µ–∫—Ç—Ä–æ
                                                  –Ω–Ω–æ-–ª—É—á–µ–≤–∞—è –ª–∏...

You may provide a definition with
\DeclareUnicodeCharacter 


! Package inputenc Error: Unicode character –Ω (U+043D)
(inputenc)                not set up for use with LaTeX.

See the inputenc package documentation for explanation.
Type  H <return>  for immediate help.
 ...                                              
                                                  
l.1 ...–∏–º—É–ª–∏—Ä–æ–≤–∞–Ω–Ω–∞—è —ç–ª–µ–∫—Ç—Ä–æ–Ω
                                                  –Ω–æ-–ª—É—á–µ–≤–∞—è –ª–∏—Ç...

You may provide a definition with
\DeclareUnicodeCharacter 


! Package inputenc Error: Unicode character –Ω (U+043D)
(inputenc)                not set up for use with LaTeX.

See the inputenc package documentation for explanation.
Type  H <return>  for immediate help.
 ...                                              
                                                  
l.1 ...–º—É–ª–∏—Ä–æ–≤–∞–Ω–Ω–∞—è —ç–ª–µ–∫—Ç—Ä–æ–Ω–Ω
                                                  –æ-–ª—É—á–µ–≤–∞—è –ª–∏—Ç–æ...

You may provide a definition with
\DeclareUnicodeCharacter 


! Package inputenc Error: Unicode character –æ (U+043E)
(inputenc)                not set up for use with LaTeX.

See the inputenc package documentation for explanation.
Type  H <return>  for immediate help.
 ...                                              
                                                  
l.1 ...—É–ª–∏—Ä–æ–≤–∞–Ω–Ω–∞—è —ç–ª–µ–∫—Ç—Ä–æ–Ω–Ω–æ
                                                  -–ª—É—á–µ–≤–∞—è –ª–∏—Ç–æ–≥...

You may provide a definition with
\DeclareUnicodeCharacter 


! LaTeX Error: Missing \begin{document}.

See the LaTeX manual or LaTeX Companion for explanation.
Type  H <return>  for immediate help.
 ...                                              
                                                  
l.1 ...É–ª–∏—Ä–æ–≤–∞–Ω–Ω–∞—è —ç–ª–µ–∫—Ç—Ä–æ–Ω–Ω–æ-
                                                  –ª—É—á–µ–≤–∞—è –ª–∏—Ç–æ–≥—...

You're in trouble here.  Try typing  <return>  to proceed.
If that doesn't work, type  X <return>  to quit.

Missing character: There is no - in font nullfont!

! Package inputenc Error: Unicode character –ª (U+043B)
(inputenc)                not set up for use with LaTeX.

See the inputenc package documentation for explanation.
Type  H <return>  for immediate help.
 ...                                              
                                                  
l.1 ...ª–∏—Ä–æ–≤–∞–Ω–Ω–∞—è —ç–ª–µ–∫—Ç—Ä–æ–Ω–Ω–æ-–ª
                                                  —É—á–µ–≤–∞—è –ª–∏—Ç–æ–≥—Ä–...

You may provide a definition with
\DeclareUnicodeCharacter 


! Package inputenc Error: Unicode character —É (U+0443)
(inputenc)                not set up for use with LaTeX.

See the inputenc package documentation for explanation.
Type  H <return>  for immediate help.
 ...                                              
                                                  
l.1 ...∏—Ä–æ–≤–∞–Ω–Ω–∞—è —ç–ª–µ–∫—Ç—Ä–æ–Ω–Ω–æ-–ª—É
                                                  —á–µ–≤–∞—è –ª–∏—Ç–æ–≥—Ä–∞—...

You may provide a definition with
\DeclareUnicodeCharacter 


! Package inputenc Error: Unicode character —á (U+0447)
(inputenc)                not set up for use with LaTeX.

See the inputenc package documentation for explanation.
Type  H <return>  for immediate help.
 ...                                              
                                                  
l.1 ...Ä–æ–≤–∞–Ω–Ω–∞—è —ç–ª–µ–∫—Ç—Ä–æ–Ω–Ω–æ-–ª—É—á
                                                  –µ–≤–∞—è –ª–∏—Ç–æ–≥—Ä–∞—Ñ–...

You may provide a definition with
\DeclareUnicodeCharacter 


! Package inputenc Error: Unicode character –µ (U+0435)
(inputenc)                not set up for use with LaTeX.

See the inputenc package documentation for explanation.
Type  H <return>  for immediate help.
 ...                                              
                                                  
l.1 ...æ–≤–∞–Ω–Ω–∞—è —ç–ª–µ–∫—Ç—Ä–æ–Ω–Ω–æ-–ª—É—á–µ
                                                  –≤–∞—è –ª–∏—Ç–æ–≥—Ä–∞—Ñ–∏—è}
You may provide a definition with
\DeclareUnicodeCharacter 


! Package inputenc Error: Unicode character –≤ (U+0432)
(inputenc)                not set up for use with LaTeX.

See the inputenc package documentation for explanation.
Type  H <return>  for immediate help.
 ...                                              
                                                  
l.1 ...≤–∞–Ω–Ω–∞—è —ç–ª–µ–∫—Ç—Ä–æ–Ω–Ω–æ-–ª—É—á–µ–≤
                                                  –∞—è –ª–∏—Ç–æ–≥—Ä–∞—Ñ–∏—è}
You may provide a definition with
\DeclareUnicodeCharacter 


! Package inputenc Error: Unicode character –∞ (U+0430)
(inputenc)                not set up for use with LaTeX.

See the inputenc package documentation for explanation.
Type  H <return>  for immediate help.
 ...                                              
                                                  
l.1 ...∞–Ω–Ω–∞—è —ç–ª–µ–∫—Ç—Ä–æ–Ω–Ω–æ-–ª—É—á–µ–≤–∞
                                                  —è –ª–∏—Ç–æ–≥—Ä–∞—Ñ–∏—è}
You may provide a definition with
\DeclareUnicodeCharacter 


! Package inputenc Error: Unicode character —è (U+044F)
(inputenc)                not set up for use with LaTeX.

See the inputenc package documentation for explanation.
Type  H <return>  for immediate help.
 ...                                              
                                                  
l.1 ...Ω–Ω–∞—è —ç–ª–µ–∫—Ç—Ä–æ–Ω–Ω–æ-–ª—É—á–µ–≤–∞—è
                                                   –ª–∏—Ç–æ–≥—Ä–∞—Ñ–∏—è}
You may provide a definition with
\DeclareUnicodeCharacter 


! Package inputenc Error: Unicode character –ª (U+043B)
(inputenc)                not set up for use with LaTeX.

See the inputenc package documentation for explanation.
Type  H <return>  for immediate help.
 ...                                              
                                                  
l.1 ...–∞—è —ç–ª–µ–∫—Ç—Ä–æ–Ω–Ω–æ-–ª—É—á–µ–≤–∞—è –ª
                                                  –∏—Ç–æ–≥—Ä–∞—Ñ–∏—è}
You may provide a definition with
\DeclareUnicodeCharacter 


! Package inputenc Error: Unicode character –∏ (U+0438)
(inputenc)                not set up for use with LaTeX.

See the inputenc package documentation for explanation.
Type  H <return>  for immediate help.
 ...                                              
                                                  
l.1 ...—è —ç–ª–µ–∫—Ç—Ä–æ–Ω–Ω–æ-–ª—É—á–µ–≤–∞—è –ª–∏
                                                  —Ç–æ–≥—Ä–∞—Ñ–∏—è}
You may provide a definition with
\DeclareUnicodeCharacter 


! Package inputenc Error: Unicode character —Ç (U+0442)
(inputenc)                not set up for use with LaTeX.

See the inputenc package documentation for explanation.
Type  H <return>  for immediate help.
 ...                                              
                                                  
l.1 ... —ç–ª–µ–∫—Ç—Ä–æ–Ω–Ω–æ-–ª—É—á–µ–≤–∞—è –ª–∏—Ç
                                                  –æ–≥—Ä–∞—Ñ–∏—è}
You may provide a definition with
\DeclareUnicodeCharacter 


! Package inputenc Error: Unicode character –æ (U+043E)
(inputenc)                not set up for use with LaTeX.

See the inputenc package documentation for explanation.
Type  H <return>  for immediate help.
 ...                                              
                                                  
l.1 ...ç–ª–µ–∫—Ç—Ä–æ–Ω–Ω–æ-–ª—É—á–µ–≤–∞—è –ª–∏—Ç–æ
                                                  –≥—Ä–∞—Ñ–∏—è}
You may provide a definition with
\DeclareUnicodeCharacter 


! Package inputenc Error: Unicode character –≥ (U+0433)
(inputenc)                not set up for use with LaTeX.

See the inputenc package documentation for explanation.
Type  H <return>  for immediate help.
 ...                                              
                                                  
l.1 ...ª–µ–∫—Ç—Ä–æ–Ω–Ω–æ-–ª—É—á–µ–≤–∞—è –ª–∏—Ç–æ–≥
                                                  —Ä–∞—Ñ–∏—è}
You may provide a definition with
\DeclareUnicodeCharacter 


! Package inputenc Error: Unicode character —Ä (U+0440)
(inputenc)                not set up for use with LaTeX.

See the inputenc package documentation for explanation.
Type  H <return>  for immediate help.
 ...                                              
                                                  
l.1 ...µ–∫—Ç—Ä–æ–Ω–Ω–æ-–ª—É—á–µ–≤–∞—è –ª–∏—Ç–æ–≥—Ä
                                                  –∞—Ñ–∏—è}
You may provide a definition with
\DeclareUnicodeCharacter 


! Package inputenc Error: Unicode character –∞ (U+0430)
(inputenc)                not set up for use with LaTeX.

See the inputenc package documentation for explanation.
Type  H <return>  for immediate help.
 ...                                              
                                                  
l.1 ...∫—Ç—Ä–æ–Ω–Ω–æ-–ª—É—á–µ–≤–∞—è –ª–∏—Ç–æ–≥—Ä–∞
                                                  —Ñ–∏—è}
You may provide a definition with
\DeclareUnicodeCharacter 


! Package inputenc Error: Unicode character —Ñ (U+0444)
(inputenc)                not set up for use with LaTeX.

See the inputenc package documentation for explanation.
Type  H <return>  for immediate help.
 ...                                              
                                                  
l.1 ...Ç—Ä–æ–Ω–Ω–æ-–ª—É—á–µ–≤–∞—è –ª–∏—Ç–æ–≥—Ä–∞—Ñ
                                                  –∏—è}
You may provide a definition with
\DeclareUnicodeCharacter 


! Package inputenc Error: Unicode character –∏ (U+0438)
(inputenc)                not set up for use with LaTeX.

See the inputenc package documentation for explanation.
Type  H <return>  for immediate help.
 ...                                              
                                                  
l.1 ...Ä–æ–Ω–Ω–æ-–ª—É—á–µ–≤–∞—è –ª–∏—Ç–æ–≥—Ä–∞—Ñ–∏
                                                  —è}
You may provide a definition with
\DeclareUnicodeCharacter 


! Package inputenc Error: Unicode character —è (U+044F)
(inputenc)                not set up for use with LaTeX.

See the inputenc package documentation for explanation.
Type  H <return>  for immediate help.
 ...                                              
                                                  
l.1 ...æ–Ω–Ω–æ-–ª—É—á–µ–≤–∞—è –ª–∏—Ç–æ–≥—Ä–∞—Ñ–∏—è
                                                  }
You may provide a definition with
\DeclareUnicodeCharacter 


Overfull \hbox (20.0pt too wide) in paragraph at lines 1--2
[]
 []


! Package inputenc Error: Unicode character –ö (U+041A)
(inputenc)                not set up for use with LaTeX.

See the inputenc package documentation for explanation.
Type  H <return>  for immediate help.
 ...                                              
                                                  
l.3 –ö
      –∞–∫ –±—ã–ª–æ –æ—Ç–º–µ—á–µ–Ω–æ, –≤ —Å—É—â–µ—Å—Ç–≤—É—é—â–∏—Ö –º–µ—Ç–æ–¥...

You may provide a definition with
\DeclareUnicodeCharacter 


! Package inputenc Error: Unicode character –∞ (U+0430)
(inputenc)                not set up for use with LaTeX.

See the inputenc package documentation for explanation.
Type  H <return>  for immediate help.
 ...                                              
                                                  
l.3 –ö–∞
        –∫ –±—ã–ª–æ –æ—Ç–º–µ—á–µ–Ω–æ, –≤ —Å—É—â–µ—Å—Ç–≤—É—é—â–∏—Ö –º–µ—Ç–æ–¥...

You may provide a definition with
\DeclareUnicodeCharacter 


! Package inputenc Error: Unicode character –∫ (U+043A)
(inputenc)                not set up for use with LaTeX.

See the inputenc package documentation for explanation.
Type  H <return>  for immediate help.
 ...                                              
                                                  
l.3 –ö–∞–∫
           –±—ã–ª–æ –æ—Ç–º–µ—á–µ–Ω–æ, –≤ —Å—É—â–µ—Å—Ç–≤—É—é—â–∏—Ö –º–µ—Ç–æ–¥...

You may provide a definition with
\DeclareUnicodeCharacter 


! Package inputenc Error: Unicode character –± (U+0431)
(inputenc)                not set up for use with LaTeX.

See the inputenc package documentation for explanation.
Type  H <return>  for immediate help.
 ...                                              
                                                  
l.3 –ö–∞–∫ –±
             —ã–ª–æ –æ—Ç–º–µ—á–µ–Ω–æ, –≤ —Å—É—â–µ—Å—Ç–≤—É—é—â–∏—Ö –º–µ—Ç–æ–¥...

You may provide a definition with
\DeclareUnicodeCharacter 


! Package inputenc Error: Unicode character —ã (U+044B)
(inputenc)                not set up for use with LaTeX.

See the inputenc package documentation for explanation.
Type  H <return>  for immediate help.
 ...                                              
                                                  
l.3 –ö–∞–∫ –±—ã
               –ª–æ –æ—Ç–º–µ—á–µ–Ω–æ, –≤ —Å—É—â–µ—Å—Ç–≤—É—é—â–∏—Ö –º–µ—Ç–æ–¥...

You may provide a definition with
\DeclareUnicodeCharacter 


! Package inputenc Error: Unicode character –ª (U+043B)
(inputenc)                not set up for use with LaTeX.

See the inputenc package documentation for explanation.
Type  H <return>  for immediate help.
 ...                                              
                                                  
l.3 –ö–∞–∫ –±—ã–ª
                 –æ –æ—Ç–º–µ—á–µ–Ω–æ, –≤ —Å—É—â–µ—Å—Ç–≤—É—é—â–∏—Ö –º–µ—Ç–æ–¥...

You may provide a definition with
\DeclareUnicodeCharacter 


! Package inputenc Error: Unicode character –æ (U+043E)
(inputenc)                not set up for use with LaTeX.

See the inputenc package documentation for explanation.
Type  H <return>  for immediate help.
 ...                                              
                                                  
l.3 –ö–∞–∫ –±—ã–ª–æ
                    –æ—Ç–º–µ—á–µ–Ω–æ, –≤ —Å—É—â–µ—Å—Ç–≤—É—é—â–∏—Ö –º–µ—Ç–æ–¥...

You may provide a definition with
\DeclareUnicodeCharacter 


! Package inputenc Error: Unicode character –æ (U+043E)
(inputenc)                not set up for use with LaTeX.

See the inputenc package documentation for explanation.
Type  H <return>  for immediate help.
 ...                                              
                                                  
l.3 –ö–∞–∫ –±—ã–ª–æ –æ
                      —Ç–º–µ—á–µ–Ω–æ, –≤ —Å—É—â–µ—Å—Ç–≤—É—é—â–∏—Ö –º–µ—Ç–æ–¥...

You may provide a definition with
\DeclareUnicodeCharacter 


! Package inputenc Error: Unicode character —Ç (U+0442)
(inputenc)                not set up for use with LaTeX.

See the inputenc package documentation for explanation.
Type  H <return>  for immediate help.
 ...                                              
                                                  
l.3 –ö–∞–∫ –±—ã–ª–æ –æ—Ç
                        –º–µ—á–µ–Ω–æ, –≤ —Å—É—â–µ—Å—Ç–≤—É—é—â–∏—Ö –º–µ—Ç–æ–¥...

You may provide a definition with
\DeclareUnicodeCharacter 


! Package inputenc Error: Unicode character –º (U+043C)
(inputenc)                not set up for use with LaTeX.

See the inputenc package documentation for explanation.
Type  H <return>  for immediate help.
 ...                                              
                                                  
l.3 –ö–∞–∫ –±—ã–ª–æ –æ—Ç–º
                          –µ—á–µ–Ω–æ, –≤ —Å—É—â–µ—Å—Ç–≤—É—é—â–∏—Ö –º–µ—Ç–æ–¥...

You may provide a definition with
\DeclareUnicodeCharacter 


! Package inputenc Error: Unicode character –µ (U+0435)
(inputenc)                not set up for use with LaTeX.

See the inputenc package documentation for explanation.
Type  H <return>  for immediate help.
 ...                                              
                                                  
l.3 –ö–∞–∫ –±—ã–ª–æ –æ—Ç–º–µ
                            —á–µ–Ω–æ, –≤ —Å—É—â–µ—Å—Ç–≤—É—é—â–∏—Ö –º–µ—Ç–æ–¥...

You may provide a definition with
\DeclareUnicodeCharacter 


! Package inputenc Error: Unicode character —á (U+0447)
(inputenc)                not set up for use with LaTeX.

See the inputenc package documentation for explanation.
Type  H <return>  for immediate help.
 ...                                              
                                                  
l.3 –ö–∞–∫ –±—ã–ª–æ –æ—Ç–º–µ—á
                              –µ–Ω–æ, –≤ —Å—É—â–µ—Å—Ç–≤—É—é—â–∏—Ö –º–µ—Ç–æ–¥...

You may provide a definition with
\DeclareUnicodeCharacter 


! Package inputenc Error: Unicode character –µ (U+0435)
(inputenc)                not set up for use with LaTeX.

See the inputenc package documentation for explanation.
Type  H <return>  for immediate help.
 ...                                              
                                                  
l.3 –ö–∞–∫ –±—ã–ª–æ –æ—Ç–º–µ—á–µ
                                –Ω–æ, –≤ —Å—É—â–µ—Å—Ç–≤—É—é—â–∏—Ö –º–µ—Ç–æ–¥...

You may provide a definition with
\DeclareUnicodeCharacter 


! Package inputenc Error: Unicode character –Ω (U+043D)
(inputenc)                not set up for use with LaTeX.

See the inputenc package documentation for explanation.
Type  H <return>  for immediate help.
 ...                                              
                                                  
l.3 –ö–∞–∫ –±—ã–ª–æ –æ—Ç–º–µ—á–µ–Ω
                                  –æ, –≤ —Å—É—â–µ—Å—Ç–≤—É—é—â–∏—Ö –º–µ—Ç–æ–¥...

You may provide a definition with
\DeclareUnicodeCharacter 


! Package inputenc Error: Unicode character –æ (U+043E)
(inputenc)                not set up for use with LaTeX.

See the inputenc package documentation for explanation.
Type  H <return>  for immediate help.
 ...                                              
                                                  
l.3 –ö–∞–∫ –±—ã–ª–æ –æ—Ç–º–µ—á–µ–Ω–æ
                                    , –≤ —Å—É—â–µ—Å—Ç–≤—É—é—â–∏—Ö –º–µ—Ç–æ–¥...

You may provide a definition with
\DeclareUnicodeCharacter 


! LaTeX Error: Missing \begin{document}.

See the LaTeX manual or LaTeX Companion for explanation.
Type  H <return>  for immediate help.
 ...                                              
                                                  
l.3 –ö–∞–∫ –±—ã–ª–æ –æ—Ç–º–µ—á–µ–Ω–æ,
                                      –≤ —Å—É—â–µ—Å—Ç–≤—É—é—â–∏—Ö –º–µ—Ç–æ–¥...

You're in trouble here.  Try typing  <return>  to proceed.
If that doesn't work, type  X <return>  to quit.

Missing character: There is no , in font nullfont!

! Package inputenc Error: Unicode character –≤ (U+0432)
(inputenc)                not set up for use with LaTeX.

See the inputenc package documentation for explanation.
Type  H <return>  for immediate help.
 ...                                              
                                                  
l.3 –ö–∞–∫ –±—ã–ª–æ –æ—Ç–º–µ—á–µ–Ω–æ, –≤
                                         —Å—É—â–µ—Å—Ç–≤—É—é—â–∏—Ö –º–µ—Ç–æ–¥...

You may provide a definition with
\DeclareUnicodeCharacter 


! Package inputenc Error: Unicode character —Å (U+0441)
(inputenc)                not set up for use with LaTeX.

See the inputenc package documentation for explanation.
Type  H <return>  for immediate help.
 ...                                              
                                                  
l.3 –ö–∞–∫ –±—ã–ª–æ –æ—Ç–º–µ—á–µ–Ω–æ, –≤ —Å
                                           —É—â–µ—Å—Ç–≤—É—é—â–∏—Ö –º–µ—Ç–æ–¥...

You may provide a definition with
\DeclareUnicodeCharacter 


! Package inputenc Error: Unicode character —É (U+0443)
(inputenc)                not set up for use with LaTeX.

See the inputenc package documentation for explanation.
Type  H <return>  for immediate help.
 ...                                              
                                                  
l.3 –ö–∞–∫ –±—ã–ª–æ –æ—Ç–º–µ—á–µ–Ω–æ, –≤ —Å—É
                                             —â–µ—Å—Ç–≤—É—é—â–∏—Ö –º–µ—Ç–æ–¥...

You may provide a definition with
\DeclareUnicodeCharacter 


! Package inputenc Error: Unicode character —â (U+0449)
(inputenc)                not set up for use with LaTeX.

See the inputenc package documentation for explanation.
Type  H <return>  for immediate help.
 ...                                              
                                                  
l.3 –ö–∞–∫ –±—ã–ª–æ –æ—Ç–º–µ—á–µ–Ω–æ, –≤ —Å—É—â
                                               –µ—Å—Ç–≤—É—é—â–∏—Ö –º–µ—Ç–æ–¥...

You may provide a definition with
\DeclareUnicodeCharacter 


! Package inputenc Error: Unicode character –µ (U+0435)
(inputenc)                not set up for use with LaTeX.

See the inputenc package documentation for explanation.
Type  H <return>  for immediate help.
 ...                                              
                                                  
l.3 –ö–∞–∫ –±—ã–ª–æ –æ—Ç–º–µ—á–µ–Ω–æ, –≤ —Å—É—â–µ
                                                 —Å—Ç–≤—É—é—â–∏—Ö –º–µ—Ç–æ–¥...

You may provide a definition with
\DeclareUnicodeCharacter 


! Package inputenc Error: Unicode character —Å (U+0441)
(inputenc)                not set up for use with LaTeX.

See the inputenc package documentation for explanation.
Type  H <return>  for immediate help.
 ...                                              
                                                  
l.3 ...–∫ –±—ã–ª–æ –æ—Ç–º–µ—á–µ–Ω–æ, –≤ —Å—É—â–µ—Å
                                                  —Ç–≤—É—é—â–∏—Ö –º–µ—Ç–æ–¥–...

You may provide a definition with
\DeclareUnicodeCharacter 


! Package inputenc Error: Unicode character —Ç (U+0442)
(inputenc)                not set up for use with LaTeX.

See the inputenc package documentation for explanation.
Type  H <return>  for immediate help.
 ...                                              
                                                  
l.3 ... –±—ã–ª–æ –æ—Ç–º–µ—á–µ–Ω–æ, –≤ —Å—É—â–µ—Å—Ç
                                                  –≤—É—é—â–∏—Ö –º–µ—Ç–æ–¥–∞—...

You may provide a definition with
\DeclareUnicodeCharacter 


! Package inputenc Error: Unicode character –≤ (U+0432)
(inputenc)                not set up for use with LaTeX.

See the inputenc package documentation for explanation.
Type  H <return>  for immediate help.
 ...                                              
                                                  
l.3 ...±—ã–ª–æ –æ—Ç–º–µ—á–µ–Ω–æ, –≤ —Å—É—â–µ—Å—Ç–≤
                                                  —É—é—â–∏—Ö –º–µ—Ç–æ–¥–∞—Ö ...

You may provide a definition with
\DeclareUnicodeCharacter 


! Package inputenc Error: Unicode character —É (U+0443)
(inputenc)                not set up for use with LaTeX.

See the inputenc package documentation for explanation.
Type  H <return>  for immediate help.
 ...                                              
                                                  
l.3 ...ã–ª–æ –æ—Ç–º–µ—á–µ–Ω–æ, –≤ —Å—É—â–µ—Å—Ç–≤—É
                                                  —é—â–∏—Ö –º–µ—Ç–æ–¥–∞—Ö –º...

You may provide a definition with
\DeclareUnicodeCharacter 


! Package inputenc Error: Unicode character —é (U+044E)
(inputenc)                not set up for use with LaTeX.

See the inputenc package documentation for explanation.
Type  H <return>  for immediate help.
 ...                                              
                                                  
l.3 ...ª–æ –æ—Ç–º–µ—á–µ–Ω–æ, –≤ —Å—É—â–µ—Å—Ç–≤—É—é
                                                  —â–∏—Ö –º–µ—Ç–æ–¥–∞—Ö –º–∏...

You may provide a definition with
\DeclareUnicodeCharacter 


! Package inputenc Error: Unicode character —â (U+0449)
(inputenc)                not set up for use with LaTeX.

See the inputenc package documentation for explanation.
Type  H <return>  for immediate help.
 ...                                              
                                                  
l.3 ...æ –æ—Ç–º–µ—á–µ–Ω–æ, –≤ —Å—É—â–µ—Å—Ç–≤—É—é—â
                                                  –∏—Ö –º–µ—Ç–æ–¥–∞—Ö –º–∏–∫...

You may provide a definition with
\DeclareUnicodeCharacter 


! Package inputenc Error: Unicode character –∏ (U+0438)
(inputenc)                not set up for use with LaTeX.

See the inputenc package documentation for explanation.
Type  H <return>  for immediate help.
 ...                                              
                                                  
l.3 ...–æ—Ç–º–µ—á–µ–Ω–æ, –≤ —Å—É—â–µ—Å—Ç–≤—É—é—â–∏
                                                  —Ö –º–µ—Ç–æ–¥–∞—Ö –º–∏–∫—Ä...

You may provide a definition with
\DeclareUnicodeCharacter 


! Package inputenc Error: Unicode character —Ö (U+0445)
(inputenc)                not set up for use with LaTeX.

See the inputenc package documentation for explanation.
Type  H <return>  for immediate help.
 ...                                              
                                                  
l.3 ...—Ç–º–µ—á–µ–Ω–æ, –≤ —Å—É—â–µ—Å—Ç–≤—É—é—â–∏—Ö
                                                   –º–µ—Ç–æ–¥–∞—Ö –º–∏–∫—Ä–æ...

You may provide a definition with
\DeclareUnicodeCharacter 


! Package inputenc Error: Unicode character –º (U+043C)
(inputenc)                not set up for use with LaTeX.

See the inputenc package documentation for explanation.
Type  H <return>  for immediate help.
 ...                                              
                                                  
l.3 ...º–µ—á–µ–Ω–æ, –≤ —Å—É—â–µ—Å—Ç–≤—É—é—â–∏—Ö –º
                                                  –µ—Ç–æ–¥–∞—Ö –º–∏–∫—Ä–æ- –...

You may provide a definition with
\DeclareUnicodeCharacter 


! Package inputenc Error: Unicode character –µ (U+0435)
(inputenc)                not set up for use with LaTeX.

See the inputenc package documentation for explanation.
Type  H <return>  for immediate help.
 ...                                              
                                                  
l.3 ...µ—á–µ–Ω–æ, –≤ —Å—É—â–µ—Å—Ç–≤—É—é—â–∏—Ö –º–µ
                                                  —Ç–æ–¥–∞—Ö –º–∏–∫—Ä–æ- –∏ ...

You may provide a definition with
\DeclareUnicodeCharacter 


! Package inputenc Error: Unicode character —Ç (U+0442)
(inputenc)                not set up for use with LaTeX.

See the inputenc package documentation for explanation.
Type  H <return>  for immediate help.
 ...                                              
                                                  
l.3 ...á–µ–Ω–æ, –≤ —Å—É—â–µ—Å—Ç–≤—É—é—â–∏—Ö –º–µ—Ç
                                                  –æ–¥–∞—Ö –º–∏–∫—Ä–æ- –∏ –Ω...

You may provide a definition with
\DeclareUnicodeCharacter 


! Package inputenc Error: Unicode character –æ (U+043E)
(inputenc)                not set up for use with LaTeX.

See the inputenc package documentation for explanation.
Type  H <return>  for immediate help.
 ...                                              
                                                  
l.3 ...µ–Ω–æ, –≤ —Å—É—â–µ—Å—Ç–≤—É—é—â–∏—Ö –º–µ—Ç–æ
                                                  –¥–∞—Ö –º–∏–∫—Ä–æ- –∏ –Ω–∞...

You may provide a definition with
\DeclareUnicodeCharacter 


! Package inputenc Error: Unicode character –¥ (U+0434)
(inputenc)                not set up for use with LaTeX.

See the inputenc package documentation for explanation.
Type  H <return>  for immediate help.
 ...                                              
                                                  
l.3 ...Ω–æ, –≤ —Å—É—â–µ—Å—Ç–≤—É—é—â–∏—Ö –º–µ—Ç–æ–¥
                                                  –∞—Ö –º–∏–∫—Ä–æ- –∏ –Ω–∞–Ω...

You may provide a definition with
\DeclareUnicodeCharacter 


! Package inputenc Error: Unicode character –∞ (U+0430)
(inputenc)                not set up for use with LaTeX.

See the inputenc package documentation for explanation.
Type  H <return>  for immediate help.
 ...                                              
                                                  
l.3 ...æ, –≤ —Å—É—â–µ—Å—Ç–≤—É—é—â–∏—Ö –º–µ—Ç–æ–¥–∞
                                                  —Ö –º–∏–∫—Ä–æ- –∏ –Ω–∞–Ω–æ...

You may provide a definition with
\DeclareUnicodeCharacter 


! Package inputenc Error: Unicode character —Ö (U+0445)
(inputenc)                not set up for use with LaTeX.

See the inputenc package documentation for explanation.
Type  H <return>  for immediate help.
 ...                                              
                                                  
l.3 ... –≤ —Å—É—â–µ—Å—Ç–≤—É—é—â–∏—Ö –º–µ—Ç–æ–¥–∞—Ö
                                                   –º–∏–∫—Ä–æ- –∏ –Ω–∞–Ω–æ-—...

You may provide a definition with
\DeclareUnicodeCharacter 


! Package inputenc Error: Unicode character –º (U+043C)
(inputenc)                not set up for use with LaTeX.

See the inputenc package documentation for explanation.
Type  H <return>  for immediate help.
 ...                                              
                                                  
l.3 ... —Å—É—â–µ—Å—Ç–≤—É—é—â–∏—Ö –º–µ—Ç–æ–¥–∞—Ö –º
                                                  –∏–∫—Ä–æ- –∏ –Ω–∞–Ω–æ-—Å—Ç...

You may provide a definition with
\DeclareUnicodeCharacter 


! Package inputenc Error: Unicode character –∏ (U+0438)
(inputenc)                not set up for use with LaTeX.

See the inputenc package documentation for explanation.
Type  H <return>  for immediate help.
 ...                                              
                                                  
l.3 ...Å—É—â–µ—Å—Ç–≤—É—é—â–∏—Ö –º–µ—Ç–æ–¥–∞—Ö –º–∏
                                                  –∫—Ä–æ- –∏ –Ω–∞–Ω–æ-—Å—Ç—Ä...

You may provide a definition with
\DeclareUnicodeCharacter 


! Package inputenc Error: Unicode character –∫ (U+043A)
(inputenc)                not set up for use with LaTeX.

See the inputenc package documentation for explanation.
Type  H <return>  for immediate help.
 ...                                              
                                                  
l.3 ...É—â–µ—Å—Ç–≤—É—é—â–∏—Ö –º–µ—Ç–æ–¥–∞—Ö –º–∏–∫
                                                  —Ä–æ- –∏ –Ω–∞–Ω–æ-—Å—Ç—Ä—É...

You may provide a definition with
\DeclareUnicodeCharacter 


! Package inputenc Error: Unicode character —Ä (U+0440)
(inputenc)                not set up for use with LaTeX.

See the inputenc package documentation for explanation.
Type  H <return>  for immediate help.
 ...                                              
                                                  
l.3 ...â–µ—Å—Ç–≤—É—é—â–∏—Ö –º–µ—Ç–æ–¥–∞—Ö –º–∏–∫—Ä
                                                  –æ- –∏ –Ω–∞–Ω–æ-—Å—Ç—Ä—É–∫...

You may provide a definition with
\DeclareUnicodeCharacter 


! Package inputenc Error: Unicode character –æ (U+043E)
(inputenc)                not set up for use with LaTeX.

See the inputenc package documentation for explanation.
Type  H <return>  for immediate help.
 ...                                              
                                                  
l.3 ...µ—Å—Ç–≤—É—é—â–∏—Ö –º–µ—Ç–æ–¥–∞—Ö –º–∏–∫—Ä–æ
                                                  - –∏ –Ω–∞–Ω–æ-—Å—Ç—Ä—É–∫—Ç...

You may provide a definition with
\DeclareUnicodeCharacter 

Missing character: There is no - in font nullfont!

! Package inputenc Error: Unicode character –∏ (U+0438)
(inputenc)                not set up for use with LaTeX.

See the inputenc package documentation for explanation.
Type  H <return>  for immediate help.
 ...                                              
                                                  
l.3 ...Ç–≤—É—é—â–∏—Ö –º–µ—Ç–æ–¥–∞—Ö –º–∏–∫—Ä–æ- –∏
                                                   –Ω–∞–Ω–æ-—Å—Ç—Ä—É–∫—Ç—É—Ä...

You may provide a definition with
\DeclareUnicodeCharacter 


! Package inputenc Error: Unicode character –Ω (U+043D)
(inputenc)                not set up for use with LaTeX.

See the inputenc package documentation for explanation.
Type  H <return>  for immediate help.
 ...                                              
                                                  
l.3 ...—É—é—â–∏—Ö –º–µ—Ç–æ–¥–∞—Ö –º–∏–∫—Ä–æ- –∏ –Ω
                                                  –∞–Ω–æ-—Å—Ç—Ä—É–∫—Ç—É—Ä–∏—...

You may provide a definition with
\DeclareUnicodeCharacter 


! Package inputenc Error: Unicode character –∞ (U+0430)
(inputenc)                not set up for use with LaTeX.

See the inputenc package documentation for explanation.
Type  H <return>  for immediate help.
 ...                                              
                                                  
l.3 ...—é—â–∏—Ö –º–µ—Ç–æ–¥–∞—Ö –º–∏–∫—Ä–æ- –∏ –Ω–∞
                                                  –Ω–æ-—Å—Ç—Ä—É–∫—Ç—É—Ä–∏—Ä–...

You may provide a definition with
\DeclareUnicodeCharacter 


! Package inputenc Error: Unicode character –Ω (U+043D)
(inputenc)                not set up for use with LaTeX.

See the inputenc package documentation for explanation.
Type  H <return>  for immediate help.
 ...                                              
                                                  
l.3 ...—â–∏—Ö –º–µ—Ç–æ–¥–∞—Ö –º–∏–∫—Ä–æ- –∏ –Ω–∞–Ω
                                                  –æ-—Å—Ç—Ä—É–∫—Ç—É—Ä–∏—Ä–æ–...

You may provide a definition with
\DeclareUnicodeCharacter 


! Package inputenc Error: Unicode character –æ (U+043E)
(inputenc)                not set up for use with LaTeX.

See the inputenc package documentation for explanation.
Type  H <return>  for immediate help.
 ...                                              
                                                  
l.3 ...–∏—Ö –º–µ—Ç–æ–¥–∞—Ö –º–∏–∫—Ä–æ- –∏ –Ω–∞–Ω–æ
                                                  -—Å—Ç—Ä—É–∫—Ç—É—Ä–∏—Ä–æ–≤–...

You may provide a definition with
\DeclareUnicodeCharacter 

Missing character: There is no - in font nullfont!

! Package inputenc Error: Unicode character —Å (U+0441)
(inputenc)                not set up for use with LaTeX.

See the inputenc package documentation for explanation.
Type  H <return>  for immediate help.
 ...                                              
                                                  
l.3 ...Ö –º–µ—Ç–æ–¥–∞—Ö –º–∏–∫—Ä–æ- –∏ –Ω–∞–Ω–æ-—Å
                                                  —Ç—Ä—É–∫—Ç—É—Ä–∏—Ä–æ–≤–∞–Ω...

You may provide a definition with
\DeclareUnicodeCharacter 


! Package inputenc Error: Unicode character —Ç (U+0442)
(inputenc)                not set up for use with LaTeX.

See the inputenc package documentation for explanation.
Type  H <return>  for immediate help.
 ...                                              
                                                  
l.3 ...–º–µ—Ç–æ–¥–∞—Ö –º–∏–∫—Ä–æ- –∏ –Ω–∞–Ω–æ-—Å—Ç
                                                  —Ä—É–∫—Ç—É—Ä–∏—Ä–æ–≤–∞–Ω–∏...

You may provide a definition with
\DeclareUnicodeCharacter 


! Package inputenc Error: Unicode character —Ä (U+0440)
(inputenc)                not set up for use with LaTeX.

See the inputenc package documentation for explanation.
Type  H <return>  for immediate help.
 ...                                              
                                                  
l.3 ...–µ—Ç–æ–¥–∞—Ö –º–∏–∫—Ä–æ- –∏ –Ω–∞–Ω–æ-—Å—Ç—Ä
                                                  —É–∫—Ç—É—Ä–∏—Ä–æ–≤–∞–Ω–∏—è...

You may provide a definition with
\DeclareUnicodeCharacter 


! Package inputenc Error: Unicode character —É (U+0443)
(inputenc)                not set up for use with LaTeX.

See the inputenc package documentation for explanation.
Type  H <return>  for immediate help.
 ...                                              
                                                  
l.3 ...—Ç–æ–¥–∞—Ö –º–∏–∫—Ä–æ- –∏ –Ω–∞–Ω–æ-—Å—Ç—Ä—É
                                                  –∫—Ç—É—Ä–∏—Ä–æ–≤–∞–Ω–∏—è, ...

You may provide a definition with
\DeclareUnicodeCharacter 


! Package inputenc Error: Unicode character –∫ (U+043A)
(inputenc)                not set up for use with LaTeX.

See the inputenc package documentation for explanation.
Type  H <return>  for immediate help.
 ...                                              
                                                  
l.3 ...–æ–¥–∞—Ö –º–∏–∫—Ä–æ- –∏ –Ω–∞–Ω–æ-—Å—Ç—Ä—É–∫
                                                  —Ç—É—Ä–∏—Ä–æ–≤–∞–Ω–∏—è, –æ...

You may provide a definition with
\DeclareUnicodeCharacter 


! Package inputenc Error: Unicode character —Ç (U+0442)
(inputenc)                not set up for use with LaTeX.

See the inputenc package documentation for explanation.
Type  H <return>  for immediate help.
 ...                                              
                                                  
l.3 ...–¥–∞—Ö –º–∏–∫—Ä–æ- –∏ –Ω–∞–Ω–æ-—Å—Ç—Ä—É–∫—Ç
                                                  —É—Ä–∏—Ä–æ–≤–∞–Ω–∏—è, –æ—Å...

You may provide a definition with
\DeclareUnicodeCharacter 


! Package inputenc Error: Unicode character —É (U+0443)
(inputenc)                not set up for use with LaTeX.

See the inputenc package documentation for explanation.
Type  H <return>  for immediate help.
 ...                                              
                                                  
l.3 ...–∞—Ö –º–∏–∫—Ä–æ- –∏ –Ω–∞–Ω–æ-—Å—Ç—Ä—É–∫—Ç—É
                                                  —Ä–∏—Ä–æ–≤–∞–Ω–∏—è, –æ—Å–Ω...

You may provide a definition with
\DeclareUnicodeCharacter 


! Package inputenc Error: Unicode character —Ä (U+0440)
(inputenc)                not set up for use with LaTeX.

See the inputenc package documentation for explanation.
Type  H <return>  for immediate help.
 ...                                              
                                                  
l.3 ...—Ö –º–∏–∫—Ä–æ- –∏ –Ω–∞–Ω–æ-—Å—Ç—Ä—É–∫—Ç—É—Ä
                                                  –∏—Ä–æ–≤–∞–Ω–∏—è, –æ—Å–Ω–æ...

You may provide a definition with
\DeclareUnicodeCharacter 


! Package inputenc Error: Unicode character –∏ (U+0438)
(inputenc)                not set up for use with LaTeX.

See the inputenc package documentation for explanation.
Type  H <return>  for immediate help.
 ...                                              
                                                  
l.3 ... –º–∏–∫—Ä–æ- –∏ –Ω–∞–Ω–æ-—Å—Ç—Ä—É–∫—Ç—É—Ä–∏
                                                  —Ä–æ–≤–∞–Ω–∏—è, –æ—Å–Ω–æ–≤...

You may provide a definition with
\DeclareUnicodeCharacter 


! Package inputenc Error: Unicode character —Ä (U+0440)
(inputenc)                not set up for use with LaTeX.

See the inputenc package documentation for explanation.
Type  H <return>  for immediate help.
 ...                                              
                                                  
l.3 ...º–∏–∫—Ä–æ- –∏ –Ω–∞–Ω–æ-—Å—Ç—Ä—É–∫—Ç—É—Ä–∏—Ä
                                                  –æ–≤–∞–Ω–∏—è, –æ—Å–Ω–æ–≤–∞...

You may provide a definition with
\DeclareUnicodeCharacter 


! Package inputenc Error: Unicode character –æ (U+043E)
(inputenc)                not set up for use with LaTeX.

See the inputenc package documentation for explanation.
Type  H <return>  for immediate help.
 ...                                              
                                                  
l.3 ...∏–∫—Ä–æ- –∏ –Ω–∞–Ω–æ-—Å—Ç—Ä—É–∫—Ç—É—Ä–∏—Ä–æ
                                                  –≤–∞–Ω–∏—è, –æ—Å–Ω–æ–≤–∞–Ω...

You may provide a definition with
\DeclareUnicodeCharacter 


! Package inputenc Error: Unicode character –≤ (U+0432)
(inputenc)                not set up for use with LaTeX.

See the inputenc package documentation for explanation.
Type  H <return>  for immediate help.
 ...                                              
                                                  
l.3 ...∫—Ä–æ- –∏ –Ω–∞–Ω–æ-—Å—Ç—Ä—É–∫—Ç—É—Ä–∏—Ä–æ–≤
                                                  –∞–Ω–∏—è, –æ—Å–Ω–æ–≤–∞–Ω–Ω...

You may provide a definition with
\DeclareUnicodeCharacter 


! Package inputenc Error: Unicode character –∞ (U+0430)
(inputenc)                not set up for use with LaTeX.

See the inputenc package documentation for explanation.
Type  H <return>  for immediate help.
 ...                                              
                                                  
l.3 ...Ä–æ- –∏ –Ω–∞–Ω–æ-—Å—Ç—Ä—É–∫—Ç—É—Ä–∏—Ä–æ–≤–∞
                                                  –Ω–∏—è, –æ—Å–Ω–æ–≤–∞–Ω–Ω—ã...

You may provide a definition with
\DeclareUnicodeCharacter 


! Package inputenc Error: Unicode character –Ω (U+043D)
(inputenc)                not set up for use with LaTeX.

See the inputenc package documentation for explanation.
Type  H <return>  for immediate help.
 ...                                              
                                                  
l.3 ...æ- –∏ –Ω–∞–Ω–æ-—Å—Ç—Ä—É–∫—Ç—É—Ä–∏—Ä–æ–≤–∞–Ω
                                                  –∏—è, –æ—Å–Ω–æ–≤–∞–Ω–Ω—ã—Ö...

You may provide a definition with
\DeclareUnicodeCharacter 


! Package inputenc Error: Unicode character –∏ (U+0438)
(inputenc)                not set up for use with LaTeX.

See the inputenc package documentation for explanation.
Type  H <return>  for immediate help.
 ...                                              
                                                  
l.3 ... –∏ –Ω–∞–Ω–æ-—Å—Ç—Ä—É–∫—Ç—É—Ä–∏—Ä–æ–≤–∞–Ω–∏
                                                  —è, –æ—Å–Ω–æ–≤–∞–Ω–Ω—ã—Ö –...

You may provide a definition with
\DeclareUnicodeCharacter 


! Package inputenc Error: Unicode character —è (U+044F)
(inputenc)                not set up for use with LaTeX.

See the inputenc package documentation for explanation.
Type  H <return>  for immediate help.
 ...                                              
                                                  
l.3 ...∏ –Ω–∞–Ω–æ-—Å—Ç—Ä—É–∫—Ç—É—Ä–∏—Ä–æ–≤–∞–Ω–∏—è
                                                  , –æ—Å–Ω–æ–≤–∞–Ω–Ω—ã—Ö –Ω–...

You may provide a definition with
\DeclareUnicodeCharacter 

Missing character: There is no , in font nullfont!

! Package inputenc Error: Unicode character –æ (U+043E)
(inputenc)                not set up for use with LaTeX.

See the inputenc package documentation for explanation.
Type  H <return>  for immediate help.
 ...                                              
                                                  
l.3 ...–∞–Ω–æ-—Å—Ç—Ä—É–∫—Ç—É—Ä–∏—Ä–æ–≤–∞–Ω–∏—è, –æ
                                                  —Å–Ω–æ–≤–∞–Ω–Ω—ã—Ö –Ω–∞ —Ç...

You may provide a definition with
\DeclareUnicodeCharacter 


! Package inputenc Error: Unicode character —Å (U+0441)
(inputenc)                not set up for use with LaTeX.

See the inputenc package documentation for explanation.
Type  H <return>  for immediate help.
 ...                                              
                                                  
l.3 ...–Ω–æ-—Å—Ç—Ä—É–∫—Ç—É—Ä–∏—Ä–æ–≤–∞–Ω–∏—è, –æ—Å
                                                  –Ω–æ–≤–∞–Ω–Ω—ã—Ö –Ω–∞ —Ç–µ...

You may provide a definition with
\DeclareUnicodeCharacter 


! Package inputenc Error: Unicode character –Ω (U+043D)
(inputenc)                not set up for use with LaTeX.

See the inputenc package documentation for explanation.
Type  H <return>  for immediate help.
 ...                                              
                                                  
l.3 ...–æ-—Å—Ç—Ä—É–∫—Ç—É—Ä–∏—Ä–æ–≤–∞–Ω–∏—è, –æ—Å–Ω
                                                  –æ–≤–∞–Ω–Ω—ã—Ö –Ω–∞ —Ç–µ—Ä...

You may provide a definition with
\DeclareUnicodeCharacter 


! Package inputenc Error: Unicode character –æ (U+043E)
(inputenc)                not set up for use with LaTeX.

See the inputenc package documentation for explanation.
Type  H <return>  for immediate help.
 ...                                              
                                                  
l.3 ...-—Å—Ç—Ä—É–∫—Ç—É—Ä–∏—Ä–æ–≤–∞–Ω–∏—è, –æ—Å–Ω–æ
                                                  –≤–∞–Ω–Ω—ã—Ö –Ω–∞ —Ç–µ—Ä–º...

You may provide a definition with
\DeclareUnicodeCharacter 


! Package inputenc Error: Unicode character –≤ (U+0432)
(inputenc)                not set up for use with LaTeX.

See the inputenc package documentation for explanation.
Type  H <return>  for immediate help.
 ...                                              
                                                  
l.3 ...Å—Ç—Ä—É–∫—Ç—É—Ä–∏—Ä–æ–≤–∞–Ω–∏—è, –æ—Å–Ω–æ–≤
                                                  –∞–Ω–Ω—ã—Ö –Ω–∞ —Ç–µ—Ä–º–∏...

You may provide a definition with
\DeclareUnicodeCharacter 


! Package inputenc Error: Unicode character –∞ (U+0430)
(inputenc)                not set up for use with LaTeX.

See the inputenc package documentation for explanation.
Type  H <return>  for immediate help.
 ...                                              
                                                  
l.3 ...Ç—Ä—É–∫—Ç—É—Ä–∏—Ä–æ–≤–∞–Ω–∏—è, –æ—Å–Ω–æ–≤–∞
                                                  –Ω–Ω—ã—Ö –Ω–∞ —Ç–µ—Ä–º–∏—á...

You may provide a definition with
\DeclareUnicodeCharacter 


! Package inputenc Error: Unicode character –Ω (U+043D)
(inputenc)                not set up for use with LaTeX.

See the inputenc package documentation for explanation.
Type  H <return>  for immediate help.
 ...                                              
                                                  
l.3 ...Ä—É–∫—Ç—É—Ä–∏—Ä–æ–≤–∞–Ω–∏—è, –æ—Å–Ω–æ–≤–∞–Ω
                                                  –Ω—ã—Ö –Ω–∞ —Ç–µ—Ä–º–∏—á–µ...

You may provide a definition with
\DeclareUnicodeCharacter 


! Package inputenc Error: Unicode character –Ω (U+043D)
(inputenc)                not set up for use with LaTeX.

See the inputenc package documentation for explanation.
Type  H <return>  for immediate help.
 ...                                              
                                                  
l.3 ...É–∫—Ç—É—Ä–∏—Ä–æ–≤–∞–Ω–∏—è, –æ—Å–Ω–æ–≤–∞–Ω–Ω
                                                  —ã—Ö –Ω–∞ —Ç–µ—Ä–º–∏—á–µ—Å...

You may provide a definition with
\DeclareUnicodeCharacter 


! Package inputenc Error: Unicode character —ã (U+044B)
(inputenc)                not set up for use with LaTeX.

See the inputenc package documentation for explanation.
Type  H <return>  for immediate help.
 ...                                              
                                                  
l.3 ...∫—Ç—É—Ä–∏—Ä–æ–≤–∞–Ω–∏—è, –æ—Å–Ω–æ–≤–∞–Ω–Ω—ã
                                                  —Ö –Ω–∞ —Ç–µ—Ä–º–∏—á–µ—Å–∫...

You may provide a definition with
\DeclareUnicodeCharacter 


! Package inputenc Error: Unicode character —Ö (U+0445)
(inputenc)                not set up for use with LaTeX.

See the inputenc package documentation for explanation.
Type  H <return>  for immediate help.
 ...                                              
                                                  
l.3 ...Ç—É—Ä–∏—Ä–æ–≤–∞–Ω–∏—è, –æ—Å–Ω–æ–≤–∞–Ω–Ω—ã—Ö
                                                   –Ω–∞ —Ç–µ—Ä–º–∏—á–µ—Å–∫–æ...

You may provide a definition with
\DeclareUnicodeCharacter 


! Package inputenc Error: Unicode character –Ω (U+043D)
(inputenc)                not set up for use with LaTeX.

See the inputenc package documentation for explanation.
Type  H <return>  for immediate help.
 ...                                              
                                                  
l.3 ...—Ä–∏—Ä–æ–≤–∞–Ω–∏—è, –æ—Å–Ω–æ–≤–∞–Ω–Ω—ã—Ö –Ω
                                                  –∞ —Ç–µ—Ä–º–∏—á–µ—Å–∫–æ–π ...

You may provide a definition with
\DeclareUnicodeCharacter 


! Package inputenc Error: Unicode character –∞ (U+0430)
(inputenc)                not set up for use with LaTeX.

See the inputenc package documentation for explanation.
Type  H <return>  for immediate help.
 ...                                              
                                                  
l.3 ...–∏—Ä–æ–≤–∞–Ω–∏—è, –æ—Å–Ω–æ–≤–∞–Ω–Ω—ã—Ö –Ω–∞
                                                   —Ç–µ—Ä–º–∏—á–µ—Å–∫–æ–π –¥...

You may provide a definition with
\DeclareUnicodeCharacter 


! Package inputenc Error: Unicode character —Ç (U+0442)
(inputenc)                not set up for use with LaTeX.

See the inputenc package documentation for explanation.
Type  H <return>  for immediate help.
 ...                                              
                                                  
l.3 ...Ä–æ–≤–∞–Ω–∏—è, –æ—Å–Ω–æ–≤–∞–Ω–Ω—ã—Ö –Ω–∞ —Ç
                                                  –µ—Ä–º–∏—á–µ—Å–∫–æ–π –¥–µ–...

You may provide a definition with
\DeclareUnicodeCharacter 


! Package inputenc Error: Unicode character –µ (U+0435)
(inputenc)                not set up for use with LaTeX.

See the inputenc package documentation for explanation.
Type  H <return>  for immediate help.
 ...                                              
                                                  
l.3 ...æ–≤–∞–Ω–∏—è, –æ—Å–Ω–æ–≤–∞–Ω–Ω—ã—Ö –Ω–∞ —Ç–µ
                                                  —Ä–º–∏—á–µ—Å–∫–æ–π –¥–µ–ø–...

You may provide a definition with
\DeclareUnicodeCharacter 


! Package inputenc Error: Unicode character —Ä (U+0440)
(inputenc)                not set up for use with LaTeX.

See the inputenc package documentation for explanation.
Type  H <return>  for immediate help.
 ...                                              
                                                  
l.3 ...≤–∞–Ω–∏—è, –æ—Å–Ω–æ–≤–∞–Ω–Ω—ã—Ö –Ω–∞ —Ç–µ—Ä
                                                  –º–∏—á–µ—Å–∫–æ–π –¥–µ–ø–æ–...

You may provide a definition with
\DeclareUnicodeCharacter 


! Package inputenc Error: Unicode character –º (U+043C)
(inputenc)                not set up for use with LaTeX.

See the inputenc package documentation for explanation.
Type  H <return>  for immediate help.
 ...                                              
                                                  
l.3 ...∞–Ω–∏—è, –æ—Å–Ω–æ–≤–∞–Ω–Ω—ã—Ö –Ω–∞ —Ç–µ—Ä–º
                                                  –∏—á–µ—Å–∫–æ–π –¥–µ–ø–æ–ª–...

You may provide a definition with
\DeclareUnicodeCharacter 


! Package inputenc Error: Unicode character –∏ (U+0438)
(inputenc)                not set up for use with LaTeX.

See the inputenc package documentation for explanation.
Type  H <return>  for immediate help.
 ...                                              
                                                  
l.3 ...Ω–∏—è, –æ—Å–Ω–æ–≤–∞–Ω–Ω—ã—Ö –Ω–∞ —Ç–µ—Ä–º–∏
                                                  —á–µ—Å–∫–æ–π –¥–µ–ø–æ–ª–∏–...

You may provide a definition with
\DeclareUnicodeCharacter 


! Package inputenc Error: Unicode character —á (U+0447)
(inputenc)                not set up for use with LaTeX.

See the inputenc package documentation for explanation.
Type  H <return>  for immediate help.
 ...                                              
                                                  
l.3 ...∏—è, –æ—Å–Ω–æ–≤–∞–Ω–Ω—ã—Ö –Ω–∞ —Ç–µ—Ä–º–∏—á
                                                  –µ—Å–∫–æ–π –¥–µ–ø–æ–ª–∏–º–...

You may provide a definition with
\DeclareUnicodeCharacter 


! Package inputenc Error: Unicode character –µ (U+0435)
(inputenc)                not set up for use with LaTeX.

See the inputenc package documentation for explanation.
Type  H <return>  for immediate help.
 ...                                              
                                                  
l.3 ...è, –æ—Å–Ω–æ–≤–∞–Ω–Ω—ã—Ö –Ω–∞ —Ç–µ—Ä–º–∏—á–µ
                                                  —Å–∫–æ–π –¥–µ–ø–æ–ª–∏–º–µ—...

You may provide a definition with
\DeclareUnicodeCharacter 


! Package inputenc Error: Unicode character —Å (U+0441)
(inputenc)                not set up for use with LaTeX.

See the inputenc package documentation for explanation.
Type  H <return>  for immediate help.
 ...                                              
                                                  
l.3 ... –æ—Å–Ω–æ–≤–∞–Ω–Ω—ã—Ö –Ω–∞ —Ç–µ—Ä–º–∏—á–µ—Å
                                                  –∫–æ–π –¥–µ–ø–æ–ª–∏–º–µ—Ä–...

You may provide a definition with
\DeclareUnicodeCharacter 


! Package inputenc Error: Unicode character –∫ (U+043A)
(inputenc)                not set up for use with LaTeX.

See the inputenc package documentation for explanation.
Type  H <return>  for immediate help.
 ...                                              
                                                  
l.3 ...æ—Å–Ω–æ–≤–∞–Ω–Ω—ã—Ö –Ω–∞ —Ç–µ—Ä–º–∏—á–µ—Å–∫
                                                  –æ–π –¥–µ–ø–æ–ª–∏–º–µ—Ä–∏–...

You may provide a definition with
\DeclareUnicodeCharacter 


! Package inputenc Error: Unicode character –æ (U+043E)
(inputenc)                not set up for use with LaTeX.

See the inputenc package documentation for explanation.
Type  H <return>  for immediate help.
 ...                                              
                                                  
l.3 ...Å–Ω–æ–≤–∞–Ω–Ω—ã—Ö –Ω–∞ —Ç–µ—Ä–º–∏—á–µ—Å–∫–æ
                                                  –π –¥–µ–ø–æ–ª–∏–º–µ—Ä–∏–∑–...

You may provide a definition with
\DeclareUnicodeCharacter 


! Package inputenc Error: Unicode character –π (U+0439)
(inputenc)                not set up for use with LaTeX.

See the inputenc package documentation for explanation.
Type  H <return>  for immediate help.
 ...                                              
                                                  
l.3 ...Ω–æ–≤–∞–Ω–Ω—ã—Ö –Ω–∞ —Ç–µ—Ä–º–∏—á–µ—Å–∫–æ–π
                                                   –¥–µ–ø–æ–ª–∏–º–µ—Ä–∏–∑–∞—...

You may provide a definition with
\DeclareUnicodeCharacter 


! Package inputenc Error: Unicode character –¥ (U+0434)
(inputenc)                not set up for use with LaTeX.

See the inputenc package documentation for explanation.
Type  H <return>  for immediate help.
 ...                                              
                                                  
l.3 ...–≤–∞–Ω–Ω—ã—Ö –Ω–∞ —Ç–µ—Ä–º–∏—á–µ—Å–∫–æ–π –¥
                                                  –µ–ø–æ–ª–∏–º–µ—Ä–∏–∑–∞—Ü–∏...

You may provide a definition with
\DeclareUnicodeCharacter 


! Package inputenc Error: Unicode character –µ (U+0435)
(inputenc)                not set up for use with LaTeX.

See the inputenc package documentation for explanation.
Type  H <return>  for immediate help.
 ...                                              
                                                  
l.3 ...–∞–Ω–Ω—ã—Ö –Ω–∞ —Ç–µ—Ä–º–∏—á–µ—Å–∫–æ–π –¥–µ
                                                  –ø–æ–ª–∏–º–µ—Ä–∏–∑–∞—Ü–∏–∏...

You may provide a definition with
\DeclareUnicodeCharacter 


! Package inputenc Error: Unicode character –ø (U+043F)
(inputenc)                not set up for use with LaTeX.

See the inputenc package documentation for explanation.
Type  H <return>  for immediate help.
 ...                                              
                                                  
l.3 ...–Ω–Ω—ã—Ö –Ω–∞ —Ç–µ—Ä–º–∏—á–µ—Å–∫–æ–π –¥–µ–ø
                                                  –æ–ª–∏–º–µ—Ä–∏–∑–∞—Ü–∏–∏ —...

You may provide a definition with
\DeclareUnicodeCharacter 


! Package inputenc Error: Unicode character –æ (U+043E)
(inputenc)                not set up for use with LaTeX.

See the inputenc package documentation for explanation.
Type  H <return>  for immediate help.
 ...                                              
                                                  
l.3 ...–Ω—ã—Ö –Ω–∞ —Ç–µ—Ä–º–∏—á–µ—Å–∫–æ–π –¥–µ–ø–æ
                                                  –ª–∏–º–µ—Ä–∏–∑–∞—Ü–∏–∏ —Ä–...

You may provide a definition with
\DeclareUnicodeCharacter 


! Package inputenc Error: Unicode character –ª (U+043B)
(inputenc)                not set up for use with LaTeX.

See the inputenc package documentation for explanation.
Type  H <return>  for immediate help.
 ...                                              
                                                  
l.3 ...—ã—Ö –Ω–∞ —Ç–µ—Ä–º–∏—á–µ—Å–∫–æ–π –¥–µ–ø–æ–ª
                                                  –∏–º–µ—Ä–∏–∑–∞—Ü–∏–∏ —Ä–µ–...

You may provide a definition with
\DeclareUnicodeCharacter 


! Package inputenc Error: Unicode character –∏ (U+0438)
(inputenc)                not set up for use with LaTeX.

See the inputenc package documentation for explanation.
Type  H <return>  for immediate help.
 ...                                              
                                                  
l.3 ...—Ö –Ω–∞ —Ç–µ—Ä–º–∏—á–µ—Å–∫–æ–π –¥–µ–ø–æ–ª–∏
                                                  –º–µ—Ä–∏–∑–∞—Ü–∏–∏ —Ä–µ–∑–...

You may provide a definition with
\DeclareUnicodeCharacter 


! Package inputenc Error: Unicode character –º (U+043C)
(inputenc)                not set up for use with LaTeX.

See the inputenc package documentation for explanation.
Type  H <return>  for immediate help.
 ...                                              
                                                  
l.3 ... –Ω–∞ —Ç–µ—Ä–º–∏—á–µ—Å–∫–æ–π –¥–µ–ø–æ–ª–∏–º
                                                  –µ—Ä–∏–∑–∞—Ü–∏–∏ —Ä–µ–∑–∏—...

You may provide a definition with
\DeclareUnicodeCharacter 


! Package inputenc Error: Unicode character –µ (U+0435)
(inputenc)                not set up for use with LaTeX.

See the inputenc package documentation for explanation.
Type  H <return>  for immediate help.
 ...                                              
                                                  
l.3 ...Ω–∞ —Ç–µ—Ä–º–∏—á–µ—Å–∫–æ–π –¥–µ–ø–æ–ª–∏–º–µ
                                                  —Ä–∏–∑–∞—Ü–∏–∏ —Ä–µ–∑–∏—Å—...

You may provide a definition with
\DeclareUnicodeCharacter 


! Package inputenc Error: Unicode character —Ä (U+0440)
(inputenc)                not set up for use with LaTeX.

See the inputenc package documentation for explanation.
Type  H <return>  for immediate help.
 ...                                              
                                                  
l.3 ...∞ —Ç–µ—Ä–º–∏—á–µ—Å–∫–æ–π –¥–µ–ø–æ–ª–∏–º–µ—Ä
                                                  –∏–∑–∞—Ü–∏–∏ —Ä–µ–∑–∏—Å—Ç–...

You may provide a definition with
\DeclareUnicodeCharacter 


! Package inputenc Error: Unicode character –∏ (U+0438)
(inputenc)                not set up for use with LaTeX.

See the inputenc package documentation for explanation.
Type  H <return>  for immediate help.
 ...                                              
                                                  
l.3 ...—Ç–µ—Ä–º–∏—á–µ—Å–∫–æ–π –¥–µ–ø–æ–ª–∏–º–µ—Ä–∏
                                                  –∑–∞—Ü–∏–∏ —Ä–µ–∑–∏—Å—Ç–∞,...

You may provide a definition with
\DeclareUnicodeCharacter 


! Package inputenc Error: Unicode character –∑ (U+0437)
(inputenc)                not set up for use with LaTeX.

See the inputenc package documentation for explanation.
Type  H <return>  for immediate help.
 ...                                              
                                                  
l.3 ...–µ—Ä–º–∏—á–µ—Å–∫–æ–π –¥–µ–ø–æ–ª–∏–º–µ—Ä–∏–∑
                                                  –∞—Ü–∏–∏ —Ä–µ–∑–∏—Å—Ç–∞, –...

You may provide a definition with
\DeclareUnicodeCharacter 


! Package inputenc Error: Unicode character –∞ (U+0430)
(inputenc)                not set up for use with LaTeX.

See the inputenc package documentation for explanation.
Type  H <return>  for immediate help.
 ...                                              
                                                  
l.3 ...—Ä–º–∏—á–µ—Å–∫–æ–π –¥–µ–ø–æ–ª–∏–º–µ—Ä–∏–∑–∞
                                                  —Ü–∏–∏ —Ä–µ–∑–∏—Å—Ç–∞, –Ω–...

You may provide a definition with
\DeclareUnicodeCharacter 


! Package inputenc Error: Unicode character —Ü (U+0446)
(inputenc)                not set up for use with LaTeX.

See the inputenc package documentation for explanation.
Type  H <return>  for immediate help.
 ...                                              
                                                  
l.3 ...–º–∏—á–µ—Å–∫–æ–π –¥–µ–ø–æ–ª–∏–º–µ—Ä–∏–∑–∞—Ü
                                                  –∏–∏ —Ä–µ–∑–∏—Å—Ç–∞, –Ω–∞–...

You may provide a definition with
\DeclareUnicodeCharacter 


! Package inputenc Error: Unicode character –∏ (U+0438)
(inputenc)                not set up for use with LaTeX.

See the inputenc package documentation for explanation.
Type  H <return>  for immediate help.
 ...                                              
                                                  
l.3 ...–∏—á–µ—Å–∫–æ–π –¥–µ–ø–æ–ª–∏–º–µ—Ä–∏–∑–∞—Ü–∏
                                                  –∏ —Ä–µ–∑–∏—Å—Ç–∞, –Ω–∞–≥—...

You may provide a definition with
\DeclareUnicodeCharacter 


! Package inputenc Error: Unicode character –∏ (U+0438)
(inputenc)                not set up for use with LaTeX.

See the inputenc package documentation for explanation.
Type  H <return>  for immediate help.
 ...                                              
                                                  
l.3 ...—á–µ—Å–∫–æ–π –¥–µ–ø–æ–ª–∏–º–µ—Ä–∏–∑–∞—Ü–∏–∏
                                                   —Ä–µ–∑–∏—Å—Ç–∞, –Ω–∞–≥—Ä–...
(That makes 100 errors; please try again.) 
Here is how much of TeX's memory you used:
 47 strings out of 480608
 744 string characters out of 5903630
 239610 words of memory out of 5000000
 16039 multiletter control sequences out of 15000+600000
 532338 words of font info for 24 fonts, out of 8000000 for 9000
 1141 hyphenation exceptions out of 8191
 12i,0n,15p,2075b,35s stack positions out of 5000i,500n,10000p,200000b,80000s

!  ==> Fatal error occurred, no output PDF file produced!
