This is pdfTeX, Version 3.14159265-2.6-1.40.21 (TeX Live 2020) (preloaded format=pdflatex 2020.9.18)  3 OCT 2022 23:16
entering extended mode
 restricted \write18 enabled.
 %&-line parsing enabled.
**sec_fabr_methods.tex
(./sec_fabr_methods.tex
LaTeX2e <2020-02-02> patch level 5
L3 programming layer <2020-03-06>
! Undefined control sequence.
l.1 \section
            {–ú–µ—Ç–æ–¥—ã —Ñ–æ—Ä–º–∏—Ä–æ–≤–∞–Ω–∏—è —Ç—Ä–µ—Ö–º–µ—Ä–Ω—ã—Ö –º–∏...
The control sequence at the end of the top line
of your error message was never \def'ed. If you have
misspelled it (e.g., `\hobx'), type `I' and the correct
spelling (e.g., `I\hbox'). Otherwise just continue,
and I'll forget about whatever was undefined.


! Package inputenc Error: Unicode character –ú (U+041C)
(inputenc)                not set up for use with LaTeX.

See the inputenc package documentation for explanation.
Type  H <return>  for immediate help.
 ...                                              
                                                  
l.1 \section{–ú
               –µ—Ç–æ–¥—ã —Ñ–æ—Ä–º–∏—Ä–æ–≤–∞–Ω–∏—è —Ç—Ä–µ—Ö–º–µ—Ä–Ω—ã—Ö –º–∏...

You may provide a definition with
\DeclareUnicodeCharacter 


! Package inputenc Error: Unicode character –µ (U+0435)
(inputenc)                not set up for use with LaTeX.

See the inputenc package documentation for explanation.
Type  H <return>  for immediate help.
 ...                                              
                                                  
l.1 \section{–ú–µ
                 —Ç–æ–¥—ã —Ñ–æ—Ä–º–∏—Ä–æ–≤–∞–Ω–∏—è —Ç—Ä–µ—Ö–º–µ—Ä–Ω—ã—Ö –º–∏...

You may provide a definition with
\DeclareUnicodeCharacter 


! Package inputenc Error: Unicode character —Ç (U+0442)
(inputenc)                not set up for use with LaTeX.

See the inputenc package documentation for explanation.
Type  H <return>  for immediate help.
 ...                                              
                                                  
l.1 \section{–ú–µ—Ç
                   –æ–¥—ã —Ñ–æ—Ä–º–∏—Ä–æ–≤–∞–Ω–∏—è —Ç—Ä–µ—Ö–º–µ—Ä–Ω—ã—Ö –º–∏...

You may provide a definition with
\DeclareUnicodeCharacter 


! Package inputenc Error: Unicode character –æ (U+043E)
(inputenc)                not set up for use with LaTeX.

See the inputenc package documentation for explanation.
Type  H <return>  for immediate help.
 ...                                              
                                                  
l.1 \section{–ú–µ—Ç–æ
                     –¥—ã —Ñ–æ—Ä–º–∏—Ä–æ–≤–∞–Ω–∏—è —Ç—Ä–µ—Ö–º–µ—Ä–Ω—ã—Ö –º–∏...

You may provide a definition with
\DeclareUnicodeCharacter 


! Package inputenc Error: Unicode character –¥ (U+0434)
(inputenc)                not set up for use with LaTeX.

See the inputenc package documentation for explanation.
Type  H <return>  for immediate help.
 ...                                              
                                                  
l.1 \section{–ú–µ—Ç–æ–¥
                       —ã —Ñ–æ—Ä–º–∏—Ä–æ–≤–∞–Ω–∏—è —Ç—Ä–µ—Ö–º–µ—Ä–Ω—ã—Ö –º–∏...

You may provide a definition with
\DeclareUnicodeCharacter 


! Package inputenc Error: Unicode character —ã (U+044B)
(inputenc)                not set up for use with LaTeX.

See the inputenc package documentation for explanation.
Type  H <return>  for immediate help.
 ...                                              
                                                  
l.1 \section{–ú–µ—Ç–æ–¥—ã
                          —Ñ–æ—Ä–º–∏—Ä–æ–≤–∞–Ω–∏—è —Ç—Ä–µ—Ö–º–µ—Ä–Ω—ã—Ö –º–∏...

You may provide a definition with
\DeclareUnicodeCharacter 


! Package inputenc Error: Unicode character —Ñ (U+0444)
(inputenc)                not set up for use with LaTeX.

See the inputenc package documentation for explanation.
Type  H <return>  for immediate help.
 ...                                              
                                                  
l.1 \section{–ú–µ—Ç–æ–¥—ã —Ñ
                            –æ—Ä–º–∏—Ä–æ–≤–∞–Ω–∏—è —Ç—Ä–µ—Ö–º–µ—Ä–Ω—ã—Ö –º–∏...

You may provide a definition with
\DeclareUnicodeCharacter 


! Package inputenc Error: Unicode character –æ (U+043E)
(inputenc)                not set up for use with LaTeX.

See the inputenc package documentation for explanation.
Type  H <return>  for immediate help.
 ...                                              
                                                  
l.1 \section{–ú–µ—Ç–æ–¥—ã —Ñ–æ
                              —Ä–º–∏—Ä–æ–≤–∞–Ω–∏—è —Ç—Ä–µ—Ö–º–µ—Ä–Ω—ã—Ö –º–∏...

You may provide a definition with
\DeclareUnicodeCharacter 


! Package inputenc Error: Unicode character —Ä (U+0440)
(inputenc)                not set up for use with LaTeX.

See the inputenc package documentation for explanation.
Type  H <return>  for immediate help.
 ...                                              
                                                  
l.1 \section{–ú–µ—Ç–æ–¥—ã —Ñ–æ—Ä
                                –º–∏—Ä–æ–≤–∞–Ω–∏—è —Ç—Ä–µ—Ö–º–µ—Ä–Ω—ã—Ö –º–∏...

You may provide a definition with
\DeclareUnicodeCharacter 


! Package inputenc Error: Unicode character –º (U+043C)
(inputenc)                not set up for use with LaTeX.

See the inputenc package documentation for explanation.
Type  H <return>  for immediate help.
 ...                                              
                                                  
l.1 \section{–ú–µ—Ç–æ–¥—ã —Ñ–æ—Ä–º
                                  –∏—Ä–æ–≤–∞–Ω–∏—è —Ç—Ä–µ—Ö–º–µ—Ä–Ω—ã—Ö –º–∏...

You may provide a definition with
\DeclareUnicodeCharacter 


! Package inputenc Error: Unicode character –∏ (U+0438)
(inputenc)                not set up for use with LaTeX.

See the inputenc package documentation for explanation.
Type  H <return>  for immediate help.
 ...                                              
                                                  
l.1 \section{–ú–µ—Ç–æ–¥—ã —Ñ–æ—Ä–º–∏
                                    —Ä–æ–≤–∞–Ω–∏—è —Ç—Ä–µ—Ö–º–µ—Ä–Ω—ã—Ö –º–∏...

You may provide a definition with
\DeclareUnicodeCharacter 


! Package inputenc Error: Unicode character —Ä (U+0440)
(inputenc)                not set up for use with LaTeX.

See the inputenc package documentation for explanation.
Type  H <return>  for immediate help.
 ...                                              
                                                  
l.1 \section{–ú–µ—Ç–æ–¥—ã —Ñ–æ—Ä–º–∏—Ä
                                      –æ–≤–∞–Ω–∏—è —Ç—Ä–µ—Ö–º–µ—Ä–Ω—ã—Ö –º–∏...

You may provide a definition with
\DeclareUnicodeCharacter 


! Package inputenc Error: Unicode character –æ (U+043E)
(inputenc)                not set up for use with LaTeX.

See the inputenc package documentation for explanation.
Type  H <return>  for immediate help.
 ...                                              
                                                  
l.1 \section{–ú–µ—Ç–æ–¥—ã —Ñ–æ—Ä–º–∏—Ä–æ
                                        –≤–∞–Ω–∏—è —Ç—Ä–µ—Ö–º–µ—Ä–Ω—ã—Ö –º–∏...

You may provide a definition with
\DeclareUnicodeCharacter 


! Package inputenc Error: Unicode character –≤ (U+0432)
(inputenc)                not set up for use with LaTeX.

See the inputenc package documentation for explanation.
Type  H <return>  for immediate help.
 ...                                              
                                                  
l.1 \section{–ú–µ—Ç–æ–¥—ã —Ñ–æ—Ä–º–∏—Ä–æ–≤
                                          –∞–Ω–∏—è —Ç—Ä–µ—Ö–º–µ—Ä–Ω—ã—Ö –º–∏...

You may provide a definition with
\DeclareUnicodeCharacter 


! Package inputenc Error: Unicode character –∞ (U+0430)
(inputenc)                not set up for use with LaTeX.

See the inputenc package documentation for explanation.
Type  H <return>  for immediate help.
 ...                                              
                                                  
l.1 \section{–ú–µ—Ç–æ–¥—ã —Ñ–æ—Ä–º–∏—Ä–æ–≤–∞
                                            –Ω–∏—è —Ç—Ä–µ—Ö–º–µ—Ä–Ω—ã—Ö –º–∏...

You may provide a definition with
\DeclareUnicodeCharacter 


! Package inputenc Error: Unicode character –Ω (U+043D)
(inputenc)                not set up for use with LaTeX.

See the inputenc package documentation for explanation.
Type  H <return>  for immediate help.
 ...                                              
                                                  
l.1 \section{–ú–µ—Ç–æ–¥—ã —Ñ–æ—Ä–º–∏—Ä–æ–≤–∞–Ω
                                              –∏—è —Ç—Ä–µ—Ö–º–µ—Ä–Ω—ã—Ö –º–∏...

You may provide a definition with
\DeclareUnicodeCharacter 


! Package inputenc Error: Unicode character –∏ (U+0438)
(inputenc)                not set up for use with LaTeX.

See the inputenc package documentation for explanation.
Type  H <return>  for immediate help.
 ...                                              
                                                  
l.1 \section{–ú–µ—Ç–æ–¥—ã —Ñ–æ—Ä–º–∏—Ä–æ–≤–∞–Ω–∏
                                                —è —Ç—Ä–µ—Ö–º–µ—Ä–Ω—ã—Ö –º–∏...

You may provide a definition with
\DeclareUnicodeCharacter 


! Package inputenc Error: Unicode character —è (U+044F)
(inputenc)                not set up for use with LaTeX.

See the inputenc package documentation for explanation.
Type  H <return>  for immediate help.
 ...                                              
                                                  
l.1 \section{–ú–µ—Ç–æ–¥—ã —Ñ–æ—Ä–º–∏—Ä–æ–≤–∞–Ω–∏—è
                                                   —Ç—Ä–µ—Ö–º–µ—Ä–Ω—ã—Ö –º–∏...

You may provide a definition with
\DeclareUnicodeCharacter 


! Package inputenc Error: Unicode character —Ç (U+0442)
(inputenc)                not set up for use with LaTeX.

See the inputenc package documentation for explanation.
Type  H <return>  for immediate help.
 ...                                              
                                                  
l.1 ...on{–ú–µ—Ç–æ–¥—ã —Ñ–æ—Ä–º–∏—Ä–æ–≤–∞–Ω–∏—è —Ç
                                                  —Ä–µ—Ö–º–µ—Ä–Ω—ã—Ö –º–∏–∫—...

You may provide a definition with
\DeclareUnicodeCharacter 


! Package inputenc Error: Unicode character —Ä (U+0440)
(inputenc)                not set up for use with LaTeX.

See the inputenc package documentation for explanation.
Type  H <return>  for immediate help.
 ...                                              
                                                  
l.1 ...{–ú–µ—Ç–æ–¥—ã —Ñ–æ—Ä–º–∏—Ä–æ–≤–∞–Ω–∏—è —Ç—Ä
                                                  –µ—Ö–º–µ—Ä–Ω—ã—Ö –º–∏–∫—Ä–...

You may provide a definition with
\DeclareUnicodeCharacter 


! Package inputenc Error: Unicode character –µ (U+0435)
(inputenc)                not set up for use with LaTeX.

See the inputenc package documentation for explanation.
Type  H <return>  for immediate help.
 ...                                              
                                                  
l.1 ...ú–µ—Ç–æ–¥—ã —Ñ–æ—Ä–º–∏—Ä–æ–≤–∞–Ω–∏—è —Ç—Ä–µ
                                                  —Ö–º–µ—Ä–Ω—ã—Ö –º–∏–∫—Ä–æ-...

You may provide a definition with
\DeclareUnicodeCharacter 


! Package inputenc Error: Unicode character —Ö (U+0445)
(inputenc)                not set up for use with LaTeX.

See the inputenc package documentation for explanation.
Type  H <return>  for immediate help.
 ...                                              
                                                  
l.1 ...µ—Ç–æ–¥—ã —Ñ–æ—Ä–º–∏—Ä–æ–≤–∞–Ω–∏—è —Ç—Ä–µ—Ö
                                                  –º–µ—Ä–Ω—ã—Ö –º–∏–∫—Ä–æ- –...

You may provide a definition with
\DeclareUnicodeCharacter 


! Package inputenc Error: Unicode character –º (U+043C)
(inputenc)                not set up for use with LaTeX.

See the inputenc package documentation for explanation.
Type  H <return>  for immediate help.
 ...                                              
                                                  
l.1 ...Ç–æ–¥—ã —Ñ–æ—Ä–º–∏—Ä–æ–≤–∞–Ω–∏—è —Ç—Ä–µ—Ö–º
                                                  –µ—Ä–Ω—ã—Ö –º–∏–∫—Ä–æ- –∏ ...

You may provide a definition with
\DeclareUnicodeCharacter 


! Package inputenc Error: Unicode character –µ (U+0435)
(inputenc)                not set up for use with LaTeX.

See the inputenc package documentation for explanation.
Type  H <return>  for immediate help.
 ...                                              
                                                  
l.1 ...æ–¥—ã —Ñ–æ—Ä–º–∏—Ä–æ–≤–∞–Ω–∏—è —Ç—Ä–µ—Ö–º–µ
                                                  —Ä–Ω—ã—Ö –º–∏–∫—Ä–æ- –∏ –Ω...

You may provide a definition with
\DeclareUnicodeCharacter 


! Package inputenc Error: Unicode character —Ä (U+0440)
(inputenc)                not set up for use with LaTeX.

See the inputenc package documentation for explanation.
Type  H <return>  for immediate help.
 ...                                              
                                                  
l.1 ...¥—ã —Ñ–æ—Ä–º–∏—Ä–æ–≤–∞–Ω–∏—è —Ç—Ä–µ—Ö–º–µ—Ä
                                                  –Ω—ã—Ö –º–∏–∫—Ä–æ- –∏ –Ω–∞...

You may provide a definition with
\DeclareUnicodeCharacter 


! Package inputenc Error: Unicode character –Ω (U+043D)
(inputenc)                not set up for use with LaTeX.

See the inputenc package documentation for explanation.
Type  H <return>  for immediate help.
 ...                                              
                                                  
l.1 ...ã —Ñ–æ—Ä–º–∏—Ä–æ–≤–∞–Ω–∏—è —Ç—Ä–µ—Ö–º–µ—Ä–Ω
                                                  —ã—Ö –º–∏–∫—Ä–æ- –∏ –Ω–∞–Ω...

You may provide a definition with
\DeclareUnicodeCharacter 


! Package inputenc Error: Unicode character —ã (U+044B)
(inputenc)                not set up for use with LaTeX.

See the inputenc package documentation for explanation.
Type  H <return>  for immediate help.
 ...                                              
                                                  
l.1 ...—Ñ–æ—Ä–º–∏—Ä–æ–≤–∞–Ω–∏—è —Ç—Ä–µ—Ö–º–µ—Ä–Ω—ã
                                                  —Ö –º–∏–∫—Ä–æ- –∏ –Ω–∞–Ω–æ...

You may provide a definition with
\DeclareUnicodeCharacter 


! Package inputenc Error: Unicode character —Ö (U+0445)
(inputenc)                not set up for use with LaTeX.

See the inputenc package documentation for explanation.
Type  H <return>  for immediate help.
 ...                                              
                                                  
l.1 ...–æ—Ä–º–∏—Ä–æ–≤–∞–Ω–∏—è —Ç—Ä–µ—Ö–º–µ—Ä–Ω—ã—Ö
                                                   –º–∏–∫—Ä–æ- –∏ –Ω–∞–Ω–æ—Å...

You may provide a definition with
\DeclareUnicodeCharacter 


! Package inputenc Error: Unicode character –º (U+043C)
(inputenc)                not set up for use with LaTeX.

See the inputenc package documentation for explanation.
Type  H <return>  for immediate help.
 ...                                              
                                                  
l.1 ...Ä–º–∏—Ä–æ–≤–∞–Ω–∏—è —Ç—Ä–µ—Ö–º–µ—Ä–Ω—ã—Ö –º
                                                  –∏–∫—Ä–æ- –∏ –Ω–∞–Ω–æ—Å—Ç—...

You may provide a definition with
\DeclareUnicodeCharacter 


! Package inputenc Error: Unicode character –∏ (U+0438)
(inputenc)                not set up for use with LaTeX.

See the inputenc package documentation for explanation.
Type  H <return>  for immediate help.
 ...                                              
                                                  
l.1 ...º–∏—Ä–æ–≤–∞–Ω–∏—è —Ç—Ä–µ—Ö–º–µ—Ä–Ω—ã—Ö –º–∏
                                                  –∫—Ä–æ- –∏ –Ω–∞–Ω–æ—Å—Ç—Ä—...

You may provide a definition with
\DeclareUnicodeCharacter 


! Package inputenc Error: Unicode character –∫ (U+043A)
(inputenc)                not set up for use with LaTeX.

See the inputenc package documentation for explanation.
Type  H <return>  for immediate help.
 ...                                              
                                                  
l.1 ...∏—Ä–æ–≤–∞–Ω–∏—è —Ç—Ä–µ—Ö–º–µ—Ä–Ω—ã—Ö –º–∏–∫
                                                  —Ä–æ- –∏ –Ω–∞–Ω–æ—Å—Ç—Ä—É–...

You may provide a definition with
\DeclareUnicodeCharacter 


! Package inputenc Error: Unicode character —Ä (U+0440)
(inputenc)                not set up for use with LaTeX.

See the inputenc package documentation for explanation.
Type  H <return>  for immediate help.
 ...                                              
                                                  
l.1 ...Ä–æ–≤–∞–Ω–∏—è —Ç—Ä–µ—Ö–º–µ—Ä–Ω—ã—Ö –º–∏–∫—Ä
                                                  –æ- –∏ –Ω–∞–Ω–æ—Å—Ç—Ä—É–∫—...

You may provide a definition with
\DeclareUnicodeCharacter 


! Package inputenc Error: Unicode character –æ (U+043E)
(inputenc)                not set up for use with LaTeX.

See the inputenc package documentation for explanation.
Type  H <return>  for immediate help.
 ...                                              
                                                  
l.1 ...æ–≤–∞–Ω–∏—è —Ç—Ä–µ—Ö–º–µ—Ä–Ω—ã—Ö –º–∏–∫—Ä–æ
                                                  - –∏ –Ω–∞–Ω–æ—Å—Ç—Ä—É–∫—Ç—...

You may provide a definition with
\DeclareUnicodeCharacter 


! LaTeX Error: Missing \begin{document}.

See the LaTeX manual or LaTeX Companion for explanation.
Type  H <return>  for immediate help.
 ...                                              
                                                  
l.1 ...–≤–∞–Ω–∏—è —Ç—Ä–µ—Ö–º–µ—Ä–Ω—ã—Ö –º–∏–∫—Ä–æ-
                                                   –∏ –Ω–∞–Ω–æ—Å—Ç—Ä—É–∫—Ç—É—Ä}

You're in trouble here.  Try typing  <return>  to proceed.
If that doesn't work, type  X <return>  to quit.

Missing character: There is no - in font nullfont!

! Package inputenc Error: Unicode character –∏ (U+0438)
(inputenc)                not set up for use with LaTeX.

See the inputenc package documentation for explanation.
Type  H <return>  for immediate help.
 ...                                              
                                                  
l.1 ...∞–Ω–∏—è —Ç—Ä–µ—Ö–º–µ—Ä–Ω—ã—Ö –º–∏–∫—Ä–æ- –∏
                                                   –Ω–∞–Ω–æ—Å—Ç—Ä—É–∫—Ç—É—Ä}
You may provide a definition with
\DeclareUnicodeCharacter 


! Package inputenc Error: Unicode character –Ω (U+043D)
(inputenc)                not set up for use with LaTeX.

See the inputenc package documentation for explanation.
Type  H <return>  for immediate help.
 ...                                              
                                                  
l.1 ...–∏—è —Ç—Ä–µ—Ö–º–µ—Ä–Ω—ã—Ö –º–∏–∫—Ä–æ- –∏ –Ω
                                                  –∞–Ω–æ—Å—Ç—Ä—É–∫—Ç—É—Ä}
You may provide a definition with
\DeclareUnicodeCharacter 


! Package inputenc Error: Unicode character –∞ (U+0430)
(inputenc)                not set up for use with LaTeX.

See the inputenc package documentation for explanation.
Type  H <return>  for immediate help.
 ...                                              
                                                  
l.1 ...—è —Ç—Ä–µ—Ö–º–µ—Ä–Ω—ã—Ö –º–∏–∫—Ä–æ- –∏ –Ω–∞
                                                  –Ω–æ—Å—Ç—Ä—É–∫—Ç—É—Ä}
You may provide a definition with
\DeclareUnicodeCharacter 


! Package inputenc Error: Unicode character –Ω (U+043D)
(inputenc)                not set up for use with LaTeX.

See the inputenc package documentation for explanation.
Type  H <return>  for immediate help.
 ...                                              
                                                  
l.1 ... —Ç—Ä–µ—Ö–º–µ—Ä–Ω—ã—Ö –º–∏–∫—Ä–æ- –∏ –Ω–∞–Ω
                                                  –æ—Å—Ç—Ä—É–∫—Ç—É—Ä}
You may provide a definition with
\DeclareUnicodeCharacter 


! Package inputenc Error: Unicode character –æ (U+043E)
(inputenc)                not set up for use with LaTeX.

See the inputenc package documentation for explanation.
Type  H <return>  for immediate help.
 ...                                              
                                                  
l.1 ...Ç—Ä–µ—Ö–º–µ—Ä–Ω—ã—Ö –º–∏–∫—Ä–æ- –∏ –Ω–∞–Ω–æ
                                                  —Å—Ç—Ä—É–∫—Ç—É—Ä}
You may provide a definition with
\DeclareUnicodeCharacter 


! Package inputenc Error: Unicode character —Å (U+0441)
(inputenc)                not set up for use with LaTeX.

See the inputenc package documentation for explanation.
Type  H <return>  for immediate help.
 ...                                              
                                                  
l.1 ...Ä–µ—Ö–º–µ—Ä–Ω—ã—Ö –º–∏–∫—Ä–æ- –∏ –Ω–∞–Ω–æ—Å
                                                  —Ç—Ä—É–∫—Ç—É—Ä}
You may provide a definition with
\DeclareUnicodeCharacter 


! Package inputenc Error: Unicode character —Ç (U+0442)
(inputenc)                not set up for use with LaTeX.

See the inputenc package documentation for explanation.
Type  H <return>  for immediate help.
 ...                                              
                                                  
l.1 ...µ—Ö–º–µ—Ä–Ω—ã—Ö –º–∏–∫—Ä–æ- –∏ –Ω–∞–Ω–æ—Å—Ç
                                                  —Ä—É–∫—Ç—É—Ä}
You may provide a definition with
\DeclareUnicodeCharacter 


! Package inputenc Error: Unicode character —Ä (U+0440)
(inputenc)                not set up for use with LaTeX.

See the inputenc package documentation for explanation.
Type  H <return>  for immediate help.
 ...                                              
                                                  
l.1 ...Ö–º–µ—Ä–Ω—ã—Ö –º–∏–∫—Ä–æ- –∏ –Ω–∞–Ω–æ—Å—Ç—Ä
                                                  —É–∫—Ç—É—Ä}
You may provide a definition with
\DeclareUnicodeCharacter 


! Package inputenc Error: Unicode character —É (U+0443)
(inputenc)                not set up for use with LaTeX.

See the inputenc package documentation for explanation.
Type  H <return>  for immediate help.
 ...                                              
                                                  
l.1 ...º–µ—Ä–Ω—ã—Ö –º–∏–∫—Ä–æ- –∏ –Ω–∞–Ω–æ—Å—Ç—Ä—É
                                                  –∫—Ç—É—Ä}
You may provide a definition with
\DeclareUnicodeCharacter 


! Package inputenc Error: Unicode character –∫ (U+043A)
(inputenc)                not set up for use with LaTeX.

See the inputenc package documentation for explanation.
Type  H <return>  for immediate help.
 ...                                              
                                                  
l.1 ...µ—Ä–Ω—ã—Ö –º–∏–∫—Ä–æ- –∏ –Ω–∞–Ω–æ—Å—Ç—Ä—É–∫
                                                  —Ç—É—Ä}
You may provide a definition with
\DeclareUnicodeCharacter 


! Package inputenc Error: Unicode character —Ç (U+0442)
(inputenc)                not set up for use with LaTeX.

See the inputenc package documentation for explanation.
Type  H <return>  for immediate help.
 ...                                              
                                                  
l.1 ...Ä–Ω—ã—Ö –º–∏–∫—Ä–æ- –∏ –Ω–∞–Ω–æ—Å—Ç—Ä—É–∫—Ç
                                                  —É—Ä}
You may provide a definition with
\DeclareUnicodeCharacter 


! Package inputenc Error: Unicode character —É (U+0443)
(inputenc)                not set up for use with LaTeX.

See the inputenc package documentation for explanation.
Type  H <return>  for immediate help.
 ...                                              
                                                  
l.1 ...Ω—ã—Ö –º–∏–∫—Ä–æ- –∏ –Ω–∞–Ω–æ—Å—Ç—Ä—É–∫—Ç—É
                                                  —Ä}
You may provide a definition with
\DeclareUnicodeCharacter 


! Package inputenc Error: Unicode character —Ä (U+0440)
(inputenc)                not set up for use with LaTeX.

See the inputenc package documentation for explanation.
Type  H <return>  for immediate help.
 ...                                              
                                                  
l.1 ...ã—Ö –º–∏–∫—Ä–æ- –∏ –Ω–∞–Ω–æ—Å—Ç—Ä—É–∫—Ç—É—Ä
                                                  }
You may provide a definition with
\DeclareUnicodeCharacter 


Overfull \hbox (20.0pt too wide) in paragraph at lines 1--2
[]
 []


! Package inputenc Error: Unicode character –ù (U+041D)
(inputenc)                not set up for use with LaTeX.

See the inputenc package documentation for explanation.
Type  H <return>  for immediate help.
 ...                                              
                                                  
l.3 –ù
      –µ–º–Ω–æ–≥–æ –ø—Ä–æ –±–∏–Ω–∞—Ä–Ω—É—é –ª–∏—Ç–æ–≥—Ä–∞—Ñ–∏—é. –ù–æ –∫ –Ω–...

You may provide a definition with
\DeclareUnicodeCharacter 


! Package inputenc Error: Unicode character –µ (U+0435)
(inputenc)                not set up for use with LaTeX.

See the inputenc package documentation for explanation.
Type  H <return>  for immediate help.
 ...                                              
                                                  
l.3 –ù–µ
        –º–Ω–æ–≥–æ –ø—Ä–æ –±–∏–Ω–∞—Ä–Ω—É—é –ª–∏—Ç–æ–≥—Ä–∞—Ñ–∏—é. –ù–æ –∫ –Ω–...

You may provide a definition with
\DeclareUnicodeCharacter 


! Package inputenc Error: Unicode character –º (U+043C)
(inputenc)                not set up for use with LaTeX.

See the inputenc package documentation for explanation.
Type  H <return>  for immediate help.
 ...                                              
                                                  
l.3 –ù–µ–º
          –Ω–æ–≥–æ –ø—Ä–æ –±–∏–Ω–∞—Ä–Ω—É—é –ª–∏—Ç–æ–≥—Ä–∞—Ñ–∏—é. –ù–æ –∫ –Ω–...

You may provide a definition with
\DeclareUnicodeCharacter 


! Package inputenc Error: Unicode character –Ω (U+043D)
(inputenc)                not set up for use with LaTeX.

See the inputenc package documentation for explanation.
Type  H <return>  for immediate help.
 ...                                              
                                                  
l.3 –ù–µ–º–Ω
            –æ–≥–æ –ø—Ä–æ –±–∏–Ω–∞—Ä–Ω—É—é –ª–∏—Ç–æ–≥—Ä–∞—Ñ–∏—é. –ù–æ –∫ –Ω–...

You may provide a definition with
\DeclareUnicodeCharacter 


! Package inputenc Error: Unicode character –æ (U+043E)
(inputenc)                not set up for use with LaTeX.

See the inputenc package documentation for explanation.
Type  H <return>  for immediate help.
 ...                                              
                                                  
l.3 –ù–µ–º–Ω–æ
              –≥–æ –ø—Ä–æ –±–∏–Ω–∞—Ä–Ω—É—é –ª–∏—Ç–æ–≥—Ä–∞—Ñ–∏—é. –ù–æ –∫ –Ω–...

You may provide a definition with
\DeclareUnicodeCharacter 


! Package inputenc Error: Unicode character –≥ (U+0433)
(inputenc)                not set up for use with LaTeX.

See the inputenc package documentation for explanation.
Type  H <return>  for immediate help.
 ...                                              
                                                  
l.3 –ù–µ–º–Ω–æ–≥
                –æ –ø—Ä–æ –±–∏–Ω–∞—Ä–Ω—É—é –ª–∏—Ç–æ–≥—Ä–∞—Ñ–∏—é. –ù–æ –∫ –Ω–...

You may provide a definition with
\DeclareUnicodeCharacter 


! Package inputenc Error: Unicode character –æ (U+043E)
(inputenc)                not set up for use with LaTeX.

See the inputenc package documentation for explanation.
Type  H <return>  for immediate help.
 ...                                              
                                                  
l.3 –ù–µ–º–Ω–æ–≥–æ
                   –ø—Ä–æ –±–∏–Ω–∞—Ä–Ω—É—é –ª–∏—Ç–æ–≥—Ä–∞—Ñ–∏—é. –ù–æ –∫ –Ω–...

You may provide a definition with
\DeclareUnicodeCharacter 


! Package inputenc Error: Unicode character –ø (U+043F)
(inputenc)                not set up for use with LaTeX.

See the inputenc package documentation for explanation.
Type  H <return>  for immediate help.
 ...                                              
                                                  
l.3 –ù–µ–º–Ω–æ–≥–æ –ø
                     —Ä–æ –±–∏–Ω–∞—Ä–Ω—É—é –ª–∏—Ç–æ–≥—Ä–∞—Ñ–∏—é. –ù–æ –∫ –Ω–...

You may provide a definition with
\DeclareUnicodeCharacter 


! Package inputenc Error: Unicode character —Ä (U+0440)
(inputenc)                not set up for use with LaTeX.

See the inputenc package documentation for explanation.
Type  H <return>  for immediate help.
 ...                                              
                                                  
l.3 –ù–µ–º–Ω–æ–≥–æ –ø—Ä
                       –æ –±–∏–Ω–∞—Ä–Ω—É—é –ª–∏—Ç–æ–≥—Ä–∞—Ñ–∏—é. –ù–æ –∫ –Ω–...

You may provide a definition with
\DeclareUnicodeCharacter 


! Package inputenc Error: Unicode character –æ (U+043E)
(inputenc)                not set up for use with LaTeX.

See the inputenc package documentation for explanation.
Type  H <return>  for immediate help.
 ...                                              
                                                  
l.3 –ù–µ–º–Ω–æ–≥–æ –ø—Ä–æ
                          –±–∏–Ω–∞—Ä–Ω—É—é –ª–∏—Ç–æ–≥—Ä–∞—Ñ–∏—é. –ù–æ –∫ –Ω–...

You may provide a definition with
\DeclareUnicodeCharacter 


! Package inputenc Error: Unicode character –± (U+0431)
(inputenc)                not set up for use with LaTeX.

See the inputenc package documentation for explanation.
Type  H <return>  for immediate help.
 ...                                              
                                                  
l.3 –ù–µ–º–Ω–æ–≥–æ –ø—Ä–æ –±
                            –∏–Ω–∞—Ä–Ω—É—é –ª–∏—Ç–æ–≥—Ä–∞—Ñ–∏—é. –ù–æ –∫ –Ω–...

You may provide a definition with
\DeclareUnicodeCharacter 


! Package inputenc Error: Unicode character –∏ (U+0438)
(inputenc)                not set up for use with LaTeX.

See the inputenc package documentation for explanation.
Type  H <return>  for immediate help.
 ...                                              
                                                  
l.3 –ù–µ–º–Ω–æ–≥–æ –ø—Ä–æ –±–∏
                              –Ω–∞—Ä–Ω—É—é –ª–∏—Ç–æ–≥—Ä–∞—Ñ–∏—é. –ù–æ –∫ –Ω–...

You may provide a definition with
\DeclareUnicodeCharacter 


! Package inputenc Error: Unicode character –Ω (U+043D)
(inputenc)                not set up for use with LaTeX.

See the inputenc package documentation for explanation.
Type  H <return>  for immediate help.
 ...                                              
                                                  
l.3 –ù–µ–º–Ω–æ–≥–æ –ø—Ä–æ –±–∏–Ω
                                –∞—Ä–Ω—É—é –ª–∏—Ç–æ–≥—Ä–∞—Ñ–∏—é. –ù–æ –∫ –Ω–...

You may provide a definition with
\DeclareUnicodeCharacter 


! Package inputenc Error: Unicode character –∞ (U+0430)
(inputenc)                not set up for use with LaTeX.

See the inputenc package documentation for explanation.
Type  H <return>  for immediate help.
 ...                                              
                                                  
l.3 –ù–µ–º–Ω–æ–≥–æ –ø—Ä–æ –±–∏–Ω–∞
                                  —Ä–Ω—É—é –ª–∏—Ç–æ–≥—Ä–∞—Ñ–∏—é. –ù–æ –∫ –Ω–...

You may provide a definition with
\DeclareUnicodeCharacter 


! Package inputenc Error: Unicode character —Ä (U+0440)
(inputenc)                not set up for use with LaTeX.

See the inputenc package documentation for explanation.
Type  H <return>  for immediate help.
 ...                                              
                                                  
l.3 –ù–µ–º–Ω–æ–≥–æ –ø—Ä–æ –±–∏–Ω–∞—Ä
                                    –Ω—É—é –ª–∏—Ç–æ–≥—Ä–∞—Ñ–∏—é. –ù–æ –∫ –Ω–...

You may provide a definition with
\DeclareUnicodeCharacter 


! Package inputenc Error: Unicode character –Ω (U+043D)
(inputenc)                not set up for use with LaTeX.

See the inputenc package documentation for explanation.
Type  H <return>  for immediate help.
 ...                                              
                                                  
l.3 –ù–µ–º–Ω–æ–≥–æ –ø—Ä–æ –±–∏–Ω–∞—Ä–Ω
                                      —É—é –ª–∏—Ç–æ–≥—Ä–∞—Ñ–∏—é. –ù–æ –∫ –Ω–...

You may provide a definition with
\DeclareUnicodeCharacter 


! Package inputenc Error: Unicode character —É (U+0443)
(inputenc)                not set up for use with LaTeX.

See the inputenc package documentation for explanation.
Type  H <return>  for immediate help.
 ...                                              
                                                  
l.3 –ù–µ–º–Ω–æ–≥–æ –ø—Ä–æ –±–∏–Ω–∞—Ä–Ω—É
                                        —é –ª–∏—Ç–æ–≥—Ä–∞—Ñ–∏—é. –ù–æ –∫ –Ω–...

You may provide a definition with
\DeclareUnicodeCharacter 


! Package inputenc Error: Unicode character —é (U+044E)
(inputenc)                not set up for use with LaTeX.

See the inputenc package documentation for explanation.
Type  H <return>  for immediate help.
 ...                                              
                                                  
l.3 –ù–µ–º–Ω–æ–≥–æ –ø—Ä–æ –±–∏–Ω–∞—Ä–Ω—É—é
                                           –ª–∏—Ç–æ–≥—Ä–∞—Ñ–∏—é. –ù–æ –∫ –Ω–...

You may provide a definition with
\DeclareUnicodeCharacter 


! Package inputenc Error: Unicode character –ª (U+043B)
(inputenc)                not set up for use with LaTeX.

See the inputenc package documentation for explanation.
Type  H <return>  for immediate help.
 ...                                              
                                                  
l.3 –ù–µ–º–Ω–æ–≥–æ –ø—Ä–æ –±–∏–Ω–∞—Ä–Ω—É—é –ª
                                             –∏—Ç–æ–≥—Ä–∞—Ñ–∏—é. –ù–æ –∫ –Ω–...

You may provide a definition with
\DeclareUnicodeCharacter 


! Package inputenc Error: Unicode character –∏ (U+0438)
(inputenc)                not set up for use with LaTeX.

See the inputenc package documentation for explanation.
Type  H <return>  for immediate help.
 ...                                              
                                                  
l.3 –ù–µ–º–Ω–æ–≥–æ –ø—Ä–æ –±–∏–Ω–∞—Ä–Ω—É—é –ª–∏
                                               —Ç–æ–≥—Ä–∞—Ñ–∏—é. –ù–æ –∫ –Ω–...

You may provide a definition with
\DeclareUnicodeCharacter 


! Package inputenc Error: Unicode character —Ç (U+0442)
(inputenc)                not set up for use with LaTeX.

See the inputenc package documentation for explanation.
Type  H <return>  for immediate help.
 ...                                              
                                                  
l.3 –ù–µ–º–Ω–æ–≥–æ –ø—Ä–æ –±–∏–Ω–∞—Ä–Ω—É—é –ª–∏—Ç
                                                 –æ–≥—Ä–∞—Ñ–∏—é. –ù–æ –∫ –Ω–...

You may provide a definition with
\DeclareUnicodeCharacter 


! Package inputenc Error: Unicode character –æ (U+043E)
(inputenc)                not set up for use with LaTeX.

See the inputenc package documentation for explanation.
Type  H <return>  for immediate help.
 ...                                              
                                                  
l.3 ...–º–Ω–æ–≥–æ –ø—Ä–æ –±–∏–Ω–∞—Ä–Ω—É—é –ª–∏—Ç–æ
                                                  –≥—Ä–∞—Ñ–∏—é. –ù–æ –∫ –Ω–∞...

You may provide a definition with
\DeclareUnicodeCharacter 


! Package inputenc Error: Unicode character –≥ (U+0433)
(inputenc)                not set up for use with LaTeX.

See the inputenc package documentation for explanation.
Type  H <return>  for immediate help.
 ...                                              
                                                  
l.3 ...–Ω–æ–≥–æ –ø—Ä–æ –±–∏–Ω–∞—Ä–Ω—É—é –ª–∏—Ç–æ–≥
                                                  —Ä–∞—Ñ–∏—é. –ù–æ –∫ –Ω–∞—Å...

You may provide a definition with
\DeclareUnicodeCharacter 


! Package inputenc Error: Unicode character —Ä (U+0440)
(inputenc)                not set up for use with LaTeX.

See the inputenc package documentation for explanation.
Type  H <return>  for immediate help.
 ...                                              
                                                  
l.3 ...–æ–≥–æ –ø—Ä–æ –±–∏–Ω–∞—Ä–Ω—É—é –ª–∏—Ç–æ–≥—Ä
                                                  –∞—Ñ–∏—é. –ù–æ –∫ –Ω–∞—Å—Ç...

You may provide a definition with
\DeclareUnicodeCharacter 


! Package inputenc Error: Unicode character –∞ (U+0430)
(inputenc)                not set up for use with LaTeX.

See the inputenc package documentation for explanation.
Type  H <return>  for immediate help.
 ...                                              
                                                  
l.3 ...–≥–æ –ø—Ä–æ –±–∏–Ω–∞—Ä–Ω—É—é –ª–∏—Ç–æ–≥—Ä–∞
                                                  —Ñ–∏—é. –ù–æ –∫ –Ω–∞—Å—Ç–æ...

You may provide a definition with
\DeclareUnicodeCharacter 


! Package inputenc Error: Unicode character —Ñ (U+0444)
(inputenc)                not set up for use with LaTeX.

See the inputenc package documentation for explanation.
Type  H <return>  for immediate help.
 ...                                              
                                                  
l.3 ...–æ –ø—Ä–æ –±–∏–Ω–∞—Ä–Ω—É—é –ª–∏—Ç–æ–≥—Ä–∞—Ñ
                                                  –∏—é. –ù–æ –∫ –Ω–∞—Å—Ç–æ—è...

You may provide a definition with
\DeclareUnicodeCharacter 


! Package inputenc Error: Unicode character –∏ (U+0438)
(inputenc)                not set up for use with LaTeX.

See the inputenc package documentation for explanation.
Type  H <return>  for immediate help.
 ...                                              
                                                  
l.3 ... –ø—Ä–æ –±–∏–Ω–∞—Ä–Ω—É—é –ª–∏—Ç–æ–≥—Ä–∞—Ñ–∏
                                                  —é. –ù–æ –∫ –Ω–∞—Å—Ç–æ—è—â...

You may provide a definition with
\DeclareUnicodeCharacter 


! Package inputenc Error: Unicode character —é (U+044E)
(inputenc)                not set up for use with LaTeX.

See the inputenc package documentation for explanation.
Type  H <return>  for immediate help.
 ...                                              
                                                  
l.3 ...ø—Ä–æ –±–∏–Ω–∞—Ä–Ω—É—é –ª–∏—Ç–æ–≥—Ä–∞—Ñ–∏—é
                                                  . –ù–æ –∫ –Ω–∞—Å—Ç–æ—è—â–µ...

You may provide a definition with
\DeclareUnicodeCharacter 


! LaTeX Error: Missing \begin{document}.

See the LaTeX manual or LaTeX Companion for explanation.
Type  H <return>  for immediate help.
 ...                                              
                                                  
l.3 ...—Ä–æ –±–∏–Ω–∞—Ä–Ω—É—é –ª–∏—Ç–æ–≥—Ä–∞—Ñ–∏—é.
                                                   –ù–æ –∫ –Ω–∞—Å—Ç–æ—è—â–µ–...

You're in trouble here.  Try typing  <return>  to proceed.
If that doesn't work, type  X <return>  to quit.

Missing character: There is no . in font nullfont!

! Package inputenc Error: Unicode character –ù (U+041D)
(inputenc)                not set up for use with LaTeX.

See the inputenc package documentation for explanation.
Type  H <return>  for immediate help.
 ...                                              
                                                  
l.3 ...æ –±–∏–Ω–∞—Ä–Ω—É—é –ª–∏—Ç–æ–≥—Ä–∞—Ñ–∏—é. –ù
                                                  –æ –∫ –Ω–∞—Å—Ç–æ—è—â–µ–º—É...

You may provide a definition with
\DeclareUnicodeCharacter 


! Package inputenc Error: Unicode character –æ (U+043E)
(inputenc)                not set up for use with LaTeX.

See the inputenc package documentation for explanation.
Type  H <return>  for immediate help.
 ...                                              
                                                  
l.3 ...–±–∏–Ω–∞—Ä–Ω—É—é –ª–∏—Ç–æ–≥—Ä–∞—Ñ–∏—é. –ù–æ
                                                   –∫ –Ω–∞—Å—Ç–æ—è—â–µ–º—É –...

You may provide a definition with
\DeclareUnicodeCharacter 


! Package inputenc Error: Unicode character –∫ (U+043A)
(inputenc)                not set up for use with LaTeX.

See the inputenc package documentation for explanation.
Type  H <return>  for immediate help.
 ...                                              
                                                  
l.3 ...∏–Ω–∞—Ä–Ω—É—é –ª–∏—Ç–æ–≥—Ä–∞—Ñ–∏—é. –ù–æ –∫
                                                   –Ω–∞—Å—Ç–æ—è—â–µ–º—É –≤—Ä...

You may provide a definition with
\DeclareUnicodeCharacter 


! Package inputenc Error: Unicode character –Ω (U+043D)
(inputenc)                not set up for use with LaTeX.

See the inputenc package documentation for explanation.
Type  H <return>  for immediate help.
 ...                                              
                                                  
l.3 ...–∞—Ä–Ω—É—é –ª–∏—Ç–æ–≥—Ä–∞—Ñ–∏—é. –ù–æ –∫ –Ω
                                                  –∞—Å—Ç–æ—è—â–µ–º—É –≤—Ä–µ–...

You may provide a definition with
\DeclareUnicodeCharacter 


! Package inputenc Error: Unicode character –∞ (U+0430)
(inputenc)                not set up for use with LaTeX.

See the inputenc package documentation for explanation.
Type  H <return>  for immediate help.
 ...                                              
                                                  
l.3 ...—Ä–Ω—É—é –ª–∏—Ç–æ–≥—Ä–∞—Ñ–∏—é. –ù–æ –∫ –Ω–∞
                                                  —Å—Ç–æ—è—â–µ–º—É –≤—Ä–µ–º–...

You may provide a definition with
\DeclareUnicodeCharacter 


! Package inputenc Error: Unicode character —Å (U+0441)
(inputenc)                not set up for use with LaTeX.

See the inputenc package documentation for explanation.
Type  H <return>  for immediate help.
 ...                                              
                                                  
l.3 ...–Ω—É—é –ª–∏—Ç–æ–≥—Ä–∞—Ñ–∏—é. –ù–æ –∫ –Ω–∞—Å
                                                  —Ç–æ—è—â–µ–º—É –≤—Ä–µ–º–µ–...

You may provide a definition with
\DeclareUnicodeCharacter 


! Package inputenc Error: Unicode character —Ç (U+0442)
(inputenc)                not set up for use with LaTeX.

See the inputenc package documentation for explanation.
Type  H <return>  for immediate help.
 ...                                              
                                                  
l.3 ...—É—é –ª–∏—Ç–æ–≥—Ä–∞—Ñ–∏—é. –ù–æ –∫ –Ω–∞—Å—Ç
                                                  –æ—è—â–µ–º—É –≤—Ä–µ–º–µ–Ω–...

You may provide a definition with
\DeclareUnicodeCharacter 


! Package inputenc Error: Unicode character –æ (U+043E)
(inputenc)                not set up for use with LaTeX.

See the inputenc package documentation for explanation.
Type  H <return>  for immediate help.
 ...                                              
                                                  
l.3 ...—é –ª–∏—Ç–æ–≥—Ä–∞—Ñ–∏—é. –ù–æ –∫ –Ω–∞—Å—Ç–æ
                                                  —è—â–µ–º—É –≤—Ä–µ–º–µ–Ω–∏ ...

You may provide a definition with
\DeclareUnicodeCharacter 


! Package inputenc Error: Unicode character —è (U+044F)
(inputenc)                not set up for use with LaTeX.

See the inputenc package documentation for explanation.
Type  H <return>  for immediate help.
 ...                                              
                                                  
l.3 ... –ª–∏—Ç–æ–≥—Ä–∞—Ñ–∏—é. –ù–æ –∫ –Ω–∞—Å—Ç–æ—è
                                                  —â–µ–º—É –≤—Ä–µ–º–µ–Ω–∏ –ø...

You may provide a definition with
\DeclareUnicodeCharacter 


! Package inputenc Error: Unicode character —â (U+0449)
(inputenc)                not set up for use with LaTeX.

See the inputenc package documentation for explanation.
Type  H <return>  for immediate help.
 ...                                              
                                                  
l.3 ...ª–∏—Ç–æ–≥—Ä–∞—Ñ–∏—é. –ù–æ –∫ –Ω–∞—Å—Ç–æ—è—â
                                                  –µ–º—É –≤—Ä–µ–º–µ–Ω–∏ –ø–æ...

You may provide a definition with
\DeclareUnicodeCharacter 


! Package inputenc Error: Unicode character –µ (U+0435)
(inputenc)                not set up for use with LaTeX.

See the inputenc package documentation for explanation.
Type  H <return>  for immediate help.
 ...                                              
                                                  
l.3 ...∏—Ç–æ–≥—Ä–∞—Ñ–∏—é. –ù–æ –∫ –Ω–∞—Å—Ç–æ—è—â–µ
                                                  –º—É –≤—Ä–µ–º–µ–Ω–∏ –ø–æ—è...

You may provide a definition with
\DeclareUnicodeCharacter 


! Package inputenc Error: Unicode character –º (U+043C)
(inputenc)                not set up for use with LaTeX.

See the inputenc package documentation for explanation.
Type  H <return>  for immediate help.
 ...                                              
                                                  
l.3 ...Ç–æ–≥—Ä–∞—Ñ–∏—é. –ù–æ –∫ –Ω–∞—Å—Ç–æ—è—â–µ–º
                                                  —É –≤—Ä–µ–º–µ–Ω–∏ –ø–æ—è–≤...

You may provide a definition with
\DeclareUnicodeCharacter 


! Package inputenc Error: Unicode character —É (U+0443)
(inputenc)                not set up for use with LaTeX.

See the inputenc package documentation for explanation.
Type  H <return>  for immediate help.
 ...                                              
                                                  
l.3 ...æ–≥—Ä–∞—Ñ–∏—é. –ù–æ –∫ –Ω–∞—Å—Ç–æ—è—â–µ–º—É
                                                   –≤—Ä–µ–º–µ–Ω–∏ –ø–æ—è–≤–∏...

You may provide a definition with
\DeclareUnicodeCharacter 


! Package inputenc Error: Unicode character –≤ (U+0432)
(inputenc)                not set up for use with LaTeX.

See the inputenc package documentation for explanation.
Type  H <return>  for immediate help.
 ...                                              
                                                  
l.3 ...—Ä–∞—Ñ–∏—é. –ù–æ –∫ –Ω–∞—Å—Ç–æ—è—â–µ–º—É –≤
                                                  —Ä–µ–º–µ–Ω–∏ –ø–æ—è–≤–∏–ª–...

You may provide a definition with
\DeclareUnicodeCharacter 


! Package inputenc Error: Unicode character —Ä (U+0440)
(inputenc)                not set up for use with LaTeX.

See the inputenc package documentation for explanation.
Type  H <return>  for immediate help.
 ...                                              
                                                  
l.3 ...–∞—Ñ–∏—é. –ù–æ –∫ –Ω–∞—Å—Ç–æ—è—â–µ–º—É –≤—Ä
                                                  –µ–º–µ–Ω–∏ –ø–æ—è–≤–∏–ª–æ—...

You may provide a definition with
\DeclareUnicodeCharacter 


! Package inputenc Error: Unicode character –µ (U+0435)
(inputenc)                not set up for use with LaTeX.

See the inputenc package documentation for explanation.
Type  H <return>  for immediate help.
 ...                                              
                                                  
l.3 ...—Ñ–∏—é. –ù–æ –∫ –Ω–∞—Å—Ç–æ—è—â–µ–º—É –≤—Ä–µ
                                                  –º–µ–Ω–∏ –ø–æ—è–≤–∏–ª–æ—Å—...

You may provide a definition with
\DeclareUnicodeCharacter 


! Package inputenc Error: Unicode character –º (U+043C)
(inputenc)                not set up for use with LaTeX.

See the inputenc package documentation for explanation.
Type  H <return>  for immediate help.
 ...                                              
                                                  
l.3 ...–∏—é. –ù–æ –∫ –Ω–∞—Å—Ç–æ—è—â–µ–º—É –≤—Ä–µ–º
                                                  –µ–Ω–∏ –ø–æ—è–≤–∏–ª–æ—Å—å ...

You may provide a definition with
\DeclareUnicodeCharacter 


! Package inputenc Error: Unicode character –µ (U+0435)
(inputenc)                not set up for use with LaTeX.

See the inputenc package documentation for explanation.
Type  H <return>  for immediate help.
 ...                                              
                                                  
l.3 ...—é. –ù–æ –∫ –Ω–∞—Å—Ç–æ—è—â–µ–º—É –≤—Ä–µ–º–µ
                                                  –Ω–∏ –ø–æ—è–≤–∏–ª–æ—Å—å –º...

You may provide a definition with
\DeclareUnicodeCharacter 


! Package inputenc Error: Unicode character –Ω (U+043D)
(inputenc)                not set up for use with LaTeX.

See the inputenc package documentation for explanation.
Type  H <return>  for immediate help.
 ...                                              
                                                  
l.3 .... –ù–æ –∫ –Ω–∞—Å—Ç–æ—è—â–µ–º—É –≤—Ä–µ–º–µ–Ω
                                                  –∏ –ø–æ—è–≤–∏–ª–æ—Å—å –º–Ω...

You may provide a definition with
\DeclareUnicodeCharacter 


! Package inputenc Error: Unicode character –∏ (U+0438)
(inputenc)                not set up for use with LaTeX.

See the inputenc package documentation for explanation.
Type  H <return>  for immediate help.
 ...                                              
                                                  
l.3 ...–ù–æ –∫ –Ω–∞—Å—Ç–æ—è—â–µ–º—É –≤—Ä–µ–º–µ–Ω–∏
                                                   –ø–æ—è–≤–∏–ª–æ—Å—å –º–Ω–æ...

You may provide a definition with
\DeclareUnicodeCharacter 


! Package inputenc Error: Unicode character –ø (U+043F)
(inputenc)                not set up for use with LaTeX.

See the inputenc package documentation for explanation.
Type  H <return>  for immediate help.
 ...                                              
                                                  
l.3 ...æ –∫ –Ω–∞—Å—Ç–æ—è—â–µ–º—É –≤—Ä–µ–º–µ–Ω–∏ –ø
                                                  –æ—è–≤–∏–ª–æ—Å—å –º–Ω–æ–∂–...

You may provide a definition with
\DeclareUnicodeCharacter 


! Package inputenc Error: Unicode character –æ (U+043E)
(inputenc)                not set up for use with LaTeX.

See the inputenc package documentation for explanation.
Type  H <return>  for immediate help.
 ...                                              
                                                  
l.3 ...–∫ –Ω–∞—Å—Ç–æ—è—â–µ–º—É –≤—Ä–µ–º–µ–Ω–∏ –ø–æ
                                                  —è–≤–∏–ª–æ—Å—å –º–Ω–æ–∂–µ—...

You may provide a definition with
\DeclareUnicodeCharacter 


! Package inputenc Error: Unicode character —è (U+044F)
(inputenc)                not set up for use with LaTeX.

See the inputenc package documentation for explanation.
Type  H <return>  for immediate help.
 ...                                              
                                                  
l.3 ... –Ω–∞—Å—Ç–æ—è—â–µ–º—É –≤—Ä–µ–º–µ–Ω–∏ –ø–æ—è
                                                  –≤–∏–ª–æ—Å—å –º–Ω–æ–∂–µ—Å—...

You may provide a definition with
\DeclareUnicodeCharacter 


! Package inputenc Error: Unicode character –≤ (U+0432)
(inputenc)                not set up for use with LaTeX.

See the inputenc package documentation for explanation.
Type  H <return>  for immediate help.
 ...                                              
                                                  
l.3 ...Ω–∞—Å—Ç–æ—è—â–µ–º—É –≤—Ä–µ–º–µ–Ω–∏ –ø–æ—è–≤
                                                  –∏–ª–æ—Å—å –º–Ω–æ–∂–µ—Å—Ç–...

You may provide a definition with
\DeclareUnicodeCharacter 


! Package inputenc Error: Unicode character –∏ (U+0438)
(inputenc)                not set up for use with LaTeX.

See the inputenc package documentation for explanation.
Type  H <return>  for immediate help.
 ...                                              
                                                  
l.3 ...∞—Å—Ç–æ—è—â–µ–º—É –≤—Ä–µ–º–µ–Ω–∏ –ø–æ—è–≤–∏
                                                  –ª–æ—Å—å –º–Ω–æ–∂–µ—Å—Ç–≤–...

You may provide a definition with
\DeclareUnicodeCharacter 


! Package inputenc Error: Unicode character –ª (U+043B)
(inputenc)                not set up for use with LaTeX.

See the inputenc package documentation for explanation.
Type  H <return>  for immediate help.
 ...                                              
                                                  
l.3 ...Å—Ç–æ—è—â–µ–º—É –≤—Ä–µ–º–µ–Ω–∏ –ø–æ—è–≤–∏–ª
                                                  –æ—Å—å –º–Ω–æ–∂–µ—Å—Ç–≤–æ ...

You may provide a definition with
\DeclareUnicodeCharacter 


! Package inputenc Error: Unicode character –æ (U+043E)
(inputenc)                not set up for use with LaTeX.

See the inputenc package documentation for explanation.
Type  H <return>  for immediate help.
 ...                                              
                                                  
l.3 ...Ç–æ—è—â–µ–º—É –≤—Ä–µ–º–µ–Ω–∏ –ø–æ—è–≤–∏–ª–æ
                                                  —Å—å –º–Ω–æ–∂–µ—Å—Ç–≤–æ –æ...

You may provide a definition with
\DeclareUnicodeCharacter 


! Package inputenc Error: Unicode character —Å (U+0441)
(inputenc)                not set up for use with LaTeX.

See the inputenc package documentation for explanation.
Type  H <return>  for immediate help.
 ...                                              
                                                  
l.3 ...æ—è—â–µ–º—É –≤—Ä–µ–º–µ–Ω–∏ –ø–æ—è–≤–∏–ª–æ—Å
                                                  —å –º–Ω–æ–∂–µ—Å—Ç–≤–æ –æ–±...

You may provide a definition with
\DeclareUnicodeCharacter 


! Package inputenc Error: Unicode character —å (U+044C)
(inputenc)                not set up for use with LaTeX.

See the inputenc package documentation for explanation.
Type  H <return>  for immediate help.
 ...                                              
                                                  
l.3 ...è—â–µ–º—É –≤—Ä–µ–º–µ–Ω–∏ –ø–æ—è–≤–∏–ª–æ—Å—å
                                                   –º–Ω–æ–∂–µ—Å—Ç–≤–æ –æ–±–ª...

You may provide a definition with
\DeclareUnicodeCharacter 


! Package inputenc Error: Unicode character –º (U+043C)
(inputenc)                not set up for use with LaTeX.

See the inputenc package documentation for explanation.
Type  H <return>  for immediate help.
 ...                                              
                                                  
l.3 ...–µ–º—É –≤—Ä–µ–º–µ–Ω–∏ –ø–æ—è–≤–∏–ª–æ—Å—å –º
                                                  –Ω–æ–∂–µ—Å—Ç–≤–æ –æ–±–ª–∞—...

You may provide a definition with
\DeclareUnicodeCharacter 


! Package inputenc Error: Unicode character –Ω (U+043D)
(inputenc)                not set up for use with LaTeX.

See the inputenc package documentation for explanation.
Type  H <return>  for immediate help.
 ...                                              
                                                  
l.3 ...–º—É –≤—Ä–µ–º–µ–Ω–∏ –ø–æ—è–≤–∏–ª–æ—Å—å –º–Ω
                                                  –æ–∂–µ—Å—Ç–≤–æ –æ–±–ª–∞—Å—...

You may provide a definition with
\DeclareUnicodeCharacter 


! Package inputenc Error: Unicode character –æ (U+043E)
(inputenc)                not set up for use with LaTeX.

See the inputenc package documentation for explanation.
Type  H <return>  for immediate help.
 ...                                              
                                                  
l.3 ...—É –≤—Ä–µ–º–µ–Ω–∏ –ø–æ—è–≤–∏–ª–æ—Å—å –º–Ω–æ
                                                  –∂–µ—Å—Ç–≤–æ –æ–±–ª–∞—Å—Ç–...

You may provide a definition with
\DeclareUnicodeCharacter 


! Package inputenc Error: Unicode character –∂ (U+0436)
(inputenc)                not set up for use with LaTeX.

See the inputenc package documentation for explanation.
Type  H <return>  for immediate help.
 ...                                              
                                                  
l.3 ... –≤—Ä–µ–º–µ–Ω–∏ –ø–æ—è–≤–∏–ª–æ—Å—å –º–Ω–æ–∂
                                                  –µ—Å—Ç–≤–æ –æ–±–ª–∞—Å—Ç–µ–...

You may provide a definition with
\DeclareUnicodeCharacter 


! Package inputenc Error: Unicode character –µ (U+0435)
(inputenc)                not set up for use with LaTeX.

See the inputenc package documentation for explanation.
Type  H <return>  for immediate help.
 ...                                              
                                                  
l.3 ...≤—Ä–µ–º–µ–Ω–∏ –ø–æ—è–≤–∏–ª–æ—Å—å –º–Ω–æ–∂–µ
                                                  —Å—Ç–≤–æ –æ–±–ª–∞—Å—Ç–µ–π,...

You may provide a definition with
\DeclareUnicodeCharacter 


! Package inputenc Error: Unicode character —Å (U+0441)
(inputenc)                not set up for use with LaTeX.

See the inputenc package documentation for explanation.
Type  H <return>  for immediate help.
 ...                                              
                                                  
l.3 ...Ä–µ–º–µ–Ω–∏ –ø–æ—è–≤–∏–ª–æ—Å—å –º–Ω–æ–∂–µ—Å
                                                  —Ç–≤–æ –æ–±–ª–∞—Å—Ç–µ–π, –...

You may provide a definition with
\DeclareUnicodeCharacter 


! Package inputenc Error: Unicode character —Ç (U+0442)
(inputenc)                not set up for use with LaTeX.

See the inputenc package documentation for explanation.
Type  H <return>  for immediate help.
 ...                                              
                                                  
l.3 ...µ–º–µ–Ω–∏ –ø–æ—è–≤–∏–ª–æ—Å—å –º–Ω–æ–∂–µ—Å—Ç
                                                  –≤–æ –æ–±–ª–∞—Å—Ç–µ–π, –≤ ...

You may provide a definition with
\DeclareUnicodeCharacter 


! Package inputenc Error: Unicode character –≤ (U+0432)
(inputenc)                not set up for use with LaTeX.

See the inputenc package documentation for explanation.
Type  H <return>  for immediate help.
 ...                                              
                                                  
l.3 ...º–µ–Ω–∏ –ø–æ—è–≤–∏–ª–æ—Å—å –º–Ω–æ–∂–µ—Å—Ç–≤
                                                  –æ –æ–±–ª–∞—Å—Ç–µ–π, –≤ –∫...

You may provide a definition with
\DeclareUnicodeCharacter 


! Package inputenc Error: Unicode character –æ (U+043E)
(inputenc)                not set up for use with LaTeX.

See the inputenc package documentation for explanation.
Type  H <return>  for immediate help.
 ...                                              
                                                  
l.3 ...µ–Ω–∏ –ø–æ—è–≤–∏–ª–æ—Å—å –º–Ω–æ–∂–µ—Å—Ç–≤–æ
                                                   –æ–±–ª–∞—Å—Ç–µ–π, –≤ –∫–æ...

You may provide a definition with
\DeclareUnicodeCharacter 


! Package inputenc Error: Unicode character –æ (U+043E)
(inputenc)                not set up for use with LaTeX.

See the inputenc package documentation for explanation.
Type  H <return>  for immediate help.
 ...                                              
                                                  
l.3 ...–∏ –ø–æ—è–≤–∏–ª–æ—Å—å –º–Ω–æ–∂–µ—Å—Ç–≤–æ –æ
                                                  –±–ª–∞—Å—Ç–µ–π, –≤ –∫–æ—Ç–...

You may provide a definition with
\DeclareUnicodeCharacter 


! Package inputenc Error: Unicode character –± (U+0431)
(inputenc)                not set up for use with LaTeX.

See the inputenc package documentation for explanation.
Type  H <return>  for immediate help.
 ...                                              
                                                  
l.3 ... –ø–æ—è–≤–∏–ª–æ—Å—å –º–Ω–æ–∂–µ—Å—Ç–≤–æ –æ–±
                                                  –ª–∞—Å—Ç–µ–π, –≤ –∫–æ—Ç–æ—...

You may provide a definition with
\DeclareUnicodeCharacter 


! Package inputenc Error: Unicode character –ª (U+043B)
(inputenc)                not set up for use with LaTeX.

See the inputenc package documentation for explanation.
Type  H <return>  for immediate help.
 ...                                              
                                                  
l.3 ...ø–æ—è–≤–∏–ª–æ—Å—å –º–Ω–æ–∂–µ—Å—Ç–≤–æ –æ–±–ª
                                                  –∞—Å—Ç–µ–π, –≤ –∫–æ—Ç–æ—Ä—...

You may provide a definition with
\DeclareUnicodeCharacter 


! Package inputenc Error: Unicode character –∞ (U+0430)
(inputenc)                not set up for use with LaTeX.

See the inputenc package documentation for explanation.
Type  H <return>  for immediate help.
 ...                                              
                                                  
l.3 ...æ—è–≤–∏–ª–æ—Å—å –º–Ω–æ–∂–µ—Å—Ç–≤–æ –æ–±–ª–∞
                                                  —Å—Ç–µ–π, –≤ –∫–æ—Ç–æ—Ä—ã—...

You may provide a definition with
\DeclareUnicodeCharacter 


! Package inputenc Error: Unicode character —Å (U+0441)
(inputenc)                not set up for use with LaTeX.

See the inputenc package documentation for explanation.
Type  H <return>  for immediate help.
 ...                                              
                                                  
l.3 ...è–≤–∏–ª–æ—Å—å –º–Ω–æ–∂–µ—Å—Ç–≤–æ –æ–±–ª–∞—Å
                                                  —Ç–µ–π, –≤ –∫–æ—Ç–æ—Ä—ã—Ö ...

You may provide a definition with
\DeclareUnicodeCharacter 


! Package inputenc Error: Unicode character —Ç (U+0442)
(inputenc)                not set up for use with LaTeX.

See the inputenc package documentation for explanation.
Type  H <return>  for immediate help.
 ...                                              
                                                  
l.3 ...≤–∏–ª–æ—Å—å –º–Ω–æ–∂–µ—Å—Ç–≤–æ –æ–±–ª–∞—Å—Ç
                                                  –µ–π, –≤ –∫–æ—Ç–æ—Ä—ã—Ö –≤...

You may provide a definition with
\DeclareUnicodeCharacter 


! Package inputenc Error: Unicode character –µ (U+0435)
(inputenc)                not set up for use with LaTeX.

See the inputenc package documentation for explanation.
Type  H <return>  for immediate help.
 ...                                              
                                                  
l.3 ...∏–ª–æ—Å—å –º–Ω–æ–∂–µ—Å—Ç–≤–æ –æ–±–ª–∞—Å—Ç–µ
                                                  –π, –≤ –∫–æ—Ç–æ—Ä—ã—Ö –≤–æ...

You may provide a definition with
\DeclareUnicodeCharacter 


! Package inputenc Error: Unicode character –π (U+0439)
(inputenc)                not set up for use with LaTeX.

See the inputenc package documentation for explanation.
Type  H <return>  for immediate help.
 ...                                              
                                                  
l.3 ...ª–æ—Å—å –º–Ω–æ–∂–µ—Å—Ç–≤–æ –æ–±–ª–∞—Å—Ç–µ–π
                                                  , –≤ –∫–æ—Ç–æ—Ä—ã—Ö –≤–æ–∑...

You may provide a definition with
\DeclareUnicodeCharacter 

Missing character: There is no , in font nullfont!

! Package inputenc Error: Unicode character –≤ (U+0432)
(inputenc)                not set up for use with LaTeX.

See the inputenc package documentation for explanation.
Type  H <return>  for immediate help.
 ...                                              
                                                  
l.3 ...Å—å –º–Ω–æ–∂–µ—Å—Ç–≤–æ –æ–±–ª–∞—Å—Ç–µ–π, –≤
                                                   –∫–æ—Ç–æ—Ä—ã—Ö –≤–æ–∑–Ω–∏...

You may provide a definition with
\DeclareUnicodeCharacter 


! Package inputenc Error: Unicode character –∫ (U+043A)
(inputenc)                not set up for use with LaTeX.

See the inputenc package documentation for explanation.
Type  H <return>  for immediate help.
 ...                                              
                                                  
l.3 ... –º–Ω–æ–∂–µ—Å—Ç–≤–æ –æ–±–ª–∞—Å—Ç–µ–π, –≤ –∫
                                                  –æ—Ç–æ—Ä—ã—Ö –≤–æ–∑–Ω–∏–∫–...

You may provide a definition with
\DeclareUnicodeCharacter 


! Package inputenc Error: Unicode character –æ (U+043E)
(inputenc)                not set up for use with LaTeX.

See the inputenc package documentation for explanation.
Type  H <return>  for immediate help.
 ...                                              
                                                  
l.3 ...º–Ω–æ–∂–µ—Å—Ç–≤–æ –æ–±–ª–∞—Å—Ç–µ–π, –≤ –∫–æ
                                                  —Ç–æ—Ä—ã—Ö –≤–æ–∑–Ω–∏–∫–ª–...

You may provide a definition with
\DeclareUnicodeCharacter 


! Package inputenc Error: Unicode character —Ç (U+0442)
(inputenc)                not set up for use with LaTeX.

See the inputenc package documentation for explanation.
Type  H <return>  for immediate help.
 ...                                              
                                                  
l.3 ...Ω–æ–∂–µ—Å—Ç–≤–æ –æ–±–ª–∞—Å—Ç–µ–π, –≤ –∫–æ—Ç
                                                  –æ—Ä—ã—Ö –≤–æ–∑–Ω–∏–∫–ª–∞ ...

You may provide a definition with
\DeclareUnicodeCharacter 


! Package inputenc Error: Unicode character –æ (U+043E)
(inputenc)                not set up for use with LaTeX.

See the inputenc package documentation for explanation.
Type  H <return>  for immediate help.
 ...                                              
                                                  
l.3 ...æ–∂–µ—Å—Ç–≤–æ –æ–±–ª–∞—Å—Ç–µ–π, –≤ –∫–æ—Ç–æ
                                                  —Ä—ã—Ö –≤–æ–∑–Ω–∏–∫–ª–∞ –Ω...

You may provide a definition with
\DeclareUnicodeCharacter 


! Package inputenc Error: Unicode character —Ä (U+0440)
(inputenc)                not set up for use with LaTeX.

See the inputenc package documentation for explanation.
Type  H <return>  for immediate help.
 ...                                              
                                                  
l.3 ...∂–µ—Å—Ç–≤–æ –æ–±–ª–∞—Å—Ç–µ–π, –≤ –∫–æ—Ç–æ—Ä
                                                  —ã—Ö –≤–æ–∑–Ω–∏–∫–ª–∞ –Ω–µ...

You may provide a definition with
\DeclareUnicodeCharacter 


! Package inputenc Error: Unicode character —ã (U+044B)
(inputenc)                not set up for use with LaTeX.

See the inputenc package documentation for explanation.
Type  H <return>  for immediate help.
 ...                                              
                                                  
l.3 ...µ—Å—Ç–≤–æ –æ–±–ª–∞—Å—Ç–µ–π, –≤ –∫–æ—Ç–æ—Ä—ã
                                                  —Ö –≤–æ–∑–Ω–∏–∫–ª–∞ –Ω–µ–æ...

You may provide a definition with
\DeclareUnicodeCharacter 


! Package inputenc Error: Unicode character —Ö (U+0445)
(inputenc)                not set up for use with LaTeX.

See the inputenc package documentation for explanation.
Type  H <return>  for immediate help.
 ...                                              
                                                  
l.3 ...Å—Ç–≤–æ –æ–±–ª–∞—Å—Ç–µ–π, –≤ –∫–æ—Ç–æ—Ä—ã—Ö
                                                   –≤–æ–∑–Ω–∏–∫–ª–∞ –Ω–µ–æ–±...

You may provide a definition with
\DeclareUnicodeCharacter 


! Package inputenc Error: Unicode character –≤ (U+0432)
(inputenc)                not set up for use with LaTeX.

See the inputenc package documentation for explanation.
Type  H <return>  for immediate help.
 ...                                              
                                                  
l.3 ...–≤–æ –æ–±–ª–∞—Å—Ç–µ–π, –≤ –∫–æ—Ç–æ—Ä—ã—Ö –≤
                                                  –æ–∑–Ω–∏–∫–ª–∞ –Ω–µ–æ–±—Ö–...

You may provide a definition with
\DeclareUnicodeCharacter 


! Package inputenc Error: Unicode character –æ (U+043E)
(inputenc)                not set up for use with LaTeX.

See the inputenc package documentation for explanation.
Type  H <return>  for immediate help.
 ...                                              
                                                  
l.3 ...–æ –æ–±–ª–∞—Å—Ç–µ–π, –≤ –∫–æ—Ç–æ—Ä—ã—Ö –≤–æ
                                                  –∑–Ω–∏–∫–ª–∞ –Ω–µ–æ–±—Ö–æ–...

You may provide a definition with
\DeclareUnicodeCharacter 


! Package inputenc Error: Unicode character –∑ (U+0437)
(inputenc)                not set up for use with LaTeX.

See the inputenc package documentation for explanation.
Type  H <return>  for immediate help.
 ...                                              
                                                  
l.3 ... –æ–±–ª–∞—Å—Ç–µ–π, –≤ –∫–æ—Ç–æ—Ä—ã—Ö –≤–æ–∑
                                                  –Ω–∏–∫–ª–∞ –Ω–µ–æ–±—Ö–æ–¥–...

You may provide a definition with
\DeclareUnicodeCharacter 


! Package inputenc Error: Unicode character –Ω (U+043D)
(inputenc)                not set up for use with LaTeX.

See the inputenc package documentation for explanation.
Type  H <return>  for immediate help.
 ...                                              
                                                  
l.3 ...æ–±–ª–∞—Å—Ç–µ–π, –≤ –∫–æ—Ç–æ—Ä—ã—Ö –≤–æ–∑–Ω
                                                  –∏–∫–ª–∞ –Ω–µ–æ–±—Ö–æ–¥–∏–...

You may provide a definition with
\DeclareUnicodeCharacter 


! Package inputenc Error: Unicode character –∏ (U+0438)
(inputenc)                not set up for use with LaTeX.

See the inputenc package documentation for explanation.
Type  H <return>  for immediate help.
 ...                                              
                                                  
l.3 ...±–ª–∞—Å—Ç–µ–π, –≤ –∫–æ—Ç–æ—Ä—ã—Ö –≤–æ–∑–Ω–∏
                                                  –∫–ª–∞ –Ω–µ–æ–±—Ö–æ–¥–∏–º–...

You may provide a definition with
\DeclareUnicodeCharacter 


! Package inputenc Error: Unicode character –∫ (U+043A)
(inputenc)                not set up for use with LaTeX.

See the inputenc package documentation for explanation.
Type  H <return>  for immediate help.
 ...                                              
                                                  
l.3 ...ª–∞—Å—Ç–µ–π, –≤ –∫–æ—Ç–æ—Ä—ã—Ö –≤–æ–∑–Ω–∏–∫
                                                  –ª–∞ –Ω–µ–æ–±—Ö–æ–¥–∏–º–æ—...

You may provide a definition with
\DeclareUnicodeCharacter 


! Package inputenc Error: Unicode character –ª (U+043B)
(inputenc)                not set up for use with LaTeX.

See the inputenc package documentation for explanation.
Type  H <return>  for immediate help.
 ...                                              
                                                  
l.3 ...∞—Å—Ç–µ–π, –≤ –∫–æ—Ç–æ—Ä—ã—Ö –≤–æ–∑–Ω–∏–∫–ª
                                                  –∞ –Ω–µ–æ–±—Ö–æ–¥–∏–º–æ—Å—...

You may provide a definition with
\DeclareUnicodeCharacter 


! Package inputenc Error: Unicode character –∞ (U+0430)
(inputenc)                not set up for use with LaTeX.

See the inputenc package documentation for explanation.
Type  H <return>  for immediate help.
 ...                                              
                                                  
l.3 ...Å—Ç–µ–π, –≤ –∫–æ—Ç–æ—Ä—ã—Ö –≤–æ–∑–Ω–∏–∫–ª–∞
                                                   –Ω–µ–æ–±—Ö–æ–¥–∏–º–æ—Å—Ç—...

You may provide a definition with
\DeclareUnicodeCharacter 


! Package inputenc Error: Unicode character –Ω (U+043D)
(inputenc)                not set up for use with LaTeX.

See the inputenc package documentation for explanation.
Type  H <return>  for immediate help.
 ...                                              
                                                  
l.3 ...–µ–π, –≤ –∫–æ—Ç–æ—Ä—ã—Ö –≤–æ–∑–Ω–∏–∫–ª–∞ –Ω
                                                  –µ–æ–±—Ö–æ–¥–∏–º–æ—Å—Ç—å —...

You may provide a definition with
\DeclareUnicodeCharacter 


! Package inputenc Error: Unicode character –µ (U+0435)
(inputenc)                not set up for use with LaTeX.

See the inputenc package documentation for explanation.
Type  H <return>  for immediate help.
 ...                                              
                                                  
l.3 ...–π, –≤ –∫–æ—Ç–æ—Ä—ã—Ö –≤–æ–∑–Ω–∏–∫–ª–∞ –Ω–µ
                                                  –æ–±—Ö–æ–¥–∏–º–æ—Å—Ç—å —Ñ–...

You may provide a definition with
\DeclareUnicodeCharacter 


! Package inputenc Error: Unicode character –æ (U+043E)
(inputenc)                not set up for use with LaTeX.

See the inputenc package documentation for explanation.
Type  H <return>  for immediate help.
 ...                                              
                                                  
l.3 ..., –≤ –∫–æ—Ç–æ—Ä—ã—Ö –≤–æ–∑–Ω–∏–∫–ª–∞ –Ω–µ–æ
                                                  –±—Ö–æ–¥–∏–º–æ—Å—Ç—å —Ñ–æ—...

You may provide a definition with
\DeclareUnicodeCharacter 


! Package inputenc Error: Unicode character –± (U+0431)
(inputenc)                not set up for use with LaTeX.

See the inputenc package documentation for explanation.
Type  H <return>  for immediate help.
 ...                                              
                                                  
l.3 ...–≤ –∫–æ—Ç–æ—Ä—ã—Ö –≤–æ–∑–Ω–∏–∫–ª–∞ –Ω–µ–æ–±
                                                  —Ö–æ–¥–∏–º–æ—Å—Ç—å —Ñ–æ—Ä–...

You may provide a definition with
\DeclareUnicodeCharacter 


! Package inputenc Error: Unicode character —Ö (U+0445)
(inputenc)                not set up for use with LaTeX.

See the inputenc package documentation for explanation.
Type  H <return>  for immediate help.
 ...                                              
                                                  
l.3 ... –∫–æ—Ç–æ—Ä—ã—Ö –≤–æ–∑–Ω–∏–∫–ª–∞ –Ω–µ–æ–±—Ö
                                                  –æ–¥–∏–º–æ—Å—Ç—å —Ñ–æ—Ä–º–...

You may provide a definition with
\DeclareUnicodeCharacter 


! Package inputenc Error: Unicode character –æ (U+043E)
(inputenc)                not set up for use with LaTeX.

See the inputenc package documentation for explanation.
Type  H <return>  for immediate help.
 ...                                              
                                                  
l.3 ...∫–æ—Ç–æ—Ä—ã—Ö –≤–æ–∑–Ω–∏–∫–ª–∞ –Ω–µ–æ–±—Ö–æ
                                                  –¥–∏–º–æ—Å—Ç—å —Ñ–æ—Ä–º–∏—...

You may provide a definition with
\DeclareUnicodeCharacter 


! Package inputenc Error: Unicode character –¥ (U+0434)
(inputenc)                not set up for use with LaTeX.

See the inputenc package documentation for explanation.
Type  H <return>  for immediate help.
 ...                                              
                                                  
l.3 ...æ—Ç–æ—Ä—ã—Ö –≤–æ–∑–Ω–∏–∫–ª–∞ –Ω–µ–æ–±—Ö–æ–¥
                                                  –∏–º–æ—Å—Ç—å —Ñ–æ—Ä–º–∏—Ä–...

You may provide a definition with
\DeclareUnicodeCharacter 


! Package inputenc Error: Unicode character –∏ (U+0438)
(inputenc)                not set up for use with LaTeX.

See the inputenc package documentation for explanation.
Type  H <return>  for immediate help.
 ...                                              
                                                  
l.3 ...Ç–æ—Ä—ã—Ö –≤–æ–∑–Ω–∏–∫–ª–∞ –Ω–µ–æ–±—Ö–æ–¥–∏
                                                  –º–æ—Å—Ç—å —Ñ–æ—Ä–º–∏—Ä–æ–...

You may provide a definition with
\DeclareUnicodeCharacter 


! Package inputenc Error: Unicode character –º (U+043C)
(inputenc)                not set up for use with LaTeX.

See the inputenc package documentation for explanation.
Type  H <return>  for immediate help.
 ...                                              
                                                  
l.3 ...æ—Ä—ã—Ö –≤–æ–∑–Ω–∏–∫–ª–∞ –Ω–µ–æ–±—Ö–æ–¥–∏–º
                                                  –æ—Å—Ç—å —Ñ–æ—Ä–º–∏—Ä–æ–≤–...
(That makes 100 errors; please try again.) 
Here is how much of TeX's memory you used:
 46 strings out of 480608
 767 string characters out of 5903630
 239610 words of memory out of 5000000
 16038 multiletter control sequences out of 15000+600000
 532338 words of font info for 24 fonts, out of 8000000 for 9000
 1141 hyphenation exceptions out of 8191
 12i,0n,15p,589b,34s stack positions out of 5000i,500n,10000p,200000b,80000s

!  ==> Fatal error occurred, no output PDF file produced!
