This is pdfTeX, Version 3.14159265-2.6-1.40.21 (TeX Live 2020) (preloaded format=pdflatex 2020.9.18)  26 APR 2023 02:05
entering extended mode
 restricted \write18 enabled.
 %&-line parsing enabled.
**synopsis_main.tex
(./synopsis_main.tex
LaTeX2e <2020-02-02> patch level 5
L3 programming layer <2020-03-06>
! Undefined control sequence.
l.3 \chapter
            *{–°–æ–¥–µ—Ä–∂–∞–Ω–∏–µ —Ä–∞–±–æ—Ç—ã}
The control sequence at the end of the top line
of your error message was never \def'ed. If you have
misspelled it (e.g., `\hobx'), type `I' and the correct
spelling (e.g., `I\hbox'). Otherwise just continue,
and I'll forget about whatever was undefined.


! LaTeX Error: Missing \begin{document}.

See the LaTeX manual or LaTeX Companion for explanation.
Type  H <return>  for immediate help.
 ...                                              
                                                  
l.3 \chapter*
             {–°–æ–¥–µ—Ä–∂–∞–Ω–∏–µ —Ä–∞–±–æ—Ç—ã}
You're in trouble here.  Try typing  <return>  to proceed.
If that doesn't work, type  X <return>  to quit.

Missing character: There is no * in font nullfont!

! Package inputenc Error: Unicode character –° (U+0421)
(inputenc)                not set up for use with LaTeX.

See the inputenc package documentation for explanation.
Type  H <return>  for immediate help.
 ...                                              
                                                  
l.3 \chapter*{–°
                –æ–¥–µ—Ä–∂–∞–Ω–∏–µ —Ä–∞–±–æ—Ç—ã}
You may provide a definition with
\DeclareUnicodeCharacter 


! Package inputenc Error: Unicode character –æ (U+043E)
(inputenc)                not set up for use with LaTeX.

See the inputenc package documentation for explanation.
Type  H <return>  for immediate help.
 ...                                              
                                                  
l.3 \chapter*{–°–æ
                  –¥–µ—Ä–∂–∞–Ω–∏–µ —Ä–∞–±–æ—Ç—ã}
You may provide a definition with
\DeclareUnicodeCharacter 


! Package inputenc Error: Unicode character –¥ (U+0434)
(inputenc)                not set up for use with LaTeX.

See the inputenc package documentation for explanation.
Type  H <return>  for immediate help.
 ...                                              
                                                  
l.3 \chapter*{–°–æ–¥
                    –µ—Ä–∂–∞–Ω–∏–µ —Ä–∞–±–æ—Ç—ã}
You may provide a definition with
\DeclareUnicodeCharacter 


! Package inputenc Error: Unicode character –µ (U+0435)
(inputenc)                not set up for use with LaTeX.

See the inputenc package documentation for explanation.
Type  H <return>  for immediate help.
 ...                                              
                                                  
l.3 \chapter*{–°–æ–¥–µ
                      —Ä–∂–∞–Ω–∏–µ —Ä–∞–±–æ—Ç—ã}
You may provide a definition with
\DeclareUnicodeCharacter 


! Package inputenc Error: Unicode character —Ä (U+0440)
(inputenc)                not set up for use with LaTeX.

See the inputenc package documentation for explanation.
Type  H <return>  for immediate help.
 ...                                              
                                                  
l.3 \chapter*{–°–æ–¥–µ—Ä
                        –∂–∞–Ω–∏–µ —Ä–∞–±–æ—Ç—ã}
You may provide a definition with
\DeclareUnicodeCharacter 


! Package inputenc Error: Unicode character –∂ (U+0436)
(inputenc)                not set up for use with LaTeX.

See the inputenc package documentation for explanation.
Type  H <return>  for immediate help.
 ...                                              
                                                  
l.3 \chapter*{–°–æ–¥–µ—Ä–∂
                          –∞–Ω–∏–µ —Ä–∞–±–æ—Ç—ã}
You may provide a definition with
\DeclareUnicodeCharacter 


! Package inputenc Error: Unicode character –∞ (U+0430)
(inputenc)                not set up for use with LaTeX.

See the inputenc package documentation for explanation.
Type  H <return>  for immediate help.
 ...                                              
                                                  
l.3 \chapter*{–°–æ–¥–µ—Ä–∂–∞
                            –Ω–∏–µ —Ä–∞–±–æ—Ç—ã}
You may provide a definition with
\DeclareUnicodeCharacter 


! Package inputenc Error: Unicode character –Ω (U+043D)
(inputenc)                not set up for use with LaTeX.

See the inputenc package documentation for explanation.
Type  H <return>  for immediate help.
 ...                                              
                                                  
l.3 \chapter*{–°–æ–¥–µ—Ä–∂–∞–Ω
                              –∏–µ —Ä–∞–±–æ—Ç—ã}
You may provide a definition with
\DeclareUnicodeCharacter 


! Package inputenc Error: Unicode character –∏ (U+0438)
(inputenc)                not set up for use with LaTeX.

See the inputenc package documentation for explanation.
Type  H <return>  for immediate help.
 ...                                              
                                                  
l.3 \chapter*{–°–æ–¥–µ—Ä–∂–∞–Ω–∏
                                –µ —Ä–∞–±–æ—Ç—ã}
You may provide a definition with
\DeclareUnicodeCharacter 


! Package inputenc Error: Unicode character –µ (U+0435)
(inputenc)                not set up for use with LaTeX.

See the inputenc package documentation for explanation.
Type  H <return>  for immediate help.
 ...                                              
                                                  
l.3 \chapter*{–°–æ–¥–µ—Ä–∂–∞–Ω–∏–µ
                                   —Ä–∞–±–æ—Ç—ã}
You may provide a definition with
\DeclareUnicodeCharacter 


! Package inputenc Error: Unicode character —Ä (U+0440)
(inputenc)                not set up for use with LaTeX.

See the inputenc package documentation for explanation.
Type  H <return>  for immediate help.
 ...                                              
                                                  
l.3 \chapter*{–°–æ–¥–µ—Ä–∂–∞–Ω–∏–µ —Ä
                                     –∞–±–æ—Ç—ã}
You may provide a definition with
\DeclareUnicodeCharacter 


! Package inputenc Error: Unicode character –∞ (U+0430)
(inputenc)                not set up for use with LaTeX.

See the inputenc package documentation for explanation.
Type  H <return>  for immediate help.
 ...                                              
                                                  
l.3 \chapter*{–°–æ–¥–µ—Ä–∂–∞–Ω–∏–µ —Ä–∞
                                       –±–æ—Ç—ã}
You may provide a definition with
\DeclareUnicodeCharacter 


! Package inputenc Error: Unicode character –± (U+0431)
(inputenc)                not set up for use with LaTeX.

See the inputenc package documentation for explanation.
Type  H <return>  for immediate help.
 ...                                              
                                                  
l.3 \chapter*{–°–æ–¥–µ—Ä–∂–∞–Ω–∏–µ —Ä–∞–±
                                         –æ—Ç—ã}
You may provide a definition with
\DeclareUnicodeCharacter 


! Package inputenc Error: Unicode character –æ (U+043E)
(inputenc)                not set up for use with LaTeX.

See the inputenc package documentation for explanation.
Type  H <return>  for immediate help.
 ...                                              
                                                  
l.3 \chapter*{–°–æ–¥–µ—Ä–∂–∞–Ω–∏–µ —Ä–∞–±–æ
                                           —Ç—ã}
You may provide a definition with
\DeclareUnicodeCharacter 


! Package inputenc Error: Unicode character —Ç (U+0442)
(inputenc)                not set up for use with LaTeX.

See the inputenc package documentation for explanation.
Type  H <return>  for immediate help.
 ...                                              
                                                  
l.3 \chapter*{–°–æ–¥–µ—Ä–∂–∞–Ω–∏–µ —Ä–∞–±–æ—Ç
                                             —ã}
You may provide a definition with
\DeclareUnicodeCharacter 


! Package inputenc Error: Unicode character —ã (U+044B)
(inputenc)                not set up for use with LaTeX.

See the inputenc package documentation for explanation.
Type  H <return>  for immediate help.
 ...                                              
                                                  
l.3 \chapter*{–°–æ–¥–µ—Ä–∂–∞–Ω–∏–µ —Ä–∞–±–æ—Ç—ã
                                               }
You may provide a definition with
\DeclareUnicodeCharacter 


! Package inputenc Error: Unicode character –í (U+0412)
(inputenc)                not set up for use with LaTeX.

See the inputenc package documentation for explanation.
Type  H <return>  for immediate help.
 ...                                              
                                                  
l.4 –í
       –¥–∏—Å—Å–µ—Ä—Ç–∞—Ü–∏–∏ –ø—Ä–æ–≤–æ–¥–∏—Ç—Å—è —Ç–µ–æ—Ä–µ—Ç–∏—á–µ—Å–∫–æ–...

You may provide a definition with
\DeclareUnicodeCharacter 


! Package inputenc Error: Unicode character –¥ (U+0434)
(inputenc)                not set up for use with LaTeX.

See the inputenc package documentation for explanation.
Type  H <return>  for immediate help.
 ...                                              
                                                  
l.4 –í –¥
         –∏—Å—Å–µ—Ä—Ç–∞—Ü–∏–∏ –ø—Ä–æ–≤–æ–¥–∏—Ç—Å—è —Ç–µ–æ—Ä–µ—Ç–∏—á–µ—Å–∫–æ–...

You may provide a definition with
\DeclareUnicodeCharacter 


! Package inputenc Error: Unicode character –∏ (U+0438)
(inputenc)                not set up for use with LaTeX.

See the inputenc package documentation for explanation.
Type  H <return>  for immediate help.
 ...                                              
                                                  
l.4 –í –¥–∏
           —Å—Å–µ—Ä—Ç–∞—Ü–∏–∏ –ø—Ä–æ–≤–æ–¥–∏—Ç—Å—è —Ç–µ–æ—Ä–µ—Ç–∏—á–µ—Å–∫–æ–...

You may provide a definition with
\DeclareUnicodeCharacter 


! Package inputenc Error: Unicode character —Å (U+0441)
(inputenc)                not set up for use with LaTeX.

See the inputenc package documentation for explanation.
Type  H <return>  for immediate help.
 ...                                              
                                                  
l.4 –í –¥–∏—Å
             —Å–µ—Ä—Ç–∞—Ü–∏–∏ –ø—Ä–æ–≤–æ–¥–∏—Ç—Å—è —Ç–µ–æ—Ä–µ—Ç–∏—á–µ—Å–∫–æ–...

You may provide a definition with
\DeclareUnicodeCharacter 


! Package inputenc Error: Unicode character —Å (U+0441)
(inputenc)                not set up for use with LaTeX.

See the inputenc package documentation for explanation.
Type  H <return>  for immediate help.
 ...                                              
                                                  
l.4 –í –¥–∏—Å—Å
               –µ—Ä—Ç–∞—Ü–∏–∏ –ø—Ä–æ–≤–æ–¥–∏—Ç—Å—è —Ç–µ–æ—Ä–µ—Ç–∏—á–µ—Å–∫–æ–...

You may provide a definition with
\DeclareUnicodeCharacter 


! Package inputenc Error: Unicode character –µ (U+0435)
(inputenc)                not set up for use with LaTeX.

See the inputenc package documentation for explanation.
Type  H <return>  for immediate help.
 ...                                              
                                                  
l.4 –í –¥–∏—Å—Å–µ
                 —Ä—Ç–∞—Ü–∏–∏ –ø—Ä–æ–≤–æ–¥–∏—Ç—Å—è —Ç–µ–æ—Ä–µ—Ç–∏—á–µ—Å–∫–æ–...

You may provide a definition with
\DeclareUnicodeCharacter 


! Package inputenc Error: Unicode character —Ä (U+0440)
(inputenc)                not set up for use with LaTeX.

See the inputenc package documentation for explanation.
Type  H <return>  for immediate help.
 ...                                              
                                                  
l.4 –í –¥–∏—Å—Å–µ—Ä
                   —Ç–∞—Ü–∏–∏ –ø—Ä–æ–≤–æ–¥–∏—Ç—Å—è —Ç–µ–æ—Ä–µ—Ç–∏—á–µ—Å–∫–æ–...

You may provide a definition with
\DeclareUnicodeCharacter 


! Package inputenc Error: Unicode character —Ç (U+0442)
(inputenc)                not set up for use with LaTeX.

See the inputenc package documentation for explanation.
Type  H <return>  for immediate help.
 ...                                              
                                                  
l.4 –í –¥–∏—Å—Å–µ—Ä—Ç
                     –∞—Ü–∏–∏ –ø—Ä–æ–≤–æ–¥–∏—Ç—Å—è —Ç–µ–æ—Ä–µ—Ç–∏—á–µ—Å–∫–æ–...

You may provide a definition with
\DeclareUnicodeCharacter 


! Package inputenc Error: Unicode character –∞ (U+0430)
(inputenc)                not set up for use with LaTeX.

See the inputenc package documentation for explanation.
Type  H <return>  for immediate help.
 ...                                              
                                                  
l.4 –í –¥–∏—Å—Å–µ—Ä—Ç–∞
                       —Ü–∏–∏ –ø—Ä–æ–≤–æ–¥–∏—Ç—Å—è —Ç–µ–æ—Ä–µ—Ç–∏—á–µ—Å–∫–æ–...

You may provide a definition with
\DeclareUnicodeCharacter 


! Package inputenc Error: Unicode character —Ü (U+0446)
(inputenc)                not set up for use with LaTeX.

See the inputenc package documentation for explanation.
Type  H <return>  for immediate help.
 ...                                              
                                                  
l.4 –í –¥–∏—Å—Å–µ—Ä—Ç–∞—Ü
                         –∏–∏ –ø—Ä–æ–≤–æ–¥–∏—Ç—Å—è —Ç–µ–æ—Ä–µ—Ç–∏—á–µ—Å–∫–æ–...

You may provide a definition with
\DeclareUnicodeCharacter 


! Package inputenc Error: Unicode character –∏ (U+0438)
(inputenc)                not set up for use with LaTeX.

See the inputenc package documentation for explanation.
Type  H <return>  for immediate help.
 ...                                              
                                                  
l.4 –í –¥–∏—Å—Å–µ—Ä—Ç–∞—Ü–∏
                           –∏ –ø—Ä–æ–≤–æ–¥–∏—Ç—Å—è —Ç–µ–æ—Ä–µ—Ç–∏—á–µ—Å–∫–æ–...

You may provide a definition with
\DeclareUnicodeCharacter 


! Package inputenc Error: Unicode character –∏ (U+0438)
(inputenc)                not set up for use with LaTeX.

See the inputenc package documentation for explanation.
Type  H <return>  for immediate help.
 ...                                              
                                                  
l.4 –í –¥–∏—Å—Å–µ—Ä—Ç–∞—Ü–∏–∏
                              –ø—Ä–æ–≤–æ–¥–∏—Ç—Å—è —Ç–µ–æ—Ä–µ—Ç–∏—á–µ—Å–∫–æ–...

You may provide a definition with
\DeclareUnicodeCharacter 


! Package inputenc Error: Unicode character –ø (U+043F)
(inputenc)                not set up for use with LaTeX.

See the inputenc package documentation for explanation.
Type  H <return>  for immediate help.
 ...                                              
                                                  
l.4 –í –¥–∏—Å—Å–µ—Ä—Ç–∞—Ü–∏–∏ –ø
                                —Ä–æ–≤–æ–¥–∏—Ç—Å—è —Ç–µ–æ—Ä–µ—Ç–∏—á–µ—Å–∫–æ–...

You may provide a definition with
\DeclareUnicodeCharacter 


! Package inputenc Error: Unicode character —Ä (U+0440)
(inputenc)                not set up for use with LaTeX.

See the inputenc package documentation for explanation.
Type  H <return>  for immediate help.
 ...                                              
                                                  
l.4 –í –¥–∏—Å—Å–µ—Ä—Ç–∞—Ü–∏–∏ –ø—Ä
                                  –æ–≤–æ–¥–∏—Ç—Å—è —Ç–µ–æ—Ä–µ—Ç–∏—á–µ—Å–∫–æ–...

You may provide a definition with
\DeclareUnicodeCharacter 


! Package inputenc Error: Unicode character –æ (U+043E)
(inputenc)                not set up for use with LaTeX.

See the inputenc package documentation for explanation.
Type  H <return>  for immediate help.
 ...                                              
                                                  
l.4 –í –¥–∏—Å—Å–µ—Ä—Ç–∞—Ü–∏–∏ –ø—Ä–æ
                                    –≤–æ–¥–∏—Ç—Å—è —Ç–µ–æ—Ä–µ—Ç–∏—á–µ—Å–∫–æ–...

You may provide a definition with
\DeclareUnicodeCharacter 


! Package inputenc Error: Unicode character –≤ (U+0432)
(inputenc)                not set up for use with LaTeX.

See the inputenc package documentation for explanation.
Type  H <return>  for immediate help.
 ...                                              
                                                  
l.4 –í –¥–∏—Å—Å–µ—Ä—Ç–∞—Ü–∏–∏ –ø—Ä–æ–≤
                                      –æ–¥–∏—Ç—Å—è —Ç–µ–æ—Ä–µ—Ç–∏—á–µ—Å–∫–æ–...

You may provide a definition with
\DeclareUnicodeCharacter 


! Package inputenc Error: Unicode character –æ (U+043E)
(inputenc)                not set up for use with LaTeX.

See the inputenc package documentation for explanation.
Type  H <return>  for immediate help.
 ...                                              
                                                  
l.4 –í –¥–∏—Å—Å–µ—Ä—Ç–∞—Ü–∏–∏ –ø—Ä–æ–≤–æ
                                        –¥–∏—Ç—Å—è —Ç–µ–æ—Ä–µ—Ç–∏—á–µ—Å–∫–æ–...

You may provide a definition with
\DeclareUnicodeCharacter 


! Package inputenc Error: Unicode character –¥ (U+0434)
(inputenc)                not set up for use with LaTeX.

See the inputenc package documentation for explanation.
Type  H <return>  for immediate help.
 ...                                              
                                                  
l.4 –í –¥–∏—Å—Å–µ—Ä—Ç–∞—Ü–∏–∏ –ø—Ä–æ–≤–æ–¥
                                          –∏—Ç—Å—è —Ç–µ–æ—Ä–µ—Ç–∏—á–µ—Å–∫–æ–...

You may provide a definition with
\DeclareUnicodeCharacter 


! Package inputenc Error: Unicode character –∏ (U+0438)
(inputenc)                not set up for use with LaTeX.

See the inputenc package documentation for explanation.
Type  H <return>  for immediate help.
 ...                                              
                                                  
l.4 –í –¥–∏—Å—Å–µ—Ä—Ç–∞—Ü–∏–∏ –ø—Ä–æ–≤–æ–¥–∏
                                            —Ç—Å—è —Ç–µ–æ—Ä–µ—Ç–∏—á–µ—Å–∫–æ–...

You may provide a definition with
\DeclareUnicodeCharacter 


! Package inputenc Error: Unicode character —Ç (U+0442)
(inputenc)                not set up for use with LaTeX.

See the inputenc package documentation for explanation.
Type  H <return>  for immediate help.
 ...                                              
                                                  
l.4 –í –¥–∏—Å—Å–µ—Ä—Ç–∞—Ü–∏–∏ –ø—Ä–æ–≤–æ–¥–∏—Ç
                                              —Å—è —Ç–µ–æ—Ä–µ—Ç–∏—á–µ—Å–∫–æ–...

You may provide a definition with
\DeclareUnicodeCharacter 


! Package inputenc Error: Unicode character —Å (U+0441)
(inputenc)                not set up for use with LaTeX.

See the inputenc package documentation for explanation.
Type  H <return>  for immediate help.
 ...                                              
                                                  
l.4 –í –¥–∏—Å—Å–µ—Ä—Ç–∞—Ü–∏–∏ –ø—Ä–æ–≤–æ–¥–∏—Ç—Å
                                                —è —Ç–µ–æ—Ä–µ—Ç–∏—á–µ—Å–∫–æ–...

You may provide a definition with
\DeclareUnicodeCharacter 


! Package inputenc Error: Unicode character —è (U+044F)
(inputenc)                not set up for use with LaTeX.

See the inputenc package documentation for explanation.
Type  H <return>  for immediate help.
 ...                                              
                                                  
l.4 –í –¥–∏—Å—Å–µ—Ä—Ç–∞—Ü–∏–∏ –ø—Ä–æ–≤–æ–¥–∏—Ç—Å—è
                                                   —Ç–µ–æ—Ä–µ—Ç–∏—á–µ—Å–∫–æ–...

You may provide a definition with
\DeclareUnicodeCharacter 


! Package inputenc Error: Unicode character —Ç (U+0442)
(inputenc)                not set up for use with LaTeX.

See the inputenc package documentation for explanation.
Type  H <return>  for immediate help.
 ...                                              
                                                  
l.4 ...∏—Å—Å–µ—Ä—Ç–∞—Ü–∏–∏ –ø—Ä–æ–≤–æ–¥–∏—Ç—Å—è —Ç
                                                  –µ–æ—Ä–µ—Ç–∏—á–µ—Å–∫–æ–µ –...

You may provide a definition with
\DeclareUnicodeCharacter 


! Package inputenc Error: Unicode character –µ (U+0435)
(inputenc)                not set up for use with LaTeX.

See the inputenc package documentation for explanation.
Type  H <return>  for immediate help.
 ...                                              
                                                  
l.4 ...Å—Å–µ—Ä—Ç–∞—Ü–∏–∏ –ø—Ä–æ–≤–æ–¥–∏—Ç—Å—è —Ç–µ
                                                  –æ—Ä–µ—Ç–∏—á–µ—Å–∫–æ–µ –∏–...

You may provide a definition with
\DeclareUnicodeCharacter 


! Package inputenc Error: Unicode character –æ (U+043E)
(inputenc)                not set up for use with LaTeX.

See the inputenc package documentation for explanation.
Type  H <return>  for immediate help.
 ...                                              
                                                  
l.4 ...Å–µ—Ä—Ç–∞—Ü–∏–∏ –ø—Ä–æ–≤–æ–¥–∏—Ç—Å—è —Ç–µ–æ
                                                  —Ä–µ—Ç–∏—á–µ—Å–∫–æ–µ –∏–∑—...

You may provide a definition with
\DeclareUnicodeCharacter 


! Package inputenc Error: Unicode character —Ä (U+0440)
(inputenc)                not set up for use with LaTeX.

See the inputenc package documentation for explanation.
Type  H <return>  for immediate help.
 ...                                              
                                                  
l.4 ...µ—Ä—Ç–∞—Ü–∏–∏ –ø—Ä–æ–≤–æ–¥–∏—Ç—Å—è —Ç–µ–æ—Ä
                                                  –µ—Ç–∏—á–µ—Å–∫–æ–µ –∏–∑—É—...

You may provide a definition with
\DeclareUnicodeCharacter 


! Package inputenc Error: Unicode character –µ (U+0435)
(inputenc)                not set up for use with LaTeX.

See the inputenc package documentation for explanation.
Type  H <return>  for immediate help.
 ...                                              
                                                  
l.4 ...Ä—Ç–∞—Ü–∏–∏ –ø—Ä–æ–≤–æ–¥–∏—Ç—Å—è —Ç–µ–æ—Ä–µ
                                                  —Ç–∏—á–µ—Å–∫–æ–µ –∏–∑—É—á–...

You may provide a definition with
\DeclareUnicodeCharacter 


! Package inputenc Error: Unicode character —Ç (U+0442)
(inputenc)                not set up for use with LaTeX.

See the inputenc package documentation for explanation.
Type  H <return>  for immediate help.
 ...                                              
                                                  
l.4 ...Ç–∞—Ü–∏–∏ –ø—Ä–æ–≤–æ–¥–∏—Ç—Å—è —Ç–µ–æ—Ä–µ—Ç
                                                  –∏—á–µ—Å–∫–æ–µ –∏–∑—É—á–µ–...

You may provide a definition with
\DeclareUnicodeCharacter 


! Package inputenc Error: Unicode character –∏ (U+0438)
(inputenc)                not set up for use with LaTeX.

See the inputenc package documentation for explanation.
Type  H <return>  for immediate help.
 ...                                              
                                                  
l.4 ...∞—Ü–∏–∏ –ø—Ä–æ–≤–æ–¥–∏—Ç—Å—è —Ç–µ–æ—Ä–µ—Ç–∏
                                                  —á–µ—Å–∫–æ–µ –∏–∑—É—á–µ–Ω–...

You may provide a definition with
\DeclareUnicodeCharacter 


! Package inputenc Error: Unicode character —á (U+0447)
(inputenc)                not set up for use with LaTeX.

See the inputenc package documentation for explanation.
Type  H <return>  for immediate help.
 ...                                              
                                                  
l.4 ...Ü–∏–∏ –ø—Ä–æ–≤–æ–¥–∏—Ç—Å—è —Ç–µ–æ—Ä–µ—Ç–∏—á
                                                  –µ—Å–∫–æ–µ –∏–∑—É—á–µ–Ω–∏–...

You may provide a definition with
\DeclareUnicodeCharacter 


! Package inputenc Error: Unicode character –µ (U+0435)
(inputenc)                not set up for use with LaTeX.

See the inputenc package documentation for explanation.
Type  H <return>  for immediate help.
 ...                                              
                                                  
l.4 ...∏–∏ –ø—Ä–æ–≤–æ–¥–∏—Ç—Å—è —Ç–µ–æ—Ä–µ—Ç–∏—á–µ
                                                  —Å–∫–æ–µ –∏–∑—É—á–µ–Ω–∏–µ ...

You may provide a definition with
\DeclareUnicodeCharacter 


! Package inputenc Error: Unicode character —Å (U+0441)
(inputenc)                not set up for use with LaTeX.

See the inputenc package documentation for explanation.
Type  H <return>  for immediate help.
 ...                                              
                                                  
l.4 ...∏ –ø—Ä–æ–≤–æ–¥–∏—Ç—Å—è —Ç–µ–æ—Ä–µ—Ç–∏—á–µ—Å
                                                  –∫–æ–µ –∏–∑—É—á–µ–Ω–∏–µ –æ...

You may provide a definition with
\DeclareUnicodeCharacter 


! Package inputenc Error: Unicode character –∫ (U+043A)
(inputenc)                not set up for use with LaTeX.

See the inputenc package documentation for explanation.
Type  H <return>  for immediate help.
 ...                                              
                                                  
l.4 ...–ø—Ä–æ–≤–æ–¥–∏—Ç—Å—è —Ç–µ–æ—Ä–µ—Ç–∏—á–µ—Å–∫
                                                  –æ–µ –∏–∑—É—á–µ–Ω–∏–µ –æ—Ç...

You may provide a definition with
\DeclareUnicodeCharacter 


! Package inputenc Error: Unicode character –æ (U+043E)
(inputenc)                not set up for use with LaTeX.

See the inputenc package documentation for explanation.
Type  H <return>  for immediate help.
 ...                                              
                                                  
l.4 ...—Ä–æ–≤–æ–¥–∏—Ç—Å—è —Ç–µ–æ—Ä–µ—Ç–∏—á–µ—Å–∫–æ
                                                  –µ –∏–∑—É—á–µ–Ω–∏–µ –æ—Ç–Ω...

You may provide a definition with
\DeclareUnicodeCharacter 


! Package inputenc Error: Unicode character –µ (U+0435)
(inputenc)                not set up for use with LaTeX.

See the inputenc package documentation for explanation.
Type  H <return>  for immediate help.
 ...                                              
                                                  
l.4 ...–æ–≤–æ–¥–∏—Ç—Å—è —Ç–µ–æ—Ä–µ—Ç–∏—á–µ—Å–∫–æ–µ
                                                   –∏–∑—É—á–µ–Ω–∏–µ –æ—Ç–Ω–æ...

You may provide a definition with
\DeclareUnicodeCharacter 


! Package inputenc Error: Unicode character –∏ (U+0438)
(inputenc)                not set up for use with LaTeX.

See the inputenc package documentation for explanation.
Type  H <return>  for immediate help.
 ...                                              
                                                  
l.4 ...≤–æ–¥–∏—Ç—Å—è —Ç–µ–æ—Ä–µ—Ç–∏—á–µ—Å–∫–æ–µ –∏
                                                  –∑—É—á–µ–Ω–∏–µ –æ—Ç–Ω–æ—Å–...

You may provide a definition with
\DeclareUnicodeCharacter 


! Package inputenc Error: Unicode character –∑ (U+0437)
(inputenc)                not set up for use with LaTeX.

See the inputenc package documentation for explanation.
Type  H <return>  for immediate help.
 ...                                              
                                                  
l.4 ...æ–¥–∏—Ç—Å—è —Ç–µ–æ—Ä–µ—Ç–∏—á–µ—Å–∫–æ–µ –∏–∑
                                                  —É—á–µ–Ω–∏–µ –æ—Ç–Ω–æ—Å–∏—...

You may provide a definition with
\DeclareUnicodeCharacter 


! Package inputenc Error: Unicode character —É (U+0443)
(inputenc)                not set up for use with LaTeX.

See the inputenc package documentation for explanation.
Type  H <return>  for immediate help.
 ...                                              
                                                  
l.4 ...¥–∏—Ç—Å—è —Ç–µ–æ—Ä–µ—Ç–∏—á–µ—Å–∫–æ–µ –∏–∑—É
                                                  —á–µ–Ω–∏–µ –æ—Ç–Ω–æ—Å–∏—Ç–...

You may provide a definition with
\DeclareUnicodeCharacter 


! Package inputenc Error: Unicode character —á (U+0447)
(inputenc)                not set up for use with LaTeX.

See the inputenc package documentation for explanation.
Type  H <return>  for immediate help.
 ...                                              
                                                  
l.4 ...∏—Ç—Å—è —Ç–µ–æ—Ä–µ—Ç–∏—á–µ—Å–∫–æ–µ –∏–∑—É—á
                                                  –µ–Ω–∏–µ –æ—Ç–Ω–æ—Å–∏—Ç–µ–...

You may provide a definition with
\DeclareUnicodeCharacter 


! Package inputenc Error: Unicode character –µ (U+0435)
(inputenc)                not set up for use with LaTeX.

See the inputenc package documentation for explanation.
Type  H <return>  for immediate help.
 ...                                              
                                                  
l.4 ...Ç—Å—è —Ç–µ–æ—Ä–µ—Ç–∏—á–µ—Å–∫–æ–µ –∏–∑—É—á–µ
                                                  –Ω–∏–µ –æ—Ç–Ω–æ—Å–∏—Ç–µ–ª—...

You may provide a definition with
\DeclareUnicodeCharacter 


! Package inputenc Error: Unicode character –Ω (U+043D)
(inputenc)                not set up for use with LaTeX.

See the inputenc package documentation for explanation.
Type  H <return>  for immediate help.
 ...                                              
                                                  
l.4 ...Å—è —Ç–µ–æ—Ä–µ—Ç–∏—á–µ—Å–∫–æ–µ –∏–∑—É—á–µ–Ω
                                                  –∏–µ –æ—Ç–Ω–æ—Å–∏—Ç–µ–ª—å–...

You may provide a definition with
\DeclareUnicodeCharacter 


! Package inputenc Error: Unicode character –∏ (U+0438)
(inputenc)                not set up for use with LaTeX.

See the inputenc package documentation for explanation.
Type  H <return>  for immediate help.
 ...                                              
                                                  
l.4 ...è —Ç–µ–æ—Ä–µ—Ç–∏—á–µ—Å–∫–æ–µ –∏–∑—É—á–µ–Ω–∏
                                                  –µ –æ—Ç–Ω–æ—Å–∏—Ç–µ–ª—å–Ω–...

You may provide a definition with
\DeclareUnicodeCharacter 


! Package inputenc Error: Unicode character –µ (U+0435)
(inputenc)                not set up for use with LaTeX.

See the inputenc package documentation for explanation.
Type  H <return>  for immediate help.
 ...                                              
                                                  
l.4 ...—Ç–µ–æ—Ä–µ—Ç–∏—á–µ—Å–∫–æ–µ –∏–∑—É—á–µ–Ω–∏–µ
                                                   –æ—Ç–Ω–æ—Å–∏—Ç–µ–ª—å–Ω–æ ...

You may provide a definition with
\DeclareUnicodeCharacter 


! Package inputenc Error: Unicode character –æ (U+043E)
(inputenc)                not set up for use with LaTeX.

See the inputenc package documentation for explanation.
Type  H <return>  for immediate help.
 ...                                              
                                                  
l.4 ...µ–æ—Ä–µ—Ç–∏—á–µ—Å–∫–æ–µ –∏–∑—É—á–µ–Ω–∏–µ –æ
                                                  —Ç–Ω–æ—Å–∏—Ç–µ–ª—å–Ω–æ –Ω–...

You may provide a definition with
\DeclareUnicodeCharacter 


! Package inputenc Error: Unicode character —Ç (U+0442)
(inputenc)                not set up for use with LaTeX.

See the inputenc package documentation for explanation.
Type  H <return>  for immediate help.
 ...                                              
                                                  
l.4 ...æ—Ä–µ—Ç–∏—á–µ—Å–∫–æ–µ –∏–∑—É—á–µ–Ω–∏–µ –æ—Ç
                                                  –Ω–æ—Å–∏—Ç–µ–ª—å–Ω–æ –Ω–æ–...

You may provide a definition with
\DeclareUnicodeCharacter 


! Package inputenc Error: Unicode character –Ω (U+043D)
(inputenc)                not set up for use with LaTeX.

See the inputenc package documentation for explanation.
Type  H <return>  for immediate help.
 ...                                              
                                                  
l.4 ...Ä–µ—Ç–∏—á–µ—Å–∫–æ–µ –∏–∑—É—á–µ–Ω–∏–µ –æ—Ç–Ω
                                                  –æ—Å–∏—Ç–µ–ª—å–Ω–æ –Ω–æ–≤–...

You may provide a definition with
\DeclareUnicodeCharacter 


! Package inputenc Error: Unicode character –æ (U+043E)
(inputenc)                not set up for use with LaTeX.

See the inputenc package documentation for explanation.
Type  H <return>  for immediate help.
 ...                                              
                                                  
l.4 ...µ—Ç–∏—á–µ—Å–∫–æ–µ –∏–∑—É—á–µ–Ω–∏–µ –æ—Ç–Ω–æ
                                                  —Å–∏—Ç–µ–ª—å–Ω–æ –Ω–æ–≤–æ–...

You may provide a definition with
\DeclareUnicodeCharacter 


! Package inputenc Error: Unicode character —Å (U+0441)
(inputenc)                not set up for use with LaTeX.

See the inputenc package documentation for explanation.
Type  H <return>  for immediate help.
 ...                                              
                                                  
l.4 ...Ç–∏—á–µ—Å–∫–æ–µ –∏–∑—É—á–µ–Ω–∏–µ –æ—Ç–Ω–æ—Å
                                                  –∏—Ç–µ–ª—å–Ω–æ –Ω–æ–≤–æ–≥–...

You may provide a definition with
\DeclareUnicodeCharacter 


! Package inputenc Error: Unicode character –∏ (U+0438)
(inputenc)                not set up for use with LaTeX.

See the inputenc package documentation for explanation.
Type  H <return>  for immediate help.
 ...                                              
                                                  
l.4 ...∏—á–µ—Å–∫–æ–µ –∏–∑—É—á–µ–Ω–∏–µ –æ—Ç–Ω–æ—Å–∏
                                                  —Ç–µ–ª—å–Ω–æ –Ω–æ–≤–æ–≥–æ ...

You may provide a definition with
\DeclareUnicodeCharacter 


! Package inputenc Error: Unicode character —Ç (U+0442)
(inputenc)                not set up for use with LaTeX.

See the inputenc package documentation for explanation.
Type  H <return>  for immediate help.
 ...                                              
                                                  
l.4 ...á–µ—Å–∫–æ–µ –∏–∑—É—á–µ–Ω–∏–µ –æ—Ç–Ω–æ—Å–∏—Ç
                                                  –µ–ª—å–Ω–æ –Ω–æ–≤–æ–≥–æ –º...

You may provide a definition with
\DeclareUnicodeCharacter 


! Package inputenc Error: Unicode character –µ (U+0435)
(inputenc)                not set up for use with LaTeX.

See the inputenc package documentation for explanation.
Type  H <return>  for immediate help.
 ...                                              
                                                  
l.4 ...µ—Å–∫–æ–µ –∏–∑—É—á–µ–Ω–∏–µ –æ—Ç–Ω–æ—Å–∏—Ç–µ
                                                  –ª—å–Ω–æ –Ω–æ–≤–æ–≥–æ –º–µ...

You may provide a definition with
\DeclareUnicodeCharacter 


! Package inputenc Error: Unicode character –ª (U+043B)
(inputenc)                not set up for use with LaTeX.

See the inputenc package documentation for explanation.
Type  H <return>  for immediate help.
 ...                                              
                                                  
l.4 ...Å–∫–æ–µ –∏–∑—É—á–µ–Ω–∏–µ –æ—Ç–Ω–æ—Å–∏—Ç–µ–ª
                                                  —å–Ω–æ –Ω–æ–≤–æ–≥–æ –º–µ—Ç...

You may provide a definition with
\DeclareUnicodeCharacter 


! Package inputenc Error: Unicode character —å (U+044C)
(inputenc)                not set up for use with LaTeX.

See the inputenc package documentation for explanation.
Type  H <return>  for immediate help.
 ...                                              
                                                  
l.4 ...∫–æ–µ –∏–∑—É—á–µ–Ω–∏–µ –æ—Ç–Ω–æ—Å–∏—Ç–µ–ª—å
                                                  –Ω–æ –Ω–æ–≤–æ–≥–æ –º–µ—Ç–æ...

You may provide a definition with
\DeclareUnicodeCharacter 


! Package inputenc Error: Unicode character –Ω (U+043D)
(inputenc)                not set up for use with LaTeX.

See the inputenc package documentation for explanation.
Type  H <return>  for immediate help.
 ...                                              
                                                  
l.4 ...æ–µ –∏–∑—É—á–µ–Ω–∏–µ –æ—Ç–Ω–æ—Å–∏—Ç–µ–ª—å–Ω
                                                  –æ –Ω–æ–≤–æ–≥–æ –º–µ—Ç–æ–¥...

You may provide a definition with
\DeclareUnicodeCharacter 


! Package inputenc Error: Unicode character –æ (U+043E)
(inputenc)                not set up for use with LaTeX.

See the inputenc package documentation for explanation.
Type  H <return>  for immediate help.
 ...                                              
                                                  
l.4 ...µ –∏–∑—É—á–µ–Ω–∏–µ –æ—Ç–Ω–æ—Å–∏—Ç–µ–ª—å–Ω–æ
                                                   –Ω–æ–≤–æ–≥–æ –º–µ—Ç–æ–¥–∞...

You may provide a definition with
\DeclareUnicodeCharacter 


! Package inputenc Error: Unicode character –Ω (U+043D)
(inputenc)                not set up for use with LaTeX.

See the inputenc package documentation for explanation.
Type  H <return>  for immediate help.
 ...                                              
                                                  
l.4 ...∏–∑—É—á–µ–Ω–∏–µ –æ—Ç–Ω–æ—Å–∏—Ç–µ–ª—å–Ω–æ –Ω
                                                  –æ–≤–æ–≥–æ –º–µ—Ç–æ–¥–∞ —Ñ...

You may provide a definition with
\DeclareUnicodeCharacter 


! Package inputenc Error: Unicode character –æ (U+043E)
(inputenc)                not set up for use with LaTeX.

See the inputenc package documentation for explanation.
Type  H <return>  for immediate help.
 ...                                              
                                                  
l.4 ...∑—É—á–µ–Ω–∏–µ –æ—Ç–Ω–æ—Å–∏—Ç–µ–ª—å–Ω–æ –Ω–æ
                                                  –≤–æ–≥–æ –º–µ—Ç–æ–¥–∞ —Ñ–æ...

You may provide a definition with
\DeclareUnicodeCharacter 


! Package inputenc Error: Unicode character –≤ (U+0432)
(inputenc)                not set up for use with LaTeX.

See the inputenc package documentation for explanation.
Type  H <return>  for immediate help.
 ...                                              
                                                  
l.4 ...É—á–µ–Ω–∏–µ –æ—Ç–Ω–æ—Å–∏—Ç–µ–ª—å–Ω–æ –Ω–æ–≤
                                                  –æ–≥–æ –º–µ—Ç–æ–¥–∞ —Ñ–æ—Ä...

You may provide a definition with
\DeclareUnicodeCharacter 


! Package inputenc Error: Unicode character –æ (U+043E)
(inputenc)                not set up for use with LaTeX.

See the inputenc package documentation for explanation.
Type  H <return>  for immediate help.
 ...                                              
                                                  
l.4 ...á–µ–Ω–∏–µ –æ—Ç–Ω–æ—Å–∏—Ç–µ–ª—å–Ω–æ –Ω–æ–≤–æ
                                                  –≥–æ –º–µ—Ç–æ–¥–∞ —Ñ–æ—Ä–º...

You may provide a definition with
\DeclareUnicodeCharacter 


! Package inputenc Error: Unicode character –≥ (U+0433)
(inputenc)                not set up for use with LaTeX.

See the inputenc package documentation for explanation.
Type  H <return>  for immediate help.
 ...                                              
                                                  
l.4 ...µ–Ω–∏–µ –æ—Ç–Ω–æ—Å–∏—Ç–µ–ª—å–Ω–æ –Ω–æ–≤–æ–≥
                                                  –æ –º–µ—Ç–æ–¥–∞ —Ñ–æ—Ä–º–∏...

You may provide a definition with
\DeclareUnicodeCharacter 


! Package inputenc Error: Unicode character –æ (U+043E)
(inputenc)                not set up for use with LaTeX.

See the inputenc package documentation for explanation.
Type  H <return>  for immediate help.
 ...                                              
                                                  
l.4 ...Ω–∏–µ –æ—Ç–Ω–æ—Å–∏—Ç–µ–ª—å–Ω–æ –Ω–æ–≤–æ–≥–æ
                                                   –º–µ—Ç–æ–¥–∞ —Ñ–æ—Ä–º–∏—Ä...

You may provide a definition with
\DeclareUnicodeCharacter 


! Package inputenc Error: Unicode character –º (U+043C)
(inputenc)                not set up for use with LaTeX.

See the inputenc package documentation for explanation.
Type  H <return>  for immediate help.
 ...                                              
                                                  
l.4 ...–µ –æ—Ç–Ω–æ—Å–∏—Ç–µ–ª—å–Ω–æ –Ω–æ–≤–æ–≥–æ –º
                                                  –µ—Ç–æ–¥–∞ —Ñ–æ—Ä–º–∏—Ä–æ–...

You may provide a definition with
\DeclareUnicodeCharacter 


! Package inputenc Error: Unicode character –µ (U+0435)
(inputenc)                not set up for use with LaTeX.

See the inputenc package documentation for explanation.
Type  H <return>  for immediate help.
 ...                                              
                                                  
l.4 ... –æ—Ç–Ω–æ—Å–∏—Ç–µ–ª—å–Ω–æ –Ω–æ–≤–æ–≥–æ –º–µ
                                                  —Ç–æ–¥–∞ —Ñ–æ—Ä–º–∏—Ä–æ–≤–...

You may provide a definition with
\DeclareUnicodeCharacter 


! Package inputenc Error: Unicode character —Ç (U+0442)
(inputenc)                not set up for use with LaTeX.

See the inputenc package documentation for explanation.
Type  H <return>  for immediate help.
 ...                                              
                                                  
l.4 ...æ—Ç–Ω–æ—Å–∏—Ç–µ–ª—å–Ω–æ –Ω–æ–≤–æ–≥–æ –º–µ—Ç
                                                  –æ–¥–∞ —Ñ–æ—Ä–º–∏—Ä–æ–≤–∞–...

You may provide a definition with
\DeclareUnicodeCharacter 


! Package inputenc Error: Unicode character –æ (U+043E)
(inputenc)                not set up for use with LaTeX.

See the inputenc package documentation for explanation.
Type  H <return>  for immediate help.
 ...                                              
                                                  
l.4 ...Ç–Ω–æ—Å–∏—Ç–µ–ª—å–Ω–æ –Ω–æ–≤–æ–≥–æ –º–µ—Ç–æ
                                                  –¥–∞ —Ñ–æ—Ä–º–∏—Ä–æ–≤–∞–Ω–...

You may provide a definition with
\DeclareUnicodeCharacter 


! Package inputenc Error: Unicode character –¥ (U+0434)
(inputenc)                not set up for use with LaTeX.

See the inputenc package documentation for explanation.
Type  H <return>  for immediate help.
 ...                                              
                                                  
l.4 ...Ω–æ—Å–∏—Ç–µ–ª—å–Ω–æ –Ω–æ–≤–æ–≥–æ –º–µ—Ç–æ–¥
                                                  –∞ —Ñ–æ—Ä–º–∏—Ä–æ–≤–∞–Ω–∏—...

You may provide a definition with
\DeclareUnicodeCharacter 


! Package inputenc Error: Unicode character –∞ (U+0430)
(inputenc)                not set up for use with LaTeX.

See the inputenc package documentation for explanation.
Type  H <return>  for immediate help.
 ...                                              
                                                  
l.4 ...æ—Å–∏—Ç–µ–ª—å–Ω–æ –Ω–æ–≤–æ–≥–æ –º–µ—Ç–æ–¥–∞
                                                   —Ñ–æ—Ä–º–∏—Ä–æ–≤–∞–Ω–∏—è ...

You may provide a definition with
\DeclareUnicodeCharacter 


! Package inputenc Error: Unicode character —Ñ (U+0444)
(inputenc)                not set up for use with LaTeX.

See the inputenc package documentation for explanation.
Type  H <return>  for immediate help.
 ...                                              
                                                  
l.4 ...–∏—Ç–µ–ª—å–Ω–æ –Ω–æ–≤–æ–≥–æ –º–µ—Ç–æ–¥–∞ —Ñ
                                                  –æ—Ä–º–∏—Ä–æ–≤–∞–Ω–∏—è —Ç—...

You may provide a definition with
\DeclareUnicodeCharacter 


! Package inputenc Error: Unicode character –æ (U+043E)
(inputenc)                not set up for use with LaTeX.

See the inputenc package documentation for explanation.
Type  H <return>  for immediate help.
 ...                                              
                                                  
l.4 ...—Ç–µ–ª—å–Ω–æ –Ω–æ–≤–æ–≥–æ –º–µ—Ç–æ–¥–∞ —Ñ–æ
                                                  —Ä–º–∏—Ä–æ–≤–∞–Ω–∏—è —Ç—Ä–...

You may provide a definition with
\DeclareUnicodeCharacter 


! Package inputenc Error: Unicode character —Ä (U+0440)
(inputenc)                not set up for use with LaTeX.

See the inputenc package documentation for explanation.
Type  H <return>  for immediate help.
 ...                                              
                                                  
l.4 ...–µ–ª—å–Ω–æ –Ω–æ–≤–æ–≥–æ –º–µ—Ç–æ–¥–∞ —Ñ–æ—Ä
                                                  –º–∏—Ä–æ–≤–∞–Ω–∏—è —Ç—Ä–µ—...

You may provide a definition with
\DeclareUnicodeCharacter 


! Package inputenc Error: Unicode character –º (U+043C)
(inputenc)                not set up for use with LaTeX.

See the inputenc package documentation for explanation.
Type  H <return>  for immediate help.
 ...                                              
                                                  
l.4 ...–ª—å–Ω–æ –Ω–æ–≤–æ–≥–æ –º–µ—Ç–æ–¥–∞ —Ñ–æ—Ä–º
                                                  –∏—Ä–æ–≤–∞–Ω–∏—è —Ç—Ä–µ—Ö–...

You may provide a definition with
\DeclareUnicodeCharacter 


! Package inputenc Error: Unicode character –∏ (U+0438)
(inputenc)                not set up for use with LaTeX.

See the inputenc package documentation for explanation.
Type  H <return>  for immediate help.
 ...                                              
                                                  
l.4 ...—å–Ω–æ –Ω–æ–≤–æ–≥–æ –º–µ—Ç–æ–¥–∞ —Ñ–æ—Ä–º–∏
                                                  —Ä–æ–≤–∞–Ω–∏—è —Ç—Ä–µ—Ö–º–...

You may provide a definition with
\DeclareUnicodeCharacter 


! Package inputenc Error: Unicode character —Ä (U+0440)
(inputenc)                not set up for use with LaTeX.

See the inputenc package documentation for explanation.
Type  H <return>  for immediate help.
 ...                                              
                                                  
l.4 ...–Ω–æ –Ω–æ–≤–æ–≥–æ –º–µ—Ç–æ–¥–∞ —Ñ–æ—Ä–º–∏—Ä
                                                  –æ–≤–∞–Ω–∏—è —Ç—Ä–µ—Ö–º–µ—...

You may provide a definition with
\DeclareUnicodeCharacter 


! Package inputenc Error: Unicode character –æ (U+043E)
(inputenc)                not set up for use with LaTeX.

See the inputenc package documentation for explanation.
Type  H <return>  for immediate help.
 ...                                              
                                                  
l.4 ...–æ –Ω–æ–≤–æ–≥–æ –º–µ—Ç–æ–¥–∞ —Ñ–æ—Ä–º–∏—Ä–æ
                                                  –≤–∞–Ω–∏—è —Ç—Ä–µ—Ö–º–µ—Ä–...

You may provide a definition with
\DeclareUnicodeCharacter 


! Package inputenc Error: Unicode character –≤ (U+0432)
(inputenc)                not set up for use with LaTeX.

See the inputenc package documentation for explanation.
Type  H <return>  for immediate help.
 ...                                              
                                                  
l.4 ... –Ω–æ–≤–æ–≥–æ –º–µ—Ç–æ–¥–∞ —Ñ–æ—Ä–º–∏—Ä–æ–≤
                                                  –∞–Ω–∏—è —Ç—Ä–µ—Ö–º–µ—Ä–Ω—...

You may provide a definition with
\DeclareUnicodeCharacter 


! Package inputenc Error: Unicode character –∞ (U+0430)
(inputenc)                not set up for use with LaTeX.

See the inputenc package documentation for explanation.
Type  H <return>  for immediate help.
 ...                                              
                                                  
l.4 ...Ω–æ–≤–æ–≥–æ –º–µ—Ç–æ–¥–∞ —Ñ–æ—Ä–º–∏—Ä–æ–≤–∞
                                                  –Ω–∏—è —Ç—Ä–µ—Ö–º–µ—Ä–Ω—ã—...

You may provide a definition with
\DeclareUnicodeCharacter 


! Package inputenc Error: Unicode character –Ω (U+043D)
(inputenc)                not set up for use with LaTeX.

See the inputenc package documentation for explanation.
Type  H <return>  for immediate help.
 ...                                              
                                                  
l.4 ...æ–≤–æ–≥–æ –º–µ—Ç–æ–¥–∞ —Ñ–æ—Ä–º–∏—Ä–æ–≤–∞–Ω
                                                  –∏—è —Ç—Ä–µ—Ö–º–µ—Ä–Ω—ã—Ö ...

You may provide a definition with
\DeclareUnicodeCharacter 


! Package inputenc Error: Unicode character –∏ (U+0438)
(inputenc)                not set up for use with LaTeX.

See the inputenc package documentation for explanation.
Type  H <return>  for immediate help.
 ...                                              
                                                  
l.4 ...≤–æ–≥–æ –º–µ—Ç–æ–¥–∞ —Ñ–æ—Ä–º–∏—Ä–æ–≤–∞–Ω–∏
                                                  —è —Ç—Ä–µ—Ö–º–µ—Ä–Ω—ã—Ö –º...

You may provide a definition with
\DeclareUnicodeCharacter 


! Package inputenc Error: Unicode character —è (U+044F)
(inputenc)                not set up for use with LaTeX.

See the inputenc package documentation for explanation.
Type  H <return>  for immediate help.
 ...                                              
                                                  
l.4 ...æ–≥–æ –º–µ—Ç–æ–¥–∞ —Ñ–æ—Ä–º–∏—Ä–æ–≤–∞–Ω–∏—è
                                                   —Ç—Ä–µ—Ö–º–µ—Ä–Ω—ã—Ö –º–∏...

You may provide a definition with
\DeclareUnicodeCharacter 


! Package inputenc Error: Unicode character —Ç (U+0442)
(inputenc)                not set up for use with LaTeX.

See the inputenc package documentation for explanation.
Type  H <return>  for immediate help.
 ...                                              
                                                  
l.4 ...–æ –º–µ—Ç–æ–¥–∞ —Ñ–æ—Ä–º–∏—Ä–æ–≤–∞–Ω–∏—è —Ç
                                                  —Ä–µ—Ö–º–µ—Ä–Ω—ã—Ö –º–∏–∫—...

You may provide a definition with
\DeclareUnicodeCharacter 


! Package inputenc Error: Unicode character —Ä (U+0440)
(inputenc)                not set up for use with LaTeX.

See the inputenc package documentation for explanation.
Type  H <return>  for immediate help.
 ...                                              
                                                  
l.4 ... –º–µ—Ç–æ–¥–∞ —Ñ–æ—Ä–º–∏—Ä–æ–≤–∞–Ω–∏—è —Ç—Ä
                                                  –µ—Ö–º–µ—Ä–Ω—ã—Ö –º–∏–∫—Ä–...

You may provide a definition with
\DeclareUnicodeCharacter 


! Package inputenc Error: Unicode character –µ (U+0435)
(inputenc)                not set up for use with LaTeX.

See the inputenc package documentation for explanation.
Type  H <return>  for immediate help.
 ...                                              
                                                  
l.4 ...º–µ—Ç–æ–¥–∞ —Ñ–æ—Ä–º–∏—Ä–æ–≤–∞–Ω–∏—è —Ç—Ä–µ
                                                  —Ö–º–µ—Ä–Ω—ã—Ö –º–∏–∫—Ä–æ-...
(That makes 100 errors; please try again.) 
Here is how much of TeX's memory you used:
 44 strings out of 480608
 745 string characters out of 5903630
 239610 words of memory out of 5000000
 16036 multiletter control sequences out of 15000+600000
 532338 words of font info for 24 fonts, out of 8000000 for 9000
 1141 hyphenation exceptions out of 8191
 12i,0n,15p,354b,28s stack positions out of 5000i,500n,10000p,200000b,80000s

!  ==> Fatal error occurred, no output PDF file produced!
