This is pdfTeX, Version 3.14159265-2.6-1.40.21 (TeX Live 2020) (preloaded format=pdflatex 2020.9.18)  5 AUG 2023 05:14
entering extended mode
 restricted \write18 enabled.
 %&-line parsing enabled.
**main_IOP.tex
(./main_IOP.tex
LaTeX2e <2020-02-02> patch level 5
L3 programming layer <2020-03-06> (./iopart.cls
Document Class: iopart 1996/06/10 v0.0 IOP Journals LaTeX article class
(./iopart12.clo
File: iopart12.clo 1997/01/15 v1.0 LaTeX2e file (size option)
)
\c@jnl=\count167
\c@section=\count168
\c@subsection=\count169
\c@subsubsection=\count170
\c@paragraph=\count171
\c@subparagraph=\count172
\c@figure=\count173
\c@table=\count174
\abovecaptionskip=\skip47
\belowcaptionskip=\skip48
\indentedwidth=\skip49
\mathindent=\dimen134
\c@eqnval=\count175
)
(/usr/local/texlive/2020/texmf-dist/tex/latex/graphics/graphicx.sty
Package: graphicx 2019/11/30 v1.2a Enhanced LaTeX Graphics (DPC,SPQR)

(/usr/local/texlive/2020/texmf-dist/tex/latex/graphics/keyval.sty
Package: keyval 2014/10/28 v1.15 key=value parser (DPC)
\KV@toks@=\toks15
)
(/usr/local/texlive/2020/texmf-dist/tex/latex/graphics/graphics.sty
Package: graphics 2019/11/30 v1.4a Standard LaTeX Graphics (DPC,SPQR)

(/usr/local/texlive/2020/texmf-dist/tex/latex/graphics/trig.sty
Package: trig 2016/01/03 v1.10 sin cos tan (DPC)
)
(/usr/local/texlive/2020/texmf-dist/tex/latex/graphics-cfg/graphics.cfg
File: graphics.cfg 2016/06/04 v1.11 sample graphics configuration
)
Package graphics Info: Driver file: pdftex.def on input line 105.

(/usr/local/texlive/2020/texmf-dist/tex/latex/graphics-def/pdftex.def
File: pdftex.def 2018/01/08 v1.0l Graphics/color driver for pdftex
))
\Gin@req@height=\dimen135
\Gin@req@width=\dimen136
)
(./setstack.sty
Package: setstack 
\uproot@=\count176
\leftroot@=\count177
) (./citesort.sty
\@minsofar=\count178
\@min=\count179
\@cite@temp=\count180
)
(/usr/local/texlive/2020/texmf-dist/tex/latex/l3backend/l3backend-pdfmode.def
File: l3backend-pdfmode.def 2020-03-12 L3 backend support: PDF mode
\l__kernel_color_stack_int=\count181
\l__pdf_internal_box=\box45
)
(./main_IOP.aux)
\openout1 = `main_IOP.aux'.

LaTeX Font Info:    Checking defaults for OML/cmm/m/it on input line 9.
LaTeX Font Info:    ... okay on input line 9.
LaTeX Font Info:    Checking defaults for OMS/cmsy/m/n on input line 9.
LaTeX Font Info:    ... okay on input line 9.
LaTeX Font Info:    Checking defaults for OT1/cmr/m/n on input line 9.
LaTeX Font Info:    ... okay on input line 9.
LaTeX Font Info:    Checking defaults for T1/cmr/m/n on input line 9.
LaTeX Font Info:    ... okay on input line 9.
LaTeX Font Info:    Checking defaults for TS1/cmr/m/n on input line 9.
LaTeX Font Info:    ... okay on input line 9.
LaTeX Font Info:    Checking defaults for OMX/cmex/m/n on input line 9.
LaTeX Font Info:    ... okay on input line 9.
LaTeX Font Info:    Checking defaults for U/cmr/m/n on input line 9.
LaTeX Font Info:    ... okay on input line 9.

(/usr/local/texlive/2020/texmf-dist/tex/context/base/mkii/supp-pdf.mkii
[Loading MPS to PDF converter (version 2006.09.02).]
\scratchcounter=\count182
\scratchdimen=\dimen137
\scratchbox=\box46
\nofMPsegments=\count183
\nofMParguments=\count184
\everyMPshowfont=\toks16
\MPscratchCnt=\count185
\MPscratchDim=\dimen138
\MPnumerator=\count186
\makeMPintoPDFobject=\count187
\everyMPtoPDFconversion=\toks17
) (/usr/local/texlive/2020/texmf-dist/tex/latex/epstopdf-pkg/epstopdf-base.sty
Package: epstopdf-base 2020-01-24 v2.11 Base part for package epstopdf
Package epstopdf-base Info: Redefining graphics rule for `.eps' on input line 4
85.

(/usr/local/texlive/2020/texmf-dist/tex/latex/latexconfig/epstopdf-sys.cfg
File: epstopdf-sys.cfg 2010/07/13 v1.3 Configuration of (r)epstopdf for TeX Liv
e
))
(./introduction.tex [1

{/usr/local/texlive/2020/texmf-var/fonts/map/pdftex/updmap/pdftex.map}]
LaTeX Font Info:    External font `cmex10' loaded for size
(Font)              <12> on input line 13.
LaTeX Font Info:    External font `cmex10' loaded for size
(Font)              <8> on input line 13.
LaTeX Font Info:    External font `cmex10' loaded for size
(Font)              <6> on input line 13.
<./figures/eta_vary_T_Mn.jpg, id=12, 300.04095pt x 219.33945pt>
File: ./figures/eta_vary_T_Mn.jpg Graphic file (type jpg)
<use ./figures/eta_vary_T_Mn.jpg>
Package pdftex.def Info: ./figures/eta_vary_T_Mn.jpg  used on input line 39.
(pdftex.def)             Requested size: 267.8427pt x 195.80722pt.
 [2]
<./figures/Fig_2.jpg, id=22, 2988.16376pt x 897.3525pt>
File: ./figures/Fig_2.jpg Graphic file (type jpg)
<use ./figures/Fig_2.jpg>
Package pdftex.def Info: ./figures/Fig_2.jpg  used on input line 83.
(pdftex.def)             Requested size: 446.39996pt x 134.04936pt.
LaTeX Font Info:    External font `cmex10' loaded for size
(Font)              <7> on input line 84.
LaTeX Font Info:    External font `cmex10' loaded for size
(Font)              <5> on input line 84.
 [3 <./figures/eta_vary_T_Mn.jpg>]) (./viscosity_profile.tex
[4 <./figures/Fig_2.jpg>]
<./figures/sci_conc_1uC_cm_LOG.jpg, id=31, 531.6663pt x 238.37054pt>
File: ./figures/sci_conc_1uC_cm_LOG.jpg Graphic file (type jpg)
<use ./figures/sci_conc_1uC_cm_LOG.jpg>
Package pdftex.def Info: ./figures/sci_conc_1uC_cm_LOG.jpg  used on input line 
22.
(pdftex.def)             Requested size: 357.12132pt x 160.11479pt.
 [5 <./figures/sci_conc_1uC_cm_LOG.jpg>]
<./figures/Mn_prime_mat_easy_1_nC_cm_LOG.jpg, id=36, 531.6663pt x 236.5638pt>
File: ./figures/Mn_prime_mat_easy_1_nC_cm_LOG.jpg Graphic file (type jpg)
<use ./figures/Mn_prime_mat_easy_1_nC_cm_LOG.jpg>
Package pdftex.def Info: ./figures/Mn_prime_mat_easy_1_nC_cm_LOG.jpg  used on i
nput line 46.
(pdftex.def)             Requested size: 357.12132pt x 158.90118pt.
<./figures/eta_arr_1_nC_cm_120C_LOG.jpg, id=37, 315.69945pt x 236.20245pt>
File: ./figures/eta_arr_1_nC_cm_120C_LOG.jpg Graphic file (type jpg)
<use ./figures/eta_arr_1_nC_cm_120C_LOG.jpg>
Package pdftex.def Info: ./figures/eta_arr_1_nC_cm_120C_LOG.jpg  used on input 
line 59.
(pdftex.def)             Requested size: 267.8427pt x 200.4018pt.
)
(./vertex_mobilities.tex [6 <./figures/Mn_prime_mat_easy_1_nC_cm_LOG.jpg>]
<./figures/gratings_reflow.jpg, id=41, 590.6868pt x 476.5002pt>
File: ./figures/gratings_reflow.jpg Graphic file (type jpg)
<use ./figures/gratings_reflow.jpg>
Package pdftex.def Info: ./figures/gratings_reflow.jpg  used on input line 28.
(pdftex.def)             Requested size: 446.39996pt x 360.12262pt.


LaTeX Warning: `h' float specifier changed to `ht'.

<./figures/alphas.jpg, id=42, 638.26456pt x 476.5002pt>
File: ./figures/alphas.jpg Graphic file (type jpg)
<use ./figures/alphas.jpg>
Package pdftex.def Info: ./figures/alphas.jpg  used on input line 35.
(pdftex.def)             Requested size: 446.39996pt x 333.2643pt.

LaTeX Warning: `h' float specifier changed to `ht'.

<./figures/С_gamma.jpg, id=43, 306.78615pt x 224.63925pt>
File: ./figures/С_gamma.jpg Graphic file (type jpg)
<use ./figures/С_gamma.jpg>
Package pdftex.def Info: ./figures/С_gamma.jpg  used on input line 42.
(pdftex.def)             Requested size: 267.8427pt x 196.12352pt.
[7 <./figures/eta_arr_1_nC_cm_120C_LOG.jpg>]
<./figures/mob_arr_1_nC_cm_120C_LOG.jpg, id=48, 324.0105pt x 236.20245pt>
File: ./figures/mob_arr_1_nC_cm_120C_LOG.jpg Graphic file (type jpg)
<use ./figures/mob_arr_1_nC_cm_120C_LOG.jpg>
Package pdftex.def Info: ./figures/mob_arr_1_nC_cm_120C_LOG.jpg  used on input 
line 70.
(pdftex.def)             Requested size: 267.8427pt x 195.25867pt.


LaTeX Warning: `h' float specifier changed to `ht'.

) (./discussion_conclusion_ack.tex [8 <./figures/gratings_reflow.jpg>] [9 <./fi
gures/alphas.jpg> <./figures/С_gamma.jpg>] [10 <./figures/mob_arr_1_nC_cm_120C
_LOG.jpg>]) (./main_IOP.bbl
Underfull \hbox (badness 6493) in paragraph at lines 24--28
[]\OT1/cmr/m/n/10 Leveder T, Rognin E, Lan-dis S and Davoust L 2011 \OT1/cmr/m/
it/10 Mi-cro-elec-tronic En-gi-neer-ing
 []


Underfull \hbox (badness 6542) in paragraph at lines 24--28
\OT1/cmr/bx/n/10 88 \OT1/cmr/m/n/10 1867--1870 ISSN 01679317 URL \OT1/cmtt/m/n/
10 http://dx.doi.org/10.1016/j.mee.2011.01.078
 []


Underfull \hbox (badness 10000) in paragraph at lines 37--39
[]\OT1/cmr/m/n/10 Bueche F 1955 \OT1/cmr/m/it/10 Jour-nal of Ap-plied Physics \
OT1/cmr/bx/n/10 26 \OT1/cmr/m/n/10 738--749 ISSN 0021-8979 URL
 []

[11]
Underfull \hbox (badness 10000) in paragraph at lines 41--44
[]\OT1/cmr/m/n/10 Brakke K A 1992 \OT1/cmr/m/it/10 Ex-per-i-men-tal Math-e-mat-
ics \OT1/cmr/bx/n/10 1 \OT1/cmr/m/n/10 141--165 ISSN 1058-6458 URL
 []


Underfull \hbox (badness 2435) in paragraph at lines 46--48
[]\OT1/cmr/m/n/10 Phelan R, Weaire D and Brakke K 1995 \OT1/cmr/m/it/10 Experim
ental Mathematics \OT1/cmr/bx/n/10 4 \OT1/cmr/m/n/10 181--192 URL
 []


Underfull \hbox (badness 10000) in paragraph at lines 50--53
[]\OT1/cmr/m/n/10 Jamali M and Tafreshi H V 2021 \OT1/cmr/m/it/10 Col-loids and
 Sur-faces A: Physic-o-
 []


Underfull \hbox (badness 10000) in paragraph at lines 50--53
\OT1/cmr/m/it/10 chem-i-cal and En-gi-neer-ing As-pects \OT1/cmr/bx/n/10 629 \O
T1/cmr/m/n/10 127418 ISSN 0927-7757 URL
 []

) [12] (./main_IOP.aux) ) 
Here is how much of TeX's memory you used:
 1630 strings out of 480608
 21630 string characters out of 5903630
 265915 words of memory out of 5000000
 17537 multiletter control sequences out of 15000+600000
 537156 words of font info for 40 fonts, out of 8000000 for 9000
 1141 hyphenation exceptions out of 8191
 30i,10n,29p,633b,383s stack positions out of 5000i,500n,10000p,200000b,80000s
</usr/local/texlive/2020/texmf-dist/fonts/type1/public
/amsfonts/cm/cmbx10.pfb></usr/local/texlive/2020/texmf-dist/fonts/type1/public/
amsfonts/cm/cmbx12.pfb></usr/local/texlive/2020/texmf-dist/fonts/type1/public/a
msfonts/cm/cmex10.pfb></usr/local/texlive/2020/texmf-dist/fonts/type1/public/am
sfonts/cm/cmmi10.pfb></usr/local/texlive/2020/texmf-dist/fonts/type1/public/ams
fonts/cm/cmmi12.pfb></usr/local/texlive/2020/texmf-dist/fonts/type1/public/amsf
onts/cm/cmmi8.pfb></usr/local/texlive/2020/texmf-dist/fonts/type1/public/amsfon
ts/cm/cmr10.pfb></usr/local/texlive/2020/texmf-dist/fonts/type1/public/amsfonts
/cm/cmr12.pfb></usr/local/texlive/2020/texmf-dist/fonts/type1/public/amsfonts/c
m/cmr6.pfb></usr/local/texlive/2020/texmf-dist/fonts/type1/public/amsfonts/cm/c
mr8.pfb></usr/local/texlive/2020/texmf-dist/fonts/type1/public/amsfonts/cm/cmsy
10.pfb></usr/local/texlive/2020/texmf-dist/fonts/type1/public/amsfonts/cm/cmsy7
.pfb></usr/local/texlive/2020/texmf-dist/fonts/type1/public/amsfonts/cm/cmsy8.p
fb></usr/local/texlive/2020/texmf-dist/fonts/type1/public/amsfonts/cm/cmti10.pf
b></usr/local/texlive/2020/texmf-dist/fonts/type1/public/amsfonts/cm/cmti12.pfb
></usr/local/texlive/2020/texmf-dist/fonts/type1/public/amsfonts/cm/cmtt10.pfb>

Output written on main_IOP.pdf (12 pages, 5760512 bytes).
PDF statistics:
 116 PDF objects out of 1000 (max. 8388607)
 76 compressed objects within 1 object stream
 0 named destinations out of 1000 (max. 500000)
 46 words of extra memory for PDF output out of 10000 (max. 10000000)

